<?xml version="1.0" encoding="UTF-8"?>
<robot generator="Robot 7.3.2 (Python 3.13.5 on darwin)" generated="2025-08-01T02:26:50.584136" rpa="false" schemaversion="5">
<suite id="s1" name="Add Item To Cart" source="/Users/thanhht/Documents/Work/Robot_Framework_Mobile/Tests/iOS/Add_Item_To_Cart.robot">
<test id="s1-t1" name="Open app and verify app opened" line="10">
<kw name="Open iOS simulator" owner="hooks">
<kw name="Open Application" owner="AppiumLibrary">
<arg>${iOS_remote_url}</arg>
<arg>automationName=${iOS_automationName}</arg>
<arg>platformName=${iOS_platformName}</arg>
<arg>deviceName=${iOS_deviceName}</arg>
<arg>platformVersion=${iOS_platformVersion}</arg>
<arg>udid=${iOS_udid}</arg>
<arg>app=${iOS_app}</arg>
<doc>Opens a new application to given Appium server.
Capabilities of appium server, Android and iOS,
Please check https://appium.io/docs/en/2.19/guides/caps/
| *Option*            | *Man.* | *Description*     |
| remote_url          | Yes    | Appium server url |
| alias               | No     | alias             |</doc>
<status status="PASS" start="2025-08-01T02:26:50.678021" elapsed="12.631379"/>
</kw>
<status status="PASS" start="2025-08-01T02:26:50.677564" elapsed="12.632413"/>
</kw>
<status status="PASS" start="2025-08-01T02:26:50.676867" elapsed="12.633624"/>
</test>
<status status="PASS" start="2025-08-01T02:26:50.587609" elapsed="12.723921"/>
</suite>
<statistics>
<total>
<stat pass="1" fail="0" skip="0">All Tests</stat>
</total>
<tag>
</tag>
<suite>
<stat name="Add Item To Cart" id="s1" pass="1" fail="0" skip="0">Add Item To Cart</stat>
</suite>
</statistics>
<errors>
</errors>
</robot>
