<?xml version="1.0" encoding="UTF-8"?>
<robot generator="Robot 7.3.2 (Python 3.13.5 on darwin)" generated="2025-08-04T13:45:08.792867" rpa="false" schemaversion="5">
<suite id="s1" name="iOS" source="/Users/thanhht/Documents/Work/Robot_Framework_Mobile/Tests/iOS">
<suite id="s1-s1" name="Login" source="/Users/thanhht/Documents/Work/Robot_Framework_Mobile/Tests/iOS/Login.robot">
<test id="s1-s1-t1" name="Open app and verify app opened" line="8">
<kw name="Load Login Credentials" owner="LoginScreen">
<kw name="Get Account Credentials" owner="ReadJsonFile">
<kw name="File Should Exist" owner="OperatingSystem">
<msg time="2025-08-04T13:45:08.926762" level="INFO" html="true">File '&lt;a href="file:///Users/thanhht/Documents/Work/Robot_Framework_Mobile/Resources/PageObject/TestData/Account.json"&gt;/Users/thanhht/Documents/Work/Robot_Framework_Mobile/Resources/PageObject/TestData/Account.json&lt;/a&gt;' exists.</msg>
<arg>${AccountList}</arg>
<doc>Fails unless the given ``path`` points to an existing file.</doc>
<status status="PASS" start="2025-08-04T13:45:08.926676" elapsed="0.000117"/>
</kw>
<kw name="Get File" owner="OperatingSystem">
<msg time="2025-08-04T13:45:08.926903" level="INFO" html="true">Getting file '&lt;a href="file:///Users/thanhht/Documents/Work/Robot_Framework_Mobile/Resources/PageObject/TestData/Account.json"&gt;/Users/thanhht/Documents/Work/Robot_Framework_Mobile/Resources/PageObject/TestData/Account.json&lt;/a&gt;'.</msg>
<msg time="2025-08-04T13:45:08.927190" level="INFO">${json_text} = {
    "HK": {
        "Register_Account": [
            {
                "0000055": {
                    "phoneNumber": "0000055",
                    "password": "Phillip1"
                }
      ...</msg>
<var>${json_text}</var>
<arg>${AccountList}</arg>
<doc>Returns the contents of a specified file.</doc>
<status status="PASS" start="2025-08-04T13:45:08.926844" elapsed="0.000358"/>
</kw>
<kw name="Evaluate" owner="BuiltIn">
<msg time="2025-08-04T13:45:08.927363" level="INFO">${account_json} = {'HK': {'Register_Account': [{'0000055': {'phoneNumber': '0000055', 'password': 'Phillip1'}}], 'Account_Holder': []}}</msg>
<var>${account_json}</var>
<arg>json.loads('''${json_text}''')</arg>
<arg>json</arg>
<doc>Evaluates the given expression in Python and returns the result.</doc>
<status status="PASS" start="2025-08-04T13:45:08.927248" elapsed="0.000125"/>
</kw>
<kw name="Get From Dictionary" owner="Collections">
<msg time="2025-08-04T13:45:08.927648" level="INFO">${accounts} = [{'0000055': {'phoneNumber': '0000055', 'password': 'Phillip1'}}]</msg>
<var>${accounts}</var>
<arg>${account_json['HK']}</arg>
<arg>Register_Account</arg>
<doc>Returns a value from the given ``dictionary`` based on the given ``key``.</doc>
<status status="PASS" start="2025-08-04T13:45:08.927413" elapsed="0.000245"/>
</kw>
<for flavor="IN">
<iter>
<kw name="Run Keyword And Return Status" owner="BuiltIn">
<kw name="Dictionary Should Contain Key" owner="Collections">
<arg>${item}</arg>
<arg>${account_name}</arg>
<doc>Fails if ``key`` is not found from ``dictionary``.</doc>
<status status="PASS" start="2025-08-04T13:45:08.927850" elapsed="0.000056"/>
</kw>
<msg time="2025-08-04T13:45:08.927936" level="INFO">${has_key} = True</msg>
<var>${has_key}</var>
<arg>Dictionary Should Contain Key</arg>
<arg>${item}</arg>
<arg>${account_name}</arg>
<doc>Runs the given keyword with given arguments and returns the status as a Boolean value.</doc>
<status status="PASS" start="2025-08-04T13:45:08.927800" elapsed="0.000144"/>
</kw>
<if>
<branch type="IF" condition="${has_key}">
<kw name="Get From Dictionary" owner="Collections">
<msg time="2025-08-04T13:45:08.928083" level="INFO">${account_data} = {'phoneNumber': '0000055', 'password': 'Phillip1'}</msg>
<var>${account_data}</var>
<arg>${item}</arg>
<arg>${account_name}</arg>
<doc>Returns a value from the given ``dictionary`` based on the given ``key``.</doc>
<status status="PASS" start="2025-08-04T13:45:08.928025" elapsed="0.000067"/>
</kw>
<kw name="Get From Dictionary" owner="Collections">
<msg time="2025-08-04T13:45:08.928172" level="INFO">${phone} = 0000055</msg>
<var>${phone}</var>
<arg>${account_data}</arg>
<arg>phoneNumber</arg>
<doc>Returns a value from the given ``dictionary`` based on the given ``key``.</doc>
<status status="PASS" start="2025-08-04T13:45:08.928126" elapsed="0.000053"/>
</kw>
<kw name="Get From Dictionary" owner="Collections">
<msg time="2025-08-04T13:45:08.928255" level="INFO">${password} = Phillip1</msg>
<var>${password}</var>
<arg>${account_data}</arg>
<arg>password</arg>
<doc>Returns a value from the given ``dictionary`` based on the given ``key``.</doc>
<status status="PASS" start="2025-08-04T13:45:08.928211" elapsed="0.000051"/>
</kw>
<return>
<value>${phone}</value>
<value>${password}</value>
<status status="PASS" start="2025-08-04T13:45:08.928278" elapsed="0.000018"/>
</return>
<status status="PASS" start="2025-08-04T13:45:08.927975" elapsed="0.000335"/>
</branch>
<status status="PASS" start="2025-08-04T13:45:08.927966" elapsed="0.000354"/>
</if>
<var name="${item}">{'0000055': {'phoneNumber': '0000055', 'password': 'Phillip1'}}</var>
<status status="PASS" start="2025-08-04T13:45:08.927762" elapsed="0.000569"/>
</iter>
<var>${item}</var>
<value>@{accounts}</value>
<status status="PASS" start="2025-08-04T13:45:08.927684" elapsed="0.000658"/>
</for>
<kw name="Fail" owner="BuiltIn">
<arg>Account '${account_name}' not found in Account List</arg>
<doc>Fails the test with the given message and optionally alters its tags.</doc>
<status status="NOT RUN" start="2025-08-04T13:45:08.928375" elapsed="0.000007"/>
</kw>
<msg time="2025-08-04T13:45:08.928440" level="INFO">${phoneNumber} = 0000055</msg>
<msg time="2025-08-04T13:45:08.928453" level="INFO">${password} = Phillip1</msg>
<var>${phoneNumber}</var>
<var>${password}</var>
<arg>0000055</arg>
<status status="PASS" start="2025-08-04T13:45:08.926369" elapsed="0.002091"/>
</kw>
<kw name="Set Suite Variable" owner="BuiltIn">
<msg time="2025-08-04T13:45:08.928557" level="INFO">${phoneNumber} = 0000055</msg>
<arg>${phoneNumber}</arg>
<doc>Makes a variable available everywhere within the scope of the current suite.</doc>
<status status="PASS" start="2025-08-04T13:45:08.928499" elapsed="0.000071"/>
</kw>
<kw name="Set Suite Variable" owner="BuiltIn">
<msg time="2025-08-04T13:45:08.928656" level="INFO">${password} = Phillip1</msg>
<arg>${password}</arg>
<doc>Makes a variable available everywhere within the scope of the current suite.</doc>
<status status="PASS" start="2025-08-04T13:45:08.928604" elapsed="0.000063"/>
</kw>
<status status="PASS" start="2025-08-04T13:45:08.926179" elapsed="0.002506"/>
</kw>
<kw name="Open iOS simulator" owner="hooks">
<kw name="Read iOS Config" owner="ReadJsonFile">
<kw name="File Should Exist" owner="OperatingSystem">
<msg time="2025-08-04T13:45:08.929003" level="INFO" html="true">File '&lt;a href="file:///Users/thanhht/Documents/Work/Robot_Framework_Mobile/Resources/PageObject/TestData/Environment.json"&gt;/Users/thanhht/Documents/Work/Robot_Framework_Mobile/Resources/PageObject/TestData/Environment.json&lt;/a&gt;' exists.</msg>
<arg>${Evn}</arg>
<doc>Fails unless the given ``path`` points to an existing file.</doc>
<status status="PASS" start="2025-08-04T13:45:08.928941" elapsed="0.000081"/>
</kw>
<kw name="Get File" owner="OperatingSystem">
<msg time="2025-08-04T13:45:08.929110" level="INFO" html="true">Getting file '&lt;a href="file:///Users/thanhht/Documents/Work/Robot_Framework_Mobile/Resources/PageObject/TestData/Environment.json"&gt;/Users/thanhht/Documents/Work/Robot_Framework_Mobile/Resources/PageObject/TestData/Environment.json&lt;/a&gt;'.</msg>
<msg time="2025-08-04T13:45:08.929369" level="INFO">${json_text} = {
    "Android_Emulator": {
        "remote_url": "http://127.0.0.1:4723",
        "automationName": "UiAutomator2",
        "deviceName": "emulator-5554",
        "platformName": "Android",
        "...</msg>
<var>${json_text}</var>
<arg>${Evn}</arg>
<doc>Returns the contents of a specified file.</doc>
<status status="PASS" start="2025-08-04T13:45:08.929058" elapsed="0.000319"/>
</kw>
<kw name="Evaluate" owner="BuiltIn">
<msg time="2025-08-04T13:45:08.929602" level="INFO">${iOS_evn} = {'Android_Emulator': {'remote_url': 'http://127.0.0.1:4723', 'automationName': 'UiAutomator2', 'deviceName': 'emulator-5554', 'platformName': 'Android', 'platformVersion': '16', 'appPackage': 'com.tdt...</msg>
<var>${iOS_evn}</var>
<arg>json.loads('''${json_text}''')</arg>
<arg>json</arg>
<doc>Evaluates the given expression in Python and returns the result.</doc>
<status status="PASS" start="2025-08-04T13:45:08.929412" elapsed="0.000200"/>
</kw>
<kw name="Get From Dictionary" owner="Collections">
<msg time="2025-08-04T13:45:08.929700" level="INFO">${iOS} = {'remote_url': 'http://127.0.0.1:4723', 'automationName': 'XCUITest', 'platformName': 'iOS', 'deviceName': 'iPhone 15 Pro Max', 'udid': '966C13C0-0DB0-4E8C-BE0E-24270641BD45', 'platformVersion': '17.5...</msg>
<var>${iOS}</var>
<arg>${iOS_evn}</arg>
<arg>iOS_Emulator</arg>
<doc>Returns a value from the given ``dictionary`` based on the given ``key``.</doc>
<status status="PASS" start="2025-08-04T13:45:08.929649" elapsed="0.000060"/>
</kw>
<kw name="Get From Dictionary" owner="Collections">
<msg time="2025-08-04T13:45:08.929790" level="INFO">${remote_url} = http://127.0.0.1:4723</msg>
<var>${remote_url}</var>
<arg>${iOS}</arg>
<arg>remote_url</arg>
<doc>Returns a value from the given ``dictionary`` based on the given ``key``.</doc>
<status status="PASS" start="2025-08-04T13:45:08.929743" elapsed="0.000055"/>
</kw>
<kw name="Get From Dictionary" owner="Collections">
<msg time="2025-08-04T13:45:08.929880" level="INFO">${automationName} = XCUITest</msg>
<var>${automationName}</var>
<arg>${iOS}</arg>
<arg>automationName</arg>
<doc>Returns a value from the given ``dictionary`` based on the given ``key``.</doc>
<status status="PASS" start="2025-08-04T13:45:08.929833" elapsed="0.000055"/>
</kw>
<kw name="Get From Dictionary" owner="Collections">
<msg time="2025-08-04T13:45:08.929964" level="INFO">${deviceName} = iPhone 15 Pro Max</msg>
<var>${deviceName}</var>
<arg>${iOS}</arg>
<arg>deviceName</arg>
<doc>Returns a value from the given ``dictionary`` based on the given ``key``.</doc>
<status status="PASS" start="2025-08-04T13:45:08.929920" elapsed="0.000052"/>
</kw>
<kw name="Get From Dictionary" owner="Collections">
<msg time="2025-08-04T13:45:08.930051" level="INFO">${platformName} = iOS</msg>
<var>${platformName}</var>
<arg>${iOS}</arg>
<arg>platformName</arg>
<doc>Returns a value from the given ``dictionary`` based on the given ``key``.</doc>
<status status="PASS" start="2025-08-04T13:45:08.930004" elapsed="0.000055"/>
</kw>
<kw name="Get From Dictionary" owner="Collections">
<msg time="2025-08-04T13:45:08.930136" level="INFO">${platformVersion} = 17.5</msg>
<var>${platformVersion}</var>
<arg>${iOS}</arg>
<arg>platformVersion</arg>
<doc>Returns a value from the given ``dictionary`` based on the given ``key``.</doc>
<status status="PASS" start="2025-08-04T13:45:08.930092" elapsed="0.000052"/>
</kw>
<kw name="Get From Dictionary" owner="Collections">
<msg time="2025-08-04T13:45:08.930229" level="INFO">${app} = com.phillip.tdt.poems.phk.uat</msg>
<var>${app}</var>
<arg>${iOS}</arg>
<arg>app</arg>
<doc>Returns a value from the given ``dictionary`` based on the given ``key``.</doc>
<status status="PASS" start="2025-08-04T13:45:08.930176" elapsed="0.000060"/>
</kw>
<kw name="Get From Dictionary" owner="Collections">
<msg time="2025-08-04T13:45:08.930313" level="INFO">${udid} = 966C13C0-0DB0-4E8C-BE0E-24270641BD45</msg>
<var>${udid}</var>
<arg>${iOS}</arg>
<arg>udid</arg>
<doc>Returns a value from the given ``dictionary`` based on the given ``key``.</doc>
<status status="PASS" start="2025-08-04T13:45:08.930269" elapsed="0.000051"/>
</kw>
<kw name="Get From Dictionary" owner="Collections">
<msg time="2025-08-04T13:45:08.930405" level="INFO">${noReset} = false</msg>
<var>${noReset}</var>
<arg>${iOS}</arg>
<arg>noReset</arg>
<doc>Returns a value from the given ``dictionary`` based on the given ``key``.</doc>
<status status="PASS" start="2025-08-04T13:45:08.930352" elapsed="0.000060"/>
</kw>
<kw name="Get From Dictionary" owner="Collections">
<msg time="2025-08-04T13:45:08.930487" level="INFO">${useNewWDA} = true</msg>
<var>${useNewWDA}</var>
<arg>${iOS}</arg>
<arg>useNewWDA</arg>
<doc>Returns a value from the given ``dictionary`` based on the given ``key``.</doc>
<status status="PASS" start="2025-08-04T13:45:08.930443" elapsed="0.000052"/>
</kw>
<kw name="Create Dictionary" owner="BuiltIn">
<msg time="2025-08-04T13:45:08.930741" level="INFO">${iOS_Desired_Capabilities} = {'remote_url': 'http://127.0.0.1:4723', 'automationName': 'XCUITest', 'deviceName': 'iPhone 15 Pro Max', 'platformName': 'iOS', 'platformVersion': '17.5', 'app': 'com.phillip.tdt.poems.phk.uat', 'udid...</msg>
<var>${iOS_Desired_Capabilities}</var>
<arg>remote_url=${remote_url}</arg>
<arg>automationName=${automationName}</arg>
<arg>deviceName=${deviceName}</arg>
<arg>platformName=${platformName}</arg>
<arg>platformVersion=${platformVersion}</arg>
<arg>app=${app}</arg>
<arg>udid=${udid}</arg>
<arg>noReset=${noReset}</arg>
<arg>useNewWDA=${useNewWDA}</arg>
<doc>Creates and returns a dictionary based on the given ``items``.</doc>
<status status="PASS" start="2025-08-04T13:45:08.930530" elapsed="0.000221"/>
</kw>
<return>
<value>${iOS_Desired_Capabilities}</value>
<status status="PASS" start="2025-08-04T13:45:08.930775" elapsed="0.000014"/>
</return>
<msg time="2025-08-04T13:45:08.930836" level="INFO">${iOS_caps} = {'remote_url': 'http://127.0.0.1:4723', 'automationName': 'XCUITest', 'deviceName': 'iPhone 15 Pro Max', 'platformName': 'iOS', 'platformVersion': '17.5', 'app': 'com.phillip.tdt.poems.phk.uat', 'udid...</msg>
<var>${iOS_caps}</var>
<doc>Reads and return all iOS Capabilities</doc>
<status status="PASS" start="2025-08-04T13:45:08.928871" elapsed="0.001973"/>
</kw>
<kw name="Log" owner="BuiltIn">
<msg time="2025-08-04T13:45:08.930922" level="INFO">{'remote_url': 'http://127.0.0.1:4723', 'automationName': 'XCUITest', 'deviceName': 'iPhone 15 Pro Max', 'platformName': 'iOS', 'platformVersion': '17.5', 'app': 'com.phillip.tdt.poems.phk.uat', 'udid': '966C13C0-0DB0-4E8C-BE0E-24270641BD45', 'noReset': 'false', 'useNewWDA': 'true'}</msg>
<arg>${iOS_caps}</arg>
<doc>Logs the given message with the given level.</doc>
<status status="PASS" start="2025-08-04T13:45:08.930879" elapsed="0.000058"/>
</kw>
<kw name="Open Application" owner="AppiumLibrary">
<msg time="2025-08-04T13:45:08.932998" level="DEBUG">POST http://127.0.0.1:4723/session {'capabilities': {'firstMatch': [{}], 'alwaysMatch': {'appium:automationName': 'XCUITest', 'appium:deviceName': 'iPhone 15 Pro Max', 'platformName': 'iOS', 'appium:platformVersion': '17.5', 'appium:app': 'com.phillip.tdt.poems.phk.uat', 'appium:udid': '966C13C0-0DB0-4E8C-BE0E-24270641BD45', 'appium:noReset': 'false', 'appium:useNewWDA': 'true'}}}</msg>
<msg time="2025-08-04T13:45:08.933208" level="DEBUG">Starting new HTTP connection (1): 127.0.0.1:4723</msg>
<msg time="2025-08-04T13:45:16.824208" level="DEBUG">http://127.0.0.1:4723 "POST /session HTTP/1.1" 200 0</msg>
<msg time="2025-08-04T13:45:16.824448" level="DEBUG">Remote response: status=200 | data={"value":{"capabilities":{"webStorageEnabled":false,"locationContextEnabled":false,"browserName":"","platform":"MAC","javascriptEnabled":true,"databaseEnabled":false,"takesScreenshot":true,"networkConnectionEnabled":false,"platformName":"iOS","automationName":"XCUITest","deviceName":"iPhone 15 Pro Max","platformVersion":"17.5","app":"com.phillip.tdt.poems.phk.uat","udid":"966C13C0-0DB0-4E8C-BE0E-24270641BD45","noReset":false,"useNewWDA":true},"sessionId":"d9bb3939-691a-4526-9675-6bb3aa9f4586"}} | headers=HTTPHeaderDict({'X-Powered-By': 'Express', 'Vary': 'X-HTTP-Method-Override', 'Content-Type': 'application/json; charset=utf-8', 'Content-Length': '499', 'ETag': 'W/"1f3-7t9AKcMTkuDgfn2D7cgyMAUBUgo"', 'Date': 'Mon, 04 Aug 2025 06:45:16 GMT', 'Connection': 'keep-alive', 'Keep-Alive': 'timeout=600'})</msg>
<msg time="2025-08-04T13:45:16.824579" level="DEBUG">Finished Request</msg>
<msg time="2025-08-04T13:45:16.827219" level="DEBUG">Opened application with session id d9bb3939-691a-4526-9675-6bb3aa9f4586</msg>
<arg>remote_url=${iOS_caps['remote_url']}</arg>
<arg>automationName=${iOS_caps['automationName']}</arg>
<arg>deviceName=${iOS_caps['deviceName']}</arg>
<arg>platformName=${iOS_caps['platformName']}</arg>
<arg>platformVersion=${iOS_caps['platformVersion']}</arg>
<arg>app=${iOS_caps['app']}</arg>
<arg>udid=${iOS_caps['udid']}</arg>
<arg>noReset=${iOS_caps['noReset']}</arg>
<arg>useNewWDA=${iOS_caps['useNewWDA']}</arg>
<doc>Opens a new application to given Appium server.
Capabilities of appium server, Android and iOS,
Please check https://appium.io/docs/en/2.19/guides/caps/
| *Option*            | *Man.* | *Description*     |
| remote_url          | Yes    | Appium server url |
| alias               | No     | alias             |</doc>
<status status="PASS" start="2025-08-04T13:45:08.930969" elapsed="7.896611"/>
</kw>
<status status="PASS" start="2025-08-04T13:45:08.928758" elapsed="7.898947"/>
</kw>
<kw name="User select login option" owner="LoginScreen">
<kw name="Click Element" owner="AppiumLibrary">
<msg time="2025-08-04T13:45:16.830524" level="INFO">Clicking element '//XCUIElementTypeStaticText[@name="LOGIN"]'.</msg>
<msg time="2025-08-04T13:45:16.830713" level="DEBUG">POST http://127.0.0.1:4723/session/d9bb3939-691a-4526-9675-6bb3aa9f4586/elements {'using': 'xpath', 'value': '//XCUIElementTypeStaticText[@name="LOGIN"]'}</msg>
<msg time="2025-08-04T13:45:16.831193" level="DEBUG">Starting new HTTP connection (1): 127.0.0.1:4723</msg>
<msg time="2025-08-04T13:45:16.990085" level="DEBUG">http://127.0.0.1:4723 "POST /session/d9bb3939-691a-4526-9675-6bb3aa9f4586/elements HTTP/1.1" 200 0</msg>
<msg time="2025-08-04T13:45:16.990394" level="DEBUG">Remote response: status=200 | data={"value":[{"element-6066-11e4-a52e-4f735466cecf":"13000000-0000-0000-6E7E-000000000000","ELEMENT":"13000000-0000-0000-6E7E-000000000000"}]} | headers=HTTPHeaderDict({'X-Powered-By': 'Express', 'Vary': 'X-HTTP-Method-Override', 'Content-Type': 'application/json; charset=utf-8', 'Content-Length': '139', 'ETag': 'W/"8b-qbYKnemhOmId2CpvCVS4jAb8LzQ"', 'Date': 'Mon, 04 Aug 2025 06:45:16 GMT', 'Connection': 'keep-alive', 'Keep-Alive': 'timeout=600'})</msg>
<msg time="2025-08-04T13:45:16.990572" level="DEBUG">Finished Request</msg>
<msg time="2025-08-04T13:45:16.990977" level="DEBUG">POST http://127.0.0.1:4723/session/d9bb3939-691a-4526-9675-6bb3aa9f4586/element/13000000-0000-0000-6E7E-000000000000/click {}</msg>
<msg time="2025-08-04T13:45:16.991701" level="DEBUG">Starting new HTTP connection (1): 127.0.0.1:4723</msg>
<msg time="2025-08-04T13:45:17.647647" level="DEBUG">http://127.0.0.1:4723 "POST /session/d9bb3939-691a-4526-9675-6bb3aa9f4586/element/13000000-0000-0000-6E7E-000000000000/click HTTP/1.1" 200 0</msg>
<msg time="2025-08-04T13:45:17.647956" level="DEBUG">Remote response: status=200 | data={"value":null,"sessionId":"d9bb3939-691a-4526-9675-6bb3aa9f4586"} | headers=HTTPHeaderDict({'X-Powered-By': 'Express', 'Vary': 'X-HTTP-Method-Override', 'Content-Type': 'application/json; charset=utf-8', 'Content-Length': '65', 'ETag': 'W/"41-fEEzLpxyn0PC3mQpozAhlOx7Xp0"', 'Date': 'Mon, 04 Aug 2025 06:45:17 GMT', 'Connection': 'keep-alive', 'Keep-Alive': 'timeout=600'})</msg>
<msg time="2025-08-04T13:45:17.648135" level="DEBUG">Finished Request</msg>
<msg time="2025-08-04T13:45:17.648411" level="INFO">xpath criteria: //XCUIElementTypeStaticText[@name="LOGIN"]</msg>
<arg>${iOS_Signup_Login_btn}</arg>
<doc>Click element identified by `locator`.</doc>
<status status="PASS" start="2025-08-04T13:45:16.828829" elapsed="0.819705"/>
</kw>
<status status="PASS" start="2025-08-04T13:45:16.828003" elapsed="0.820707"/>
</kw>
<kw name="Check Phone Code" owner="LoginScreen">
<kw name="Get Text" owner="AppiumLibrary">
<msg time="2025-08-04T13:45:17.650706" level="DEBUG">POST http://127.0.0.1:4723/session/d9bb3939-691a-4526-9675-6bb3aa9f4586/elements {'using': 'xpath', 'value': '//XCUIElementTypeStaticText[@name="_CODE"]'}</msg>
<msg time="2025-08-04T13:45:17.651794" level="DEBUG">Starting new HTTP connection (1): 127.0.0.1:4723</msg>
<msg time="2025-08-04T13:45:18.350988" level="DEBUG">http://127.0.0.1:4723 "POST /session/d9bb3939-691a-4526-9675-6bb3aa9f4586/elements HTTP/1.1" 200 0</msg>
<msg time="2025-08-04T13:45:18.351328" level="DEBUG">Remote response: status=200 | data={"value":[{"element-6066-11e4-a52e-4f735466cecf":"29000000-0000-0000-6E7E-000000000000","ELEMENT":"29000000-0000-0000-6E7E-000000000000"}]} | headers=HTTPHeaderDict({'X-Powered-By': 'Express', 'Vary': 'X-HTTP-Method-Override', 'Content-Type': 'application/json; charset=utf-8', 'Content-Length': '139', 'ETag': 'W/"8b-NGdSiJPM7AC7IJnwapcnrUWXi78"', 'Date': 'Mon, 04 Aug 2025 06:45:18 GMT', 'Connection': 'keep-alive', 'Keep-Alive': 'timeout=600'})</msg>
<msg time="2025-08-04T13:45:18.351614" level="DEBUG">Finished Request</msg>
<msg time="2025-08-04T13:45:18.351991" level="DEBUG">GET http://127.0.0.1:4723/session/d9bb3939-691a-4526-9675-6bb3aa9f4586/element/29000000-0000-0000-6E7E-000000000000/text {}</msg>
<msg time="2025-08-04T13:45:18.352623" level="DEBUG">Starting new HTTP connection (1): 127.0.0.1:4723</msg>
<msg time="2025-08-04T13:45:18.372938" level="DEBUG">http://127.0.0.1:4723 "GET /session/d9bb3939-691a-4526-9675-6bb3aa9f4586/element/29000000-0000-0000-6E7E-000000000000/text HTTP/1.1" 200 0</msg>
<msg time="2025-08-04T13:45:18.373114" level="DEBUG">Remote response: status=200 | data={"value":"+852","sessionId":"d9bb3939-691a-4526-9675-6bb3aa9f4586"} | headers=HTTPHeaderDict({'X-Powered-By': 'Express', 'Content-Type': 'application/json; charset=utf-8', 'Content-Length': '67', 'ETag': 'W/"43-j73WXq0UgP94aLVDzZMN/ronfJA"', 'Date': 'Mon, 04 Aug 2025 06:45:18 GMT', 'Connection': 'keep-alive', 'Keep-Alive': 'timeout=600'})</msg>
<msg time="2025-08-04T13:45:18.373200" level="DEBUG">Finished Request</msg>
<msg time="2025-08-04T13:45:18.374799" level="INFO">Element '//XCUIElementTypeStaticText[@name="_CODE"]' text is '+852' </msg>
<msg time="2025-08-04T13:45:18.374861" level="INFO">xpath criteria: //XCUIElementTypeStaticText[@name="_CODE"]</msg>
<msg time="2025-08-04T13:45:18.374943" level="INFO">${actual_code} = +852</msg>
<var>${actual_code}</var>
<arg>${iOS_phoneCode}</arg>
<doc>Get element text (for hybrid and mobile browser use `xpath` locator, others might cause problem)</doc>
<status status="PASS" start="2025-08-04T13:45:17.650400" elapsed="0.724567"/>
</kw>
<kw name="Run Keyword If" owner="BuiltIn">
<arg>'${actual_code}' != '+852'</arg>
<arg>Change Phone Code</arg>
<doc>Runs the given keyword with the given arguments, if ``condition`` is true.</doc>
<status status="PASS" start="2025-08-04T13:45:18.375151" elapsed="0.000225"/>
</kw>
<status status="PASS" start="2025-08-04T13:45:17.649946" elapsed="0.725495"/>
</kw>
<kw name="User input phone number" owner="LoginScreen">
<kw name="Input Text" owner="AppiumLibrary">
<msg time="2025-08-04T13:45:18.377660" level="INFO">Typing text '0000055' into text field '//XCUIElementTypeTextField'</msg>
<msg time="2025-08-04T13:45:18.377834" level="DEBUG">POST http://127.0.0.1:4723/session/d9bb3939-691a-4526-9675-6bb3aa9f4586/elements {'using': 'xpath', 'value': '//XCUIElementTypeTextField'}</msg>
<msg time="2025-08-04T13:45:18.378186" level="DEBUG">Starting new HTTP connection (1): 127.0.0.1:4723</msg>
<msg time="2025-08-04T13:45:18.450690" level="DEBUG">http://127.0.0.1:4723 "POST /session/d9bb3939-691a-4526-9675-6bb3aa9f4586/elements HTTP/1.1" 200 0</msg>
<msg time="2025-08-04T13:45:18.450932" level="DEBUG">Remote response: status=200 | data={"value":[{"element-6066-11e4-a52e-4f735466cecf":"2B000000-0000-0000-6E7E-000000000000","ELEMENT":"2B000000-0000-0000-6E7E-000000000000"}]} | headers=HTTPHeaderDict({'X-Powered-By': 'Express', 'Vary': 'X-HTTP-Method-Override', 'Content-Type': 'application/json; charset=utf-8', 'Content-Length': '139', 'ETag': 'W/"8b-sHPGhxjqCPmgwmS4IzVsHaAXWTc"', 'Date': 'Mon, 04 Aug 2025 06:45:18 GMT', 'Connection': 'keep-alive', 'Keep-Alive': 'timeout=600'})</msg>
<msg time="2025-08-04T13:45:18.451065" level="DEBUG">Finished Request</msg>
<msg time="2025-08-04T13:45:18.451416" level="DEBUG">POST http://127.0.0.1:4723/session/d9bb3939-691a-4526-9675-6bb3aa9f4586/element/2B000000-0000-0000-6E7E-000000000000/value {'text': '0000055', 'value': ['0', '0', '0', '0', '0', '5', '5']}</msg>
<msg time="2025-08-04T13:45:18.452340" level="DEBUG">Starting new HTTP connection (1): 127.0.0.1:4723</msg>
<msg time="2025-08-04T13:45:19.482071" level="DEBUG">http://127.0.0.1:4723 "POST /session/d9bb3939-691a-4526-9675-6bb3aa9f4586/element/2B000000-0000-0000-6E7E-000000000000/value HTTP/1.1" 200 0</msg>
<msg time="2025-08-04T13:45:19.482308" level="DEBUG">Remote response: status=200 | data={"value":null} | headers=HTTPHeaderDict({'X-Powered-By': 'Express', 'Vary': 'X-HTTP-Method-Override', 'Content-Type': 'application/json; charset=utf-8', 'Content-Length': '14', 'ETag': 'W/"e-9/1BuKMgFObM1mWJm+YjxtXJnUM"', 'Date': 'Mon, 04 Aug 2025 06:45:19 GMT', 'Connection': 'keep-alive', 'Keep-Alive': 'timeout=600'})</msg>
<msg time="2025-08-04T13:45:19.482437" level="DEBUG">Finished Request</msg>
<msg time="2025-08-04T13:45:19.482712" level="INFO">xpath criteria: //XCUIElementTypeTextField</msg>
<arg>${iOS_PhoneNo_txtbox}</arg>
<arg>${phoneNumber}</arg>
<doc>Types the given `text` into text field identified by `locator`.</doc>
<status status="PASS" start="2025-08-04T13:45:18.375849" elapsed="1.106951"/>
</kw>
<status status="PASS" start="2025-08-04T13:45:18.375633" elapsed="1.107390"/>
</kw>
<kw name="User input password" owner="LoginScreen">
<kw name="Input Text" owner="AppiumLibrary">
<msg time="2025-08-04T13:45:19.486066" level="INFO">Typing text 'Phillip1' into text field '//XCUIElementTypeSecureTextField'</msg>
<msg time="2025-08-04T13:45:19.486215" level="DEBUG">POST http://127.0.0.1:4723/session/d9bb3939-691a-4526-9675-6bb3aa9f4586/elements {'using': 'xpath', 'value': '//XCUIElementTypeSecureTextField'}</msg>
<msg time="2025-08-04T13:45:19.486566" level="DEBUG">Starting new HTTP connection (1): 127.0.0.1:4723</msg>
<msg time="2025-08-04T13:45:19.626411" level="DEBUG">http://127.0.0.1:4723 "POST /session/d9bb3939-691a-4526-9675-6bb3aa9f4586/elements HTTP/1.1" 200 0</msg>
<msg time="2025-08-04T13:45:19.626604" level="DEBUG">Remote response: status=200 | data={"value":[{"element-6066-11e4-a52e-4f735466cecf":"2D000000-0000-0000-6E7E-000000000000","ELEMENT":"2D000000-0000-0000-6E7E-000000000000"}]} | headers=HTTPHeaderDict({'X-Powered-By': 'Express', 'Vary': 'X-HTTP-Method-Override', 'Content-Type': 'application/json; charset=utf-8', 'Content-Length': '139', 'ETag': 'W/"8b-CPfYKl4GKZOHQhRDaTXxZRhXO3w"', 'Date': 'Mon, 04 Aug 2025 06:45:19 GMT', 'Connection': 'keep-alive', 'Keep-Alive': 'timeout=600'})</msg>
<msg time="2025-08-04T13:45:19.626690" level="DEBUG">Finished Request</msg>
<msg time="2025-08-04T13:45:19.626964" level="DEBUG">POST http://127.0.0.1:4723/session/d9bb3939-691a-4526-9675-6bb3aa9f4586/element/2D000000-0000-0000-6E7E-000000000000/value {'text': 'Phillip1', 'value': ['P', 'h', 'i', 'l', 'l', 'i', 'p', '1']}</msg>
<msg time="2025-08-04T13:45:19.627379" level="DEBUG">Starting new HTTP connection (1): 127.0.0.1:4723</msg>
<msg time="2025-08-04T13:45:20.845333" level="DEBUG">http://127.0.0.1:4723 "POST /session/d9bb3939-691a-4526-9675-6bb3aa9f4586/element/2D000000-0000-0000-6E7E-000000000000/value HTTP/1.1" 200 0</msg>
<msg time="2025-08-04T13:45:20.845584" level="DEBUG">Remote response: status=200 | data={"value":null} | headers=HTTPHeaderDict({'X-Powered-By': 'Express', 'Vary': 'X-HTTP-Method-Override', 'Content-Type': 'application/json; charset=utf-8', 'Content-Length': '14', 'ETag': 'W/"e-9/1BuKMgFObM1mWJm+YjxtXJnUM"', 'Date': 'Mon, 04 Aug 2025 06:45:20 GMT', 'Connection': 'keep-alive', 'Keep-Alive': 'timeout=600'})</msg>
<msg time="2025-08-04T13:45:20.845706" level="DEBUG">Finished Request</msg>
<msg time="2025-08-04T13:45:20.845915" level="INFO">xpath criteria: //XCUIElementTypeSecureTextField</msg>
<arg>${iOS_Password_txtbox}</arg>
<arg>${password}</arg>
<doc>Types the given `text` into text field identified by `locator`.</doc>
<status status="PASS" start="2025-08-04T13:45:19.484093" elapsed="1.361915"/>
</kw>
<status status="PASS" start="2025-08-04T13:45:19.483498" elapsed="1.362655"/>
</kw>
<kw name="User Agree to T&amp;C" owner="LoginScreen">
<kw name="Click Element" owner="AppiumLibrary">
<msg time="2025-08-04T13:45:20.849700" level="INFO">Clicking element '//XCUIElementTypeImage[@name="ic_checkbox"]'.</msg>
<msg time="2025-08-04T13:45:20.849922" level="DEBUG">POST http://127.0.0.1:4723/session/d9bb3939-691a-4526-9675-6bb3aa9f4586/elements {'using': 'xpath', 'value': '//XCUIElementTypeImage[@name="ic_checkbox"]'}</msg>
<msg time="2025-08-04T13:45:20.850626" level="DEBUG">Starting new HTTP connection (1): 127.0.0.1:4723</msg>
<msg time="2025-08-04T13:45:20.979891" level="DEBUG">http://127.0.0.1:4723 "POST /session/d9bb3939-691a-4526-9675-6bb3aa9f4586/elements HTTP/1.1" 200 0</msg>
<msg time="2025-08-04T13:45:20.980201" level="DEBUG">Remote response: status=200 | data={"value":[{"element-6066-11e4-a52e-4f735466cecf":"30000000-0000-0000-6E7E-000000000000","ELEMENT":"30000000-0000-0000-6E7E-000000000000"}]} | headers=HTTPHeaderDict({'X-Powered-By': 'Express', 'Vary': 'X-HTTP-Method-Override', 'Content-Type': 'application/json; charset=utf-8', 'Content-Length': '139', 'ETag': 'W/"8b-DxFg7eWSwuHtywKnYSn68M1vqYo"', 'Date': 'Mon, 04 Aug 2025 06:45:20 GMT', 'Connection': 'keep-alive', 'Keep-Alive': 'timeout=600'})</msg>
<msg time="2025-08-04T13:45:20.980381" level="DEBUG">Finished Request</msg>
<msg time="2025-08-04T13:45:20.980759" level="DEBUG">POST http://127.0.0.1:4723/session/d9bb3939-691a-4526-9675-6bb3aa9f4586/element/30000000-0000-0000-6E7E-000000000000/click {}</msg>
<msg time="2025-08-04T13:45:20.981709" level="DEBUG">Starting new HTTP connection (1): 127.0.0.1:4723</msg>
<msg time="2025-08-04T13:45:21.339625" level="DEBUG">http://127.0.0.1:4723 "POST /session/d9bb3939-691a-4526-9675-6bb3aa9f4586/element/30000000-0000-0000-6E7E-000000000000/click HTTP/1.1" 200 0</msg>
<msg time="2025-08-04T13:45:21.339782" level="DEBUG">Remote response: status=200 | data={"value":null,"sessionId":"d9bb3939-691a-4526-9675-6bb3aa9f4586"} | headers=HTTPHeaderDict({'X-Powered-By': 'Express', 'Vary': 'X-HTTP-Method-Override', 'Content-Type': 'application/json; charset=utf-8', 'Content-Length': '65', 'ETag': 'W/"41-fEEzLpxyn0PC3mQpozAhlOx7Xp0"', 'Date': 'Mon, 04 Aug 2025 06:45:21 GMT', 'Connection': 'keep-alive', 'Keep-Alive': 'timeout=600'})</msg>
<msg time="2025-08-04T13:45:21.339857" level="DEBUG">Finished Request</msg>
<msg time="2025-08-04T13:45:21.339973" level="INFO">xpath criteria: //XCUIElementTypeImage[@name="ic_checkbox"]</msg>
<arg>${iOS_TnC_checkbox}</arg>
<doc>Click element identified by `locator`.</doc>
<status status="PASS" start="2025-08-04T13:45:20.847011" elapsed="0.493014"/>
</kw>
<status status="PASS" start="2025-08-04T13:45:20.846534" elapsed="0.493574"/>
</kw>
<kw name="User tap on login button" owner="LoginScreen">
<kw name="Click Element" owner="AppiumLibrary">
<msg time="2025-08-04T13:45:21.342655" level="INFO">Clicking element '//XCUIElementTypeStaticText[@name="LOGIN"]'.</msg>
<msg time="2025-08-04T13:45:21.342770" level="DEBUG">POST http://127.0.0.1:4723/session/d9bb3939-691a-4526-9675-6bb3aa9f4586/elements {'using': 'xpath', 'value': '//XCUIElementTypeStaticText[@name="LOGIN"]'}</msg>
<msg time="2025-08-04T13:45:21.343176" level="DEBUG">Starting new HTTP connection (1): 127.0.0.1:4723</msg>
<msg time="2025-08-04T13:45:21.460503" level="DEBUG">http://127.0.0.1:4723 "POST /session/d9bb3939-691a-4526-9675-6bb3aa9f4586/elements HTTP/1.1" 200 0</msg>
<msg time="2025-08-04T13:45:21.460807" level="DEBUG">Remote response: status=200 | data={"value":[{"element-6066-11e4-a52e-4f735466cecf":"98000000-0000-0000-6E7E-000000000000","ELEMENT":"98000000-0000-0000-6E7E-000000000000"}]} | headers=HTTPHeaderDict({'X-Powered-By': 'Express', 'Vary': 'X-HTTP-Method-Override', 'Content-Type': 'application/json; charset=utf-8', 'Content-Length': '139', 'ETag': 'W/"8b-riNIbiaY9xxkheT+8JGf5ARRnHQ"', 'Date': 'Mon, 04 Aug 2025 06:45:21 GMT', 'Connection': 'keep-alive', 'Keep-Alive': 'timeout=600'})</msg>
<msg time="2025-08-04T13:45:21.460984" level="DEBUG">Finished Request</msg>
<msg time="2025-08-04T13:45:21.461334" level="DEBUG">POST http://127.0.0.1:4723/session/d9bb3939-691a-4526-9675-6bb3aa9f4586/element/98000000-0000-0000-6E7E-000000000000/click {}</msg>
<msg time="2025-08-04T13:45:21.462286" level="DEBUG">Starting new HTTP connection (1): 127.0.0.1:4723</msg>
<msg time="2025-08-04T13:45:22.166911" level="DEBUG">http://127.0.0.1:4723 "POST /session/d9bb3939-691a-4526-9675-6bb3aa9f4586/element/98000000-0000-0000-6E7E-000000000000/click HTTP/1.1" 200 0</msg>
<msg time="2025-08-04T13:45:22.167215" level="DEBUG">Remote response: status=200 | data={"value":null,"sessionId":"d9bb3939-691a-4526-9675-6bb3aa9f4586"} | headers=HTTPHeaderDict({'X-Powered-By': 'Express', 'Vary': 'X-HTTP-Method-Override', 'Content-Type': 'application/json; charset=utf-8', 'Content-Length': '65', 'ETag': 'W/"41-fEEzLpxyn0PC3mQpozAhlOx7Xp0"', 'Date': 'Mon, 04 Aug 2025 06:45:22 GMT', 'Connection': 'keep-alive', 'Keep-Alive': 'timeout=600'})</msg>
<msg time="2025-08-04T13:45:22.167326" level="DEBUG">Finished Request</msg>
<msg time="2025-08-04T13:45:22.167535" level="INFO">xpath criteria: //XCUIElementTypeStaticText[@name="LOGIN"]</msg>
<arg>${iOS_Login_btn}</arg>
<doc>Click element identified by `locator`.</doc>
<status status="PASS" start="2025-08-04T13:45:21.341037" elapsed="0.826554"/>
</kw>
<status status="PASS" start="2025-08-04T13:45:21.340460" elapsed="0.827229"/>
</kw>
<kw name="User Close Notification Popup" owner="LoginScreen">
<kw name="Wait Until Element Is Visible" owner="AppiumLibrary">
<msg time="2025-08-04T13:45:22.168708" level="DEBUG">POST http://127.0.0.1:4723/session/d9bb3939-691a-4526-9675-6bb3aa9f4586/elements {'using': 'xpath', 'value': '//XCUIElementTypeStaticText[@name="BTN_CANCEL"]'}</msg>
<msg time="2025-08-04T13:45:22.169028" level="DEBUG">Starting new HTTP connection (1): 127.0.0.1:4723</msg>
<msg time="2025-08-04T13:45:22.212142" level="DEBUG">http://127.0.0.1:4723 "POST /session/d9bb3939-691a-4526-9675-6bb3aa9f4586/elements HTTP/1.1" 200 0</msg>
<msg time="2025-08-04T13:45:22.212467" level="DEBUG">Remote response: status=200 | data={"value":[]} | headers=HTTPHeaderDict({'X-Powered-By': 'Express', 'Vary': 'X-HTTP-Method-Override', 'Content-Type': 'application/json; charset=utf-8', 'Content-Length': '12', 'ETag': 'W/"c-ct3goOI+b+kRZv2R9j2fTtMXwkk"', 'Date': 'Mon, 04 Aug 2025 06:45:22 GMT', 'Connection': 'keep-alive', 'Keep-Alive': 'timeout=600'})</msg>
<msg time="2025-08-04T13:45:22.212631" level="DEBUG">Finished Request</msg>
<msg time="2025-08-04T13:45:22.418184" level="DEBUG">POST http://127.0.0.1:4723/session/d9bb3939-691a-4526-9675-6bb3aa9f4586/elements {'using': 'xpath', 'value': '//XCUIElementTypeStaticText[@name="BTN_CANCEL"]'}</msg>
<msg time="2025-08-04T13:45:22.419107" level="DEBUG">Starting new HTTP connection (1): 127.0.0.1:4723</msg>
<msg time="2025-08-04T13:45:22.494479" level="DEBUG">http://127.0.0.1:4723 "POST /session/d9bb3939-691a-4526-9675-6bb3aa9f4586/elements HTTP/1.1" 200 0</msg>
<msg time="2025-08-04T13:45:22.494783" level="DEBUG">Remote response: status=200 | data={"value":[]} | headers=HTTPHeaderDict({'X-Powered-By': 'Express', 'Vary': 'X-HTTP-Method-Override', 'Content-Type': 'application/json; charset=utf-8', 'Content-Length': '12', 'ETag': 'W/"c-ct3goOI+b+kRZv2R9j2fTtMXwkk"', 'Date': 'Mon, 04 Aug 2025 06:45:22 GMT', 'Connection': 'keep-alive', 'Keep-Alive': 'timeout=600'})</msg>
<msg time="2025-08-04T13:45:22.494916" level="DEBUG">Finished Request</msg>
<msg time="2025-08-04T13:45:22.696887" level="DEBUG">POST http://127.0.0.1:4723/session/d9bb3939-691a-4526-9675-6bb3aa9f4586/elements {'using': 'xpath', 'value': '//XCUIElementTypeStaticText[@name="BTN_CANCEL"]'}</msg>
<msg time="2025-08-04T13:45:22.697345" level="DEBUG">Starting new HTTP connection (1): 127.0.0.1:4723</msg>
<msg time="2025-08-04T13:45:22.780647" level="DEBUG">http://127.0.0.1:4723 "POST /session/d9bb3939-691a-4526-9675-6bb3aa9f4586/elements HTTP/1.1" 200 0</msg>
<msg time="2025-08-04T13:45:22.780894" level="DEBUG">Remote response: status=200 | data={"value":[]} | headers=HTTPHeaderDict({'X-Powered-By': 'Express', 'Vary': 'X-HTTP-Method-Override', 'Content-Type': 'application/json; charset=utf-8', 'Content-Length': '12', 'ETag': 'W/"c-ct3goOI+b+kRZv2R9j2fTtMXwkk"', 'Date': 'Mon, 04 Aug 2025 06:45:22 GMT', 'Connection': 'keep-alive', 'Keep-Alive': 'timeout=600'})</msg>
<msg time="2025-08-04T13:45:22.781009" level="DEBUG">Finished Request</msg>
<msg time="2025-08-04T13:45:22.986378" level="DEBUG">POST http://127.0.0.1:4723/session/d9bb3939-691a-4526-9675-6bb3aa9f4586/elements {'using': 'xpath', 'value': '//XCUIElementTypeStaticText[@name="BTN_CANCEL"]'}</msg>
<msg time="2025-08-04T13:45:22.987268" level="DEBUG">Starting new HTTP connection (1): 127.0.0.1:4723</msg>
<msg time="2025-08-04T13:45:23.042245" level="DEBUG">http://127.0.0.1:4723 "POST /session/d9bb3939-691a-4526-9675-6bb3aa9f4586/elements HTTP/1.1" 200 0</msg>
<msg time="2025-08-04T13:45:23.042433" level="DEBUG">Remote response: status=200 | data={"value":[]} | headers=HTTPHeaderDict({'X-Powered-By': 'Express', 'Vary': 'X-HTTP-Method-Override', 'Content-Type': 'application/json; charset=utf-8', 'Content-Length': '12', 'ETag': 'W/"c-ct3goOI+b+kRZv2R9j2fTtMXwkk"', 'Date': 'Mon, 04 Aug 2025 06:45:23 GMT', 'Connection': 'keep-alive', 'Keep-Alive': 'timeout=600'})</msg>
<msg time="2025-08-04T13:45:23.042529" level="DEBUG">Finished Request</msg>
<msg time="2025-08-04T13:45:23.247273" level="DEBUG">POST http://127.0.0.1:4723/session/d9bb3939-691a-4526-9675-6bb3aa9f4586/elements {'using': 'xpath', 'value': '//XCUIElementTypeStaticText[@name="BTN_CANCEL"]'}</msg>
<msg time="2025-08-04T13:45:23.247793" level="DEBUG">Starting new HTTP connection (1): 127.0.0.1:4723</msg>
<msg time="2025-08-04T13:45:23.578671" level="DEBUG">http://127.0.0.1:4723 "POST /session/d9bb3939-691a-4526-9675-6bb3aa9f4586/elements HTTP/1.1" 200 0</msg>
<msg time="2025-08-04T13:45:23.578965" level="DEBUG">Remote response: status=200 | data={"value":[]} | headers=HTTPHeaderDict({'X-Powered-By': 'Express', 'Vary': 'X-HTTP-Method-Override', 'Content-Type': 'application/json; charset=utf-8', 'Content-Length': '12', 'ETag': 'W/"c-ct3goOI+b+kRZv2R9j2fTtMXwkk"', 'Date': 'Mon, 04 Aug 2025 06:45:23 GMT', 'Connection': 'keep-alive', 'Keep-Alive': 'timeout=600'})</msg>
<msg time="2025-08-04T13:45:23.579130" level="DEBUG">Finished Request</msg>
<msg time="2025-08-04T13:45:23.783820" level="DEBUG">POST http://127.0.0.1:4723/session/d9bb3939-691a-4526-9675-6bb3aa9f4586/elements {'using': 'xpath', 'value': '//XCUIElementTypeStaticText[@name="BTN_CANCEL"]'}</msg>
<msg time="2025-08-04T13:45:23.784829" level="DEBUG">Starting new HTTP connection (1): 127.0.0.1:4723</msg>
<msg time="2025-08-04T13:45:24.121385" level="DEBUG">http://127.0.0.1:4723 "POST /session/d9bb3939-691a-4526-9675-6bb3aa9f4586/elements HTTP/1.1" 200 0</msg>
<msg time="2025-08-04T13:45:24.121596" level="DEBUG">Remote response: status=200 | data={"value":[]} | headers=HTTPHeaderDict({'X-Powered-By': 'Express', 'Vary': 'X-HTTP-Method-Override', 'Content-Type': 'application/json; charset=utf-8', 'Content-Length': '12', 'ETag': 'W/"c-ct3goOI+b+kRZv2R9j2fTtMXwkk"', 'Date': 'Mon, 04 Aug 2025 06:45:24 GMT', 'Connection': 'keep-alive', 'Keep-Alive': 'timeout=600'})</msg>
<msg time="2025-08-04T13:45:24.121700" level="DEBUG">Finished Request</msg>
<msg time="2025-08-04T13:45:24.327331" level="DEBUG">POST http://127.0.0.1:4723/session/d9bb3939-691a-4526-9675-6bb3aa9f4586/elements {'using': 'xpath', 'value': '//XCUIElementTypeStaticText[@name="BTN_CANCEL"]'}</msg>
<msg time="2025-08-04T13:45:24.328256" level="DEBUG">Starting new HTTP connection (1): 127.0.0.1:4723</msg>
<msg time="2025-08-04T13:45:24.443365" level="DEBUG">http://127.0.0.1:4723 "POST /session/d9bb3939-691a-4526-9675-6bb3aa9f4586/elements HTTP/1.1" 200 0</msg>
<msg time="2025-08-04T13:45:24.443665" level="DEBUG">Remote response: status=200 | data={"value":[]} | headers=HTTPHeaderDict({'X-Powered-By': 'Express', 'Vary': 'X-HTTP-Method-Override', 'Content-Type': 'application/json; charset=utf-8', 'Content-Length': '12', 'ETag': 'W/"c-ct3goOI+b+kRZv2R9j2fTtMXwkk"', 'Date': 'Mon, 04 Aug 2025 06:45:24 GMT', 'Connection': 'keep-alive', 'Keep-Alive': 'timeout=600'})</msg>
<msg time="2025-08-04T13:45:24.443836" level="DEBUG">Finished Request</msg>
<msg time="2025-08-04T13:45:24.646904" level="DEBUG">POST http://127.0.0.1:4723/session/d9bb3939-691a-4526-9675-6bb3aa9f4586/elements {'using': 'xpath', 'value': '//XCUIElementTypeStaticText[@name="BTN_CANCEL"]'}</msg>
<msg time="2025-08-04T13:45:24.649031" level="DEBUG">Starting new HTTP connection (1): 127.0.0.1:4723</msg>
<msg time="2025-08-04T13:45:24.993732" level="DEBUG">http://127.0.0.1:4723 "POST /session/d9bb3939-691a-4526-9675-6bb3aa9f4586/elements HTTP/1.1" 200 0</msg>
<msg time="2025-08-04T13:45:24.994021" level="DEBUG">Remote response: status=200 | data={"value":[{"element-6066-11e4-a52e-4f735466cecf":"10010000-0000-0000-6E7E-000000000000","ELEMENT":"10010000-0000-0000-6E7E-000000000000"}]} | headers=HTTPHeaderDict({'X-Powered-By': 'Express', 'Vary': 'X-HTTP-Method-Override', 'Content-Type': 'application/json; charset=utf-8', 'Content-Length': '139', 'ETag': 'W/"8b-Fq/n8O3liJv0z24vpkorv6DGTn0"', 'Date': 'Mon, 04 Aug 2025 06:45:24 GMT', 'Connection': 'keep-alive', 'Keep-Alive': 'timeout=600'})</msg>
<msg time="2025-08-04T13:45:24.994187" level="DEBUG">Finished Request</msg>
<msg time="2025-08-04T13:45:24.994537" level="DEBUG">GET http://127.0.0.1:4723/session/d9bb3939-691a-4526-9675-6bb3aa9f4586/element/10010000-0000-0000-6E7E-000000000000/displayed {}</msg>
<msg time="2025-08-04T13:45:24.995285" level="DEBUG">Starting new HTTP connection (1): 127.0.0.1:4723</msg>
<msg time="2025-08-04T13:45:25.039061" level="DEBUG">http://127.0.0.1:4723 "GET /session/d9bb3939-691a-4526-9675-6bb3aa9f4586/element/10010000-0000-0000-6E7E-000000000000/displayed HTTP/1.1" 200 0</msg>
<msg time="2025-08-04T13:45:25.039223" level="DEBUG">Remote response: status=200 | data={"value":true,"sessionId":"d9bb3939-691a-4526-9675-6bb3aa9f4586"} | headers=HTTPHeaderDict({'X-Powered-By': 'Express', 'Content-Type': 'application/json; charset=utf-8', 'Content-Length': '65', 'ETag': 'W/"41-YkXFgkcLb4sPML6IRXT3kyleuT0"', 'Date': 'Mon, 04 Aug 2025 06:45:25 GMT', 'Connection': 'keep-alive', 'Keep-Alive': 'timeout=600'})</msg>
<msg time="2025-08-04T13:45:25.039297" level="DEBUG">Finished Request</msg>
<msg time="2025-08-04T13:45:25.039422" level="INFO">xpath criteria: //XCUIElementTypeStaticText[@name="BTN_CANCEL"]
xpath criteria: //XCUIElementTypeStaticText[@name="BTN_CANCEL"]
xpath criteria: //XCUIElementTypeStaticText[@name="BTN_CANCEL"]
xpath criteria: //XCUIElementTypeStaticText[@name="BTN_CANCEL"]
xpath criteria: //XCUIElementTypeStaticText[@name="BTN_CANCEL"]
xpath criteria: //XCUIElementTypeStaticText[@name="BTN_CANCEL"]
xpath criteria: //XCUIElementTypeStaticText[@name="BTN_CANCEL"]
xpath criteria: //XCUIElementTypeStaticText[@name="BTN_CANCEL"]</msg>
<arg>${iOS_Cancel_Popup}</arg>
<doc>Waits until element specified with `locator` is visible.</doc>
<status status="PASS" start="2025-08-04T13:45:22.168358" elapsed="2.871116"/>
</kw>
<kw name="Click Element" owner="AppiumLibrary">
<msg time="2025-08-04T13:45:25.042065" level="INFO">Clicking element '//XCUIElementTypeStaticText[@name="BTN_CANCEL"]'.</msg>
<msg time="2025-08-04T13:45:25.042202" level="DEBUG">POST http://127.0.0.1:4723/session/d9bb3939-691a-4526-9675-6bb3aa9f4586/elements {'using': 'xpath', 'value': '//XCUIElementTypeStaticText[@name="BTN_CANCEL"]'}</msg>
<msg time="2025-08-04T13:45:25.042593" level="DEBUG">Starting new HTTP connection (1): 127.0.0.1:4723</msg>
<msg time="2025-08-04T13:45:25.209015" level="DEBUG">http://127.0.0.1:4723 "POST /session/d9bb3939-691a-4526-9675-6bb3aa9f4586/elements HTTP/1.1" 200 0</msg>
<msg time="2025-08-04T13:45:25.209153" level="DEBUG">Remote response: status=200 | data={"value":[{"element-6066-11e4-a52e-4f735466cecf":"10010000-0000-0000-6E7E-000000000000","ELEMENT":"10010000-0000-0000-6E7E-000000000000"}]} | headers=HTTPHeaderDict({'X-Powered-By': 'Express', 'Vary': 'X-HTTP-Method-Override', 'Content-Type': 'application/json; charset=utf-8', 'Content-Length': '139', 'ETag': 'W/"8b-Fq/n8O3liJv0z24vpkorv6DGTn0"', 'Date': 'Mon, 04 Aug 2025 06:45:25 GMT', 'Connection': 'keep-alive', 'Keep-Alive': 'timeout=600'})</msg>
<msg time="2025-08-04T13:45:25.209226" level="DEBUG">Finished Request</msg>
<msg time="2025-08-04T13:45:25.209372" level="DEBUG">POST http://127.0.0.1:4723/session/d9bb3939-691a-4526-9675-6bb3aa9f4586/element/10010000-0000-0000-6E7E-000000000000/click {}</msg>
<msg time="2025-08-04T13:45:25.209705" level="DEBUG">Starting new HTTP connection (1): 127.0.0.1:4723</msg>
<msg time="2025-08-04T13:45:25.686680" level="DEBUG">http://127.0.0.1:4723 "POST /session/d9bb3939-691a-4526-9675-6bb3aa9f4586/element/10010000-0000-0000-6E7E-000000000000/click HTTP/1.1" 200 0</msg>
<msg time="2025-08-04T13:45:25.687094" level="DEBUG">Remote response: status=200 | data={"value":null,"sessionId":"d9bb3939-691a-4526-9675-6bb3aa9f4586"} | headers=HTTPHeaderDict({'X-Powered-By': 'Express', 'Vary': 'X-HTTP-Method-Override', 'Content-Type': 'application/json; charset=utf-8', 'Content-Length': '65', 'ETag': 'W/"41-fEEzLpxyn0PC3mQpozAhlOx7Xp0"', 'Date': 'Mon, 04 Aug 2025 06:45:25 GMT', 'Connection': 'keep-alive', 'Keep-Alive': 'timeout=600'})</msg>
<msg time="2025-08-04T13:45:25.687294" level="DEBUG">Finished Request</msg>
<msg time="2025-08-04T13:45:25.687602" level="INFO">xpath criteria: //XCUIElementTypeStaticText[@name="BTN_CANCEL"]</msg>
<arg>${iOS_Cancel_Popup}</arg>
<doc>Click element identified by `locator`.</doc>
<status status="PASS" start="2025-08-04T13:45:25.039713" elapsed="0.648001"/>
</kw>
<status status="PASS" start="2025-08-04T13:45:22.167996" elapsed="3.519909"/>
</kw>
<kw name="User Close Save Password Popup" owner="LoginScreen">
<kw name="Click Element" owner="AppiumLibrary">
<msg time="2025-08-04T13:45:25.691041" level="INFO">Clicking element '//XCUIElementTypeButton[@name="Not Now"]'.</msg>
<msg time="2025-08-04T13:45:25.691232" level="DEBUG">POST http://127.0.0.1:4723/session/d9bb3939-691a-4526-9675-6bb3aa9f4586/elements {'using': 'xpath', 'value': '//XCUIElementTypeButton[@name="Not Now"]'}</msg>
<msg time="2025-08-04T13:45:25.691718" level="DEBUG">Starting new HTTP connection (1): 127.0.0.1:4723</msg>
<msg time="2025-08-04T13:45:25.852904" level="DEBUG">http://127.0.0.1:4723 "POST /session/d9bb3939-691a-4526-9675-6bb3aa9f4586/elements HTTP/1.1" 200 0</msg>
<msg time="2025-08-04T13:45:25.853197" level="DEBUG">Remote response: status=200 | data={"value":[{"element-6066-11e4-a52e-4f735466cecf":"C2060000-0000-0000-335B-010000000000","ELEMENT":"C2060000-0000-0000-335B-010000000000"}]} | headers=HTTPHeaderDict({'X-Powered-By': 'Express', 'Vary': 'X-HTTP-Method-Override', 'Content-Type': 'application/json; charset=utf-8', 'Content-Length': '139', 'ETag': 'W/"8b-Y7/FJk26DMn7F3zlRa4gV0KMC3A"', 'Date': 'Mon, 04 Aug 2025 06:45:25 GMT', 'Connection': 'keep-alive', 'Keep-Alive': 'timeout=600'})</msg>
<msg time="2025-08-04T13:45:25.853369" level="DEBUG">Finished Request</msg>
<msg time="2025-08-04T13:45:25.853705" level="DEBUG">POST http://127.0.0.1:4723/session/d9bb3939-691a-4526-9675-6bb3aa9f4586/element/C2060000-0000-0000-335B-010000000000/click {}</msg>
<msg time="2025-08-04T13:45:25.854493" level="DEBUG">Starting new HTTP connection (1): 127.0.0.1:4723</msg>
<msg time="2025-08-04T13:45:26.233910" level="DEBUG">http://127.0.0.1:4723 "POST /session/d9bb3939-691a-4526-9675-6bb3aa9f4586/element/C2060000-0000-0000-335B-010000000000/click HTTP/1.1" 200 0</msg>
<msg time="2025-08-04T13:45:26.234526" level="DEBUG">Remote response: status=200 | data={"value":null,"sessionId":"d9bb3939-691a-4526-9675-6bb3aa9f4586"} | headers=HTTPHeaderDict({'X-Powered-By': 'Express', 'Vary': 'X-HTTP-Method-Override', 'Content-Type': 'application/json; charset=utf-8', 'Content-Length': '65', 'ETag': 'W/"41-fEEzLpxyn0PC3mQpozAhlOx7Xp0"', 'Date': 'Mon, 04 Aug 2025 06:45:26 GMT', 'Connection': 'keep-alive', 'Keep-Alive': 'timeout=600'})</msg>
<msg time="2025-08-04T13:45:26.234645" level="DEBUG">Finished Request</msg>
<msg time="2025-08-04T13:45:26.234807" level="INFO">xpath criteria: //XCUIElementTypeButton[@name="Not Now"]</msg>
<arg>${iOS_Cancel_Save_Password_PopUp}</arg>
<doc>Click element identified by `locator`.</doc>
<status status="PASS" start="2025-08-04T13:45:25.689334" elapsed="0.545533"/>
</kw>
<status status="PASS" start="2025-08-04T13:45:25.688600" elapsed="0.546429"/>
</kw>
<kw name="User Close Ads" owner="LoginScreen">
<kw name="Click Element" owner="AppiumLibrary">
<msg time="2025-08-04T13:45:26.238424" level="INFO">Clicking element '//XCUIElementTypeButton[@name="ic cancel rounded"]'.</msg>
<msg time="2025-08-04T13:45:26.238605" level="DEBUG">POST http://127.0.0.1:4723/session/d9bb3939-691a-4526-9675-6bb3aa9f4586/elements {'using': 'xpath', 'value': '//XCUIElementTypeButton[@name="ic cancel rounded"]'}</msg>
<msg time="2025-08-04T13:45:26.239044" level="DEBUG">Starting new HTTP connection (1): 127.0.0.1:4723</msg>
<msg time="2025-08-04T13:45:26.412356" level="DEBUG">http://127.0.0.1:4723 "POST /session/d9bb3939-691a-4526-9675-6bb3aa9f4586/elements HTTP/1.1" 200 0</msg>
<msg time="2025-08-04T13:45:26.412589" level="DEBUG">Remote response: status=200 | data={"value":[{"element-6066-11e4-a52e-4f735466cecf":"E9000000-0000-0000-6E7E-000000000000","ELEMENT":"E9000000-0000-0000-6E7E-000000000000"}]} | headers=HTTPHeaderDict({'X-Powered-By': 'Express', 'Vary': 'X-HTTP-Method-Override', 'Content-Type': 'application/json; charset=utf-8', 'Content-Length': '139', 'ETag': 'W/"8b-BvywcGjVSH+lOAIE7VrjCjQ0V9c"', 'Date': 'Mon, 04 Aug 2025 06:45:26 GMT', 'Connection': 'keep-alive', 'Keep-Alive': 'timeout=600'})</msg>
<msg time="2025-08-04T13:45:26.412718" level="DEBUG">Finished Request</msg>
<msg time="2025-08-04T13:45:26.412990" level="DEBUG">POST http://127.0.0.1:4723/session/d9bb3939-691a-4526-9675-6bb3aa9f4586/element/E9000000-0000-0000-6E7E-000000000000/click {}</msg>
<msg time="2025-08-04T13:45:26.413577" level="DEBUG">Starting new HTTP connection (1): 127.0.0.1:4723</msg>
<msg time="2025-08-04T13:45:27.375664" level="DEBUG">http://127.0.0.1:4723 "POST /session/d9bb3939-691a-4526-9675-6bb3aa9f4586/element/E9000000-0000-0000-6E7E-000000000000/click HTTP/1.1" 200 0</msg>
<msg time="2025-08-04T13:45:27.375941" level="DEBUG">Remote response: status=200 | data={"value":null,"sessionId":"d9bb3939-691a-4526-9675-6bb3aa9f4586"} | headers=HTTPHeaderDict({'X-Powered-By': 'Express', 'Vary': 'X-HTTP-Method-Override', 'Content-Type': 'application/json; charset=utf-8', 'Content-Length': '65', 'ETag': 'W/"41-fEEzLpxyn0PC3mQpozAhlOx7Xp0"', 'Date': 'Mon, 04 Aug 2025 06:45:27 GMT', 'Connection': 'keep-alive', 'Keep-Alive': 'timeout=600'})</msg>
<msg time="2025-08-04T13:45:27.376062" level="DEBUG">Finished Request</msg>
<msg time="2025-08-04T13:45:27.376257" level="INFO">xpath criteria: //XCUIElementTypeButton[@name="ic cancel rounded"]</msg>
<arg>${iOS_Close_Ads}</arg>
<doc>Click element identified by `locator`.</doc>
<status status="PASS" start="2025-08-04T13:45:26.236106" elapsed="1.140245"/>
</kw>
<status status="PASS" start="2025-08-04T13:45:26.235520" elapsed="1.140969"/>
</kw>
<kw name="User see Home Tab" owner="LoginScreen">
<kw name="Element Should Be Visible" owner="AppiumLibrary">
<msg time="2025-08-04T13:45:27.377839" level="DEBUG">POST http://127.0.0.1:4723/session/d9bb3939-691a-4526-9675-6bb3aa9f4586/elements {'using': 'xpath', 'value': '//XCUIElementTypeButton[@name="Home"]'}</msg>
<msg time="2025-08-04T13:45:27.378585" level="DEBUG">Starting new HTTP connection (1): 127.0.0.1:4723</msg>
<msg time="2025-08-04T13:45:27.497252" level="DEBUG">http://127.0.0.1:4723 "POST /session/d9bb3939-691a-4526-9675-6bb3aa9f4586/elements HTTP/1.1" 200 0</msg>
<msg time="2025-08-04T13:45:27.497545" level="DEBUG">Remote response: status=200 | data={"value":[{"element-6066-11e4-a52e-4f735466cecf":"AE000000-0000-0000-6E7E-000000000000","ELEMENT":"AE000000-0000-0000-6E7E-000000000000"}]} | headers=HTTPHeaderDict({'X-Powered-By': 'Express', 'Vary': 'X-HTTP-Method-Override', 'Content-Type': 'application/json; charset=utf-8', 'Content-Length': '139', 'ETag': 'W/"8b-upeY30OZ5m8XuqwBTdlhphXNJ4g"', 'Date': 'Mon, 04 Aug 2025 06:45:27 GMT', 'Connection': 'keep-alive', 'Keep-Alive': 'timeout=600'})</msg>
<msg time="2025-08-04T13:45:27.497718" level="DEBUG">Finished Request</msg>
<msg time="2025-08-04T13:45:27.498072" level="DEBUG">GET http://127.0.0.1:4723/session/d9bb3939-691a-4526-9675-6bb3aa9f4586/element/AE000000-0000-0000-6E7E-000000000000/displayed {}</msg>
<msg time="2025-08-04T13:45:27.498827" level="DEBUG">Starting new HTTP connection (1): 127.0.0.1:4723</msg>
<msg time="2025-08-04T13:45:27.526524" level="DEBUG">http://127.0.0.1:4723 "GET /session/d9bb3939-691a-4526-9675-6bb3aa9f4586/element/AE000000-0000-0000-6E7E-000000000000/displayed HTTP/1.1" 200 0</msg>
<msg time="2025-08-04T13:45:27.526808" level="DEBUG">Remote response: status=200 | data={"value":true,"sessionId":"d9bb3939-691a-4526-9675-6bb3aa9f4586"} | headers=HTTPHeaderDict({'X-Powered-By': 'Express', 'Content-Type': 'application/json; charset=utf-8', 'Content-Length': '65', 'ETag': 'W/"41-YkXFgkcLb4sPML6IRXT3kyleuT0"', 'Date': 'Mon, 04 Aug 2025 06:45:27 GMT', 'Connection': 'keep-alive', 'Keep-Alive': 'timeout=600'})</msg>
<msg time="2025-08-04T13:45:27.526971" level="DEBUG">Finished Request</msg>
<msg time="2025-08-04T13:45:27.527198" level="INFO">xpath criteria: //XCUIElementTypeButton[@name="Home"]</msg>
<arg>${iOS_Home_Tab}</arg>
<doc>Verifies that element identified with locator is visible.</doc>
<status status="PASS" start="2025-08-04T13:45:27.377393" elapsed="0.149912"/>
</kw>
<status status="PASS" start="2025-08-04T13:45:27.376882" elapsed="0.150592"/>
</kw>
<status status="PASS" start="2025-08-04T13:45:08.925888" elapsed="18.601963"/>
</test>
<status status="PASS" start="2025-08-04T13:45:08.805099" elapsed="18.723663"/>
</suite>
<suite id="s1-s2" name="Verify sort name" source="/Users/thanhht/Documents/Work/Robot_Framework_Mobile/Tests/iOS/Verify_sort_name.robot">
<test id="s1-s2-t1" name="User click on Name column and see list is sorted by name" line="6">
<kw name="User tap on WatchList Tab" owner="WatchlistScreen">
<kw name="Click Element" owner="AppiumLibrary">
<msg time="2025-08-04T13:45:27.544642" level="INFO">Clicking element '//XCUIElementTypeButton[@name="Watchlist"]'.</msg>
<msg time="2025-08-04T13:45:27.544718" level="DEBUG">POST http://127.0.0.1:4723/session/d9bb3939-691a-4526-9675-6bb3aa9f4586/elements {'using': 'xpath', 'value': '//XCUIElementTypeButton[@name="Watchlist"]'}</msg>
<msg time="2025-08-04T13:45:27.544875" level="DEBUG">Starting new HTTP connection (1): 127.0.0.1:4723</msg>
<msg time="2025-08-04T13:45:27.634093" level="DEBUG">http://127.0.0.1:4723 "POST /session/d9bb3939-691a-4526-9675-6bb3aa9f4586/elements HTTP/1.1" 200 0</msg>
<msg time="2025-08-04T13:45:27.634402" level="DEBUG">Remote response: status=200 | data={"value":[{"element-6066-11e4-a52e-4f735466cecf":"AF000000-0000-0000-6E7E-000000000000","ELEMENT":"AF000000-0000-0000-6E7E-000000000000"}]} | headers=HTTPHeaderDict({'X-Powered-By': 'Express', 'Vary': 'X-HTTP-Method-Override', 'Content-Type': 'application/json; charset=utf-8', 'Content-Length': '139', 'ETag': 'W/"8b-oLlMClBLBmOQl9otJt4iPtvdWUY"', 'Date': 'Mon, 04 Aug 2025 06:45:27 GMT', 'Connection': 'keep-alive', 'Keep-Alive': 'timeout=600'})</msg>
<msg time="2025-08-04T13:45:27.634582" level="DEBUG">Finished Request</msg>
<msg time="2025-08-04T13:45:27.634921" level="DEBUG">POST http://127.0.0.1:4723/session/d9bb3939-691a-4526-9675-6bb3aa9f4586/element/AF000000-0000-0000-6E7E-000000000000/click {}</msg>
<msg time="2025-08-04T13:45:27.635688" level="DEBUG">Starting new HTTP connection (1): 127.0.0.1:4723</msg>
<msg time="2025-08-04T13:45:28.057448" level="DEBUG">http://127.0.0.1:4723 "POST /session/d9bb3939-691a-4526-9675-6bb3aa9f4586/element/AF000000-0000-0000-6E7E-000000000000/click HTTP/1.1" 200 0</msg>
<msg time="2025-08-04T13:45:28.057681" level="DEBUG">Remote response: status=200 | data={"value":null,"sessionId":"d9bb3939-691a-4526-9675-6bb3aa9f4586"} | headers=HTTPHeaderDict({'X-Powered-By': 'Express', 'Vary': 'X-HTTP-Method-Override', 'Content-Type': 'application/json; charset=utf-8', 'Content-Length': '65', 'ETag': 'W/"41-fEEzLpxyn0PC3mQpozAhlOx7Xp0"', 'Date': 'Mon, 04 Aug 2025 06:45:28 GMT', 'Connection': 'keep-alive', 'Keep-Alive': 'timeout=600'})</msg>
<msg time="2025-08-04T13:45:28.057788" level="DEBUG">Finished Request</msg>
<msg time="2025-08-04T13:45:28.058012" level="INFO">xpath criteria: //XCUIElementTypeButton[@name="Watchlist"]</msg>
<arg>${watchlist_tab}</arg>
<doc>Click element identified by `locator`.</doc>
<status status="PASS" start="2025-08-04T13:45:27.544116" elapsed="0.514059"/>
</kw>
<status status="PASS" start="2025-08-04T13:45:27.543856" elapsed="0.514427"/>
</kw>
<kw name="User tap on Name column" owner="WatchlistScreen">
<kw name="Sleep" owner="BuiltIn">
<msg time="2025-08-04T13:45:33.060964" level="INFO">Slept 5 seconds.</msg>
<arg>5s</arg>
<doc>Pauses the test executed for the given time.</doc>
<status status="PASS" start="2025-08-04T13:45:28.058821" elapsed="5.002614"/>
</kw>
<kw name="Click Element" owner="AppiumLibrary">
<msg time="2025-08-04T13:45:33.064274" level="INFO">Clicking element '//XCUIElementTypeApplication[@name="[UAT] PHILLIP HK"]/XCUIElementTypeWindow[1]/XCUIElementTypeOther/XCUIElementTypeOther/XCUIElementTypeOther/XCUIElementTypeOther/XCUIElementTypeOther/XCUIElementTypeOther/XCUIElementTypeOther/XCUIElementTypeOther/XCUIElementTypeOther/XCUIElementTypeOther/XCUIElementTypeOther/XCUIElementTypeOther[4]/XCUIElementTypeOther/XCUIElementTypeScrollView/XCUIElementTypeOther/XCUIElementTypeOther[1]/XCUIElementTypeOther/XCUIElementTypeOther[2]/XCUIElementTypeOther/XCUIElementTypeOther/XCUIElementTypeButton'.</msg>
<msg time="2025-08-04T13:45:33.064627" level="DEBUG">POST http://127.0.0.1:4723/session/d9bb3939-691a-4526-9675-6bb3aa9f4586/elements {'using': 'xpath', 'value': '//XCUIElementTypeApplication[@name="[UAT] PHILLIP HK"]/XCUIElementTypeWindow[1]/XCUIElementTypeOther...'}</msg>
<msg time="2025-08-04T13:45:33.065351" level="DEBUG">Starting new HTTP connection (1): 127.0.0.1:4723</msg>
<msg time="2025-08-04T13:45:33.820157" level="DEBUG">http://127.0.0.1:4723 "POST /session/d9bb3939-691a-4526-9675-6bb3aa9f4586/elements HTTP/1.1" 200 0</msg>
<msg time="2025-08-04T13:45:33.820445" level="DEBUG">Remote response: status=200 | data={"value":[{"element-6066-11e4-a52e-4f735466cecf":"89020000-0000-0000-6E7E-000000000000","ELEMENT":"89020000-0000-0000-6E7E-000000000000"}]} | headers=HTTPHeaderDict({'X-Powered-By': 'Express', 'Vary': 'X-HTTP-Method-Override', 'Content-Type': 'application/json; charset=utf-8', 'Content-Length': '139', 'ETag': 'W/"8b-Rxn7fwbutpbwW7piVsnzBJ2zn38"', 'Date': 'Mon, 04 Aug 2025 06:45:33 GMT', 'Connection': 'keep-alive', 'Keep-Alive': 'timeout=600'})</msg>
<msg time="2025-08-04T13:45:33.820611" level="DEBUG">Finished Request</msg>
<msg time="2025-08-04T13:45:33.820942" level="DEBUG">POST http://127.0.0.1:4723/session/d9bb3939-691a-4526-9675-6bb3aa9f4586/element/89020000-0000-0000-6E7E-000000000000/click {}</msg>
<msg time="2025-08-04T13:45:33.821762" level="DEBUG">Starting new HTTP connection (1): 127.0.0.1:4723</msg>
<msg time="2025-08-04T13:45:34.324359" level="DEBUG">http://127.0.0.1:4723 "POST /session/d9bb3939-691a-4526-9675-6bb3aa9f4586/element/89020000-0000-0000-6E7E-000000000000/click HTTP/1.1" 200 0</msg>
<msg time="2025-08-04T13:45:34.324589" level="DEBUG">Remote response: status=200 | data={"value":null,"sessionId":"d9bb3939-691a-4526-9675-6bb3aa9f4586"} | headers=HTTPHeaderDict({'X-Powered-By': 'Express', 'Vary': 'X-HTTP-Method-Override', 'Content-Type': 'application/json; charset=utf-8', 'Content-Length': '65', 'ETag': 'W/"41-fEEzLpxyn0PC3mQpozAhlOx7Xp0"', 'Date': 'Mon, 04 Aug 2025 06:45:34 GMT', 'Connection': 'keep-alive', 'Keep-Alive': 'timeout=600'})</msg>
<msg time="2025-08-04T13:45:34.324710" level="DEBUG">Finished Request</msg>
<msg time="2025-08-04T13:45:34.324911" level="INFO">xpath criteria: //XCUIElementTypeApplication[@name="[UAT] PHILLIP HK"]/XCUIElementTypeWindow[1]/XCUIElementTypeOther/XCUIElementTypeOther/XCUIElementTypeOther/XCUIElementTypeOther/XCUIElementTypeOther/XCUIElementTypeOther/XCUIElementTypeOther/XCUIElementTypeOther/XCUIElementTypeOther/XCUIElementTypeOther/XCUIElementTypeOther/XCUIElementTypeOther[4]/XCUIElementTypeOther/XCUIElementTypeScrollView/XCUIElementTypeOther/XCUIElementTypeOther[1]/XCUIElementTypeOther/XCUIElementTypeOther[2]/XCUIElementTypeOther/XCUIElementTypeOther/XCUIElementTypeButton</msg>
<arg>${name_column}</arg>
<doc>Click element identified by `locator`.</doc>
<status status="PASS" start="2025-08-04T13:45:33.062077" elapsed="1.262925"/>
</kw>
<status status="PASS" start="2025-08-04T13:45:28.058540" elapsed="6.266591"/>
</kw>
<kw name="User see Name List is sorted" owner="WatchlistScreen">
<kw name="Verify Name and Sort" owner="Sorting">
<kw name="Get Webelements" owner="AppiumLibrary">
<msg time="2025-08-04T13:45:34.326613" level="DEBUG">POST http://127.0.0.1:4723/session/d9bb3939-691a-4526-9675-6bb3aa9f4586/elements {'using': 'xpath', 'value': '//XCUIElementTypeCell/XCUIElementTypeStaticText[1]'}</msg>
<msg time="2025-08-04T13:45:34.327061" level="DEBUG">Starting new HTTP connection (1): 127.0.0.1:4723</msg>
<msg time="2025-08-04T13:45:38.192161" level="DEBUG">http://127.0.0.1:4723 "POST /session/d9bb3939-691a-4526-9675-6bb3aa9f4586/elements HTTP/1.1" 200 0</msg>
<msg time="2025-08-04T13:45:38.192334" level="DEBUG">Remote response: status=200 | data={"value":[{"element-6066-11e4-a52e-4f735466cecf":"EB010000-0000-0000-6E7E-000000000000","ELEMENT":"EB010000-0000-0000-6E7E-000000000000"},{"element-6066-11e4-a52e-4f735466cecf":"E3010000-0000-0000-6E7E-000000000000","ELEMENT":"E3010000-0000-0000-6E7E-000000000000"},{"element-6066-11e4-a52e-4f735466cecf":"DB010000-0000-0000-6E7E-000000000000","ELEMENT":"DB010000-0000-0000-6E7E-000000000000"},{"element-6066-11e4-a52e-4f735466cecf":"D3010000-0000-0000-6E7E-000000000000","ELEMENT":"D3010000-0000-0000-6E7E-000000000000"},{"element-6066-11e4-a52e-4f735466cecf":"CB010000-0000-0000-6E7E-000000000000","ELEMENT":"CB010000-0000-0000-6E7E-000000000000"},{"element-6066-11e4-a52e-4f735466cecf":"6B020000-0000-0000-6E7E-000000000000","ELEMENT":"6B020000-0000-0000-6E7E-000000000000"},{"element-6066-11e4-a52e-4f735466cecf":"C3010000-0000-0000-6E7E-000000000000","ELEMENT":"C3010000-0000-0000-6E7E-000000000000"},{"element-6066-11e4-a52e-4f735466cecf":"63020000-0000-0000-6E7E-000000000000","ELEMENT":"63020000-0000-0000-6E7E-000000000000"},{"element-6066-11e4-a52e-4f735466cecf":"BB010000-0000-0000-6E7E-000000000000","ELEMENT":"BB010000-0000-0000-6E7E-000000000000"},{"element-6066-11e4-a52e-4f735466cecf":"5B020000-0000-0000-6E7E-000000000000","ELEMENT":"5B020000-0000-0000-6E7E-000000000000"},{"element-6066-11e4-a52e-4f735466cecf":"53020000-0000-0000-6E7E-000000000000","ELEMENT":"53020000-0000-0000-6E7E-000000000000"},{"element-6066-11e4-a52e-4f735466cecf":"BF020000-0000-0000-6E7E-000000000000","ELEMENT":"BF020000-0000-0000-6E7E-000000000000"},{"element-6066-11e4-a52e-4f735466cecf":"C7020000-0000-0000-6E7E-000000000000","ELEMENT":"C7020000-0000-0000-6E7E-000000000000"},{"element-6066-11e4-a52e-4f735466cecf":"CF020000-0000-0000-6E7E-000000000000","ELEMENT":"CF020000-0000-0000-6E7E-000000000000"},{"element-6066-11e4-a52e-4f735466cecf":"D7020000-0000-0000-6E7E-000000000000","ELEMENT":"D7020000-0000-0000-6E7E-000000000000"},{"element-6066-11e4-a52e-4f735466cecf":"DF020000-0000-0000-6E7E-000000000000","ELEMENT":"DF020000-0000-0000-6E7E-000000000000"},{"element-6066-11e4-a52e-4f735466cecf":"E7020000-0000-0000-6E7E-000000000000","ELEMENT":"E7020000-0000-0000-6E7E-000000000000"},{"element-6066-11e4-a52e-4f735466cecf":"EF020000-0000-0000-6E7E-000000000000","ELEMENT":"EF020000-0000-0000-6E7E-000000000000"},{"element-6066-11e4-a52e-4f735466cecf":"F7020000-0000-0000-6E7E-000000000000","ELEMENT":"F7020000-0000-0000-6E7E-000000000000"},{"element-6066-11e4-a52e-4f735466cecf":"FF020000-0000-0000-6E7E-000000000000","ELEMENT":"FF020000-0000-0000-6E7E-000000000000"},{"element-6066-11e4-a52e-4f735466cecf":"07030000-0000-0000-6E7E-000000000000","ELEMENT":"07030000-0000-0000-6E7E-000000000000"},{"element-6066-11e4-a52e-4f735466cecf":"0F030000-0000-0000-6E7E-000000000000","ELEMENT":"0F030000-0000-0000-6E7E-000000000000"},{"element-6066-11e4-a52e-4f735466cecf":"17030000-0000-0000-6E7E-000000000000","ELEMENT":"17030000-0000-0000-6E7E-000000000000"},{"element-6066-11e4-a52e-4f735466cecf":"1F030000-0000-0000-6E7E-000000000000","ELEMENT":"1F030000-0000-0000-6E7E-000000000000"},{"element-6066-11e4-a52e-4f735466cecf":"27030000-0000-0000-6E7E-000000000000","ELEMENT":"27030000-0000-0000-6E7E-000000000000"},{"element-6066-11e4-a52e-4f735466cecf":"2F030000-0000-0000-6E7E-000000000000","ELEMENT":"2F030000-0000-0000-6E7E-000000000000"},{"element-6066-11e4-a52e-4f735466cecf":"37030000-0000-0000-6E7E-000000000000","ELEMENT":"37030000-0000-0000-6E7E-000000000000"},{"element-6066-11e4-a52e-4f735466cecf":"3F030000-0000-0000-6E7E-000000000000","ELEMENT":"3F030000-0000-0000-6E7E-000000000000"},{"element-6066-11e4-a52e-4f735466cecf":"47030000-0000-0000-6E7E-000000000000","ELEMENT":"47030000-0000-0000-6E7E-000000000000"},{"element-6066-11e4-a52e-4f735466cecf":"4F030000-0000-0000-6E7E-000000000000","ELEMENT":"4F030000-0000-0000-6E7E-000000000000"},{"element-6066-11e4-a52e-4f735466cecf":"57030000-0000-0000-6E7E-000000000000","ELEMENT":"57030000-0000-0000-6E7E-000000000000"},{"element-6066-11e4-a52e-4f735466cecf":"5F030000-0000-0000-6E7E-000000000000","ELEMENT":"5F030000-0000-0000-6E7E-000000000000"},{"element-6066-11e4-a52e-4f735466cecf":"67030000-0000-0000-6E7E-000000000000","ELEMENT":"67030000-0000-0000-6E7E-000000000000"},{"element-6066-11e4-a52e-4f735466cecf":"6F030000-0000-0000-6E7E-000000000000","ELEMENT":"6F030000-0000-0000-6E7E-000000000000"}]} | headers=HTTPHeaderDict({'X-Powered-By': 'Express', 'Vary': 'X-HTTP-Method-Override', 'Content-Type': 'application/json; charset=utf-8', 'Content-Length': '4363', 'ETag': 'W/"110b-G6oq2Fh39biCvUKRYoRKbzPH3pg"', 'Date': 'Mon, 04 Aug 2025 06:45:38 GMT', 'Connection': 'keep-alive', 'Keep-Alive': 'timeout=600'})</msg>
<msg time="2025-08-04T13:45:38.192575" level="DEBUG">Finished Request</msg>
<msg time="2025-08-04T13:45:38.192739" level="INFO">xpath criteria: //XCUIElementTypeCell/XCUIElementTypeStaticText[1]</msg>
<msg time="2025-08-04T13:45:38.192929" level="INFO">@{elements} = [ &lt;appium.webdriver.webelement.WebElement (session="d9bb3939-691a-4526-9675-6bb3aa9f4586", element="EB010000-0000-0000-6E7E-000000000000")&gt; | &lt;appium.webdriver.webelement.WebElement (session="d9bb3939...</msg>
<var>@{elements}</var>
<arg>//XCUIElementTypeCell/XCUIElementTypeStaticText[1]</arg>
<doc>Returns list of [http://selenium-python.readthedocs.io/api.html#module-selenium.webdriver.remote.webelement|WebElement] objects matching ``locator``.</doc>
<status status="PASS" start="2025-08-04T13:45:34.326325" elapsed="3.866639"/>
</kw>
<kw name="Create List" owner="BuiltIn">
<msg time="2025-08-04T13:45:38.193314" level="INFO">@{PriceList} = [ ]</msg>
<var>@{PriceList}</var>
<doc>Returns a list containing given items.</doc>
<status status="PASS" start="2025-08-04T13:45:38.193144" elapsed="0.000196"/>
</kw>
<for flavor="IN">
<iter>
<kw name="Get Element Attribute" owner="AppiumLibrary">
<msg time="2025-08-04T13:45:38.193921" level="DEBUG">GET http://127.0.0.1:4723/session/d9bb3939-691a-4526-9675-6bb3aa9f4586/element/EB010000-0000-0000-6E7E-000000000000/attribute/label {}</msg>
<msg time="2025-08-04T13:45:38.194313" level="DEBUG">Starting new HTTP connection (1): 127.0.0.1:4723</msg>
<msg time="2025-08-04T13:45:38.306324" level="DEBUG">http://127.0.0.1:4723 "GET /session/d9bb3939-691a-4526-9675-6bb3aa9f4586/element/EB010000-0000-0000-6E7E-000000000000/attribute/label HTTP/1.1" 200 0</msg>
<msg time="2025-08-04T13:45:38.306798" level="DEBUG">Remote response: status=200 | data={"value":"202.3800"} | headers=HTTPHeaderDict({'X-Powered-By': 'Express', 'Content-Type': 'application/json; charset=utf-8', 'Content-Length': '20', 'ETag': 'W/"14-aI8KHIMGZOdl6N9rghYeUttJerk"', 'Date': 'Mon, 04 Aug 2025 06:45:38 GMT', 'Connection': 'keep-alive', 'Keep-Alive': 'timeout=600'})</msg>
<msg time="2025-08-04T13:45:38.306903" level="DEBUG">Finished Request</msg>
<msg time="2025-08-04T13:45:38.308253" level="INFO">Element '&lt;appium.webdriver.webelement.WebElement (session="d9bb3939-691a-4526-9675-6bb3aa9f4586", element="EB010000-0000-0000-6E7E-000000000000")&gt;' attribute 'label' value '202.3800' </msg>
<msg time="2025-08-04T13:45:38.308377" level="INFO">${text} = 202.3800</msg>
<var>${text}</var>
<arg>${el}</arg>
<arg>label</arg>
<doc>Get element attribute using given attribute: name, value,...</doc>
<status status="PASS" start="2025-08-04T13:45:38.193691" elapsed="0.114715"/>
</kw>
<kw name="Append To List" owner="Collections">
<arg>${PriceList}</arg>
<arg>${text}</arg>
<doc>Adds ``values`` to the end of ``list``.</doc>
<status status="PASS" start="2025-08-04T13:45:38.308593" elapsed="0.000203"/>
</kw>
<var name="${el}">&lt;appium.webdriver.webelement.WebElement (session="d9bb3939-691a-4526-9675-6bb3aa9f4586", element="EB010000-0000-0000-6E7E-000000000000")&gt;</var>
<status status="PASS" start="2025-08-04T13:45:38.193597" elapsed="0.115243"/>
</iter>
<iter>
<kw name="Get Element Attribute" owner="AppiumLibrary">
<msg time="2025-08-04T13:45:38.309304" level="DEBUG">GET http://127.0.0.1:4723/session/d9bb3939-691a-4526-9675-6bb3aa9f4586/element/E3010000-0000-0000-6E7E-000000000000/attribute/label {}</msg>
<msg time="2025-08-04T13:45:38.309645" level="DEBUG">Starting new HTTP connection (1): 127.0.0.1:4723</msg>
<msg time="2025-08-04T13:45:38.421134" level="DEBUG">http://127.0.0.1:4723 "GET /session/d9bb3939-691a-4526-9675-6bb3aa9f4586/element/E3010000-0000-0000-6E7E-000000000000/attribute/label HTTP/1.1" 200 0</msg>
<msg time="2025-08-04T13:45:38.421446" level="DEBUG">Remote response: status=200 | data={"value":"195.2200"} | headers=HTTPHeaderDict({'X-Powered-By': 'Express', 'Content-Type': 'application/json; charset=utf-8', 'Content-Length': '20', 'ETag': 'W/"14-ek+vvyHo+MMpZ4Bsbon3yAh9AB8"', 'Date': 'Mon, 04 Aug 2025 06:45:38 GMT', 'Connection': 'keep-alive', 'Keep-Alive': 'timeout=600'})</msg>
<msg time="2025-08-04T13:45:38.421620" level="DEBUG">Finished Request</msg>
<msg time="2025-08-04T13:45:38.424361" level="INFO">Element '&lt;appium.webdriver.webelement.WebElement (session="d9bb3939-691a-4526-9675-6bb3aa9f4586", element="E3010000-0000-0000-6E7E-000000000000")&gt;' attribute 'label' value '195.2200' </msg>
<msg time="2025-08-04T13:45:38.424598" level="INFO">${text} = 195.2200</msg>
<var>${text}</var>
<arg>${el}</arg>
<arg>label</arg>
<doc>Get element attribute using given attribute: name, value,...</doc>
<status status="PASS" start="2025-08-04T13:45:38.309099" elapsed="0.115562"/>
</kw>
<kw name="Append To List" owner="Collections">
<arg>${PriceList}</arg>
<arg>${text}</arg>
<doc>Adds ``values`` to the end of ``list``.</doc>
<status status="PASS" start="2025-08-04T13:45:38.424873" elapsed="0.000190"/>
</kw>
<var name="${el}">&lt;appium.webdriver.webelement.WebElement (session="d9bb3939-691a-4526-9675-6bb3aa9f4586", element="E3010000-0000-0000-6E7E-000000000000")&gt;</var>
<status status="PASS" start="2025-08-04T13:45:38.309002" elapsed="0.116102"/>
</iter>
<iter>
<kw name="Get Element Attribute" owner="AppiumLibrary">
<msg time="2025-08-04T13:45:38.425552" level="DEBUG">GET http://127.0.0.1:4723/session/d9bb3939-691a-4526-9675-6bb3aa9f4586/element/DB010000-0000-0000-6E7E-000000000000/attribute/label {}</msg>
<msg time="2025-08-04T13:45:38.425917" level="DEBUG">Starting new HTTP connection (1): 127.0.0.1:4723</msg>
<msg time="2025-08-04T13:45:38.530709" level="DEBUG">http://127.0.0.1:4723 "GET /session/d9bb3939-691a-4526-9675-6bb3aa9f4586/element/DB010000-0000-0000-6E7E-000000000000/attribute/label HTTP/1.1" 200 0</msg>
<msg time="2025-08-04T13:45:38.531000" level="DEBUG">Remote response: status=200 | data={"value":"113.5000"} | headers=HTTPHeaderDict({'X-Powered-By': 'Express', 'Content-Type': 'application/json; charset=utf-8', 'Content-Length': '20', 'ETag': 'W/"14-YZGToPUPQDlrIbWupKTbRk6pNK0"', 'Date': 'Mon, 04 Aug 2025 06:45:38 GMT', 'Connection': 'keep-alive', 'Keep-Alive': 'timeout=600'})</msg>
<msg time="2025-08-04T13:45:38.531161" level="DEBUG">Finished Request</msg>
<msg time="2025-08-04T13:45:38.533784" level="INFO">Element '&lt;appium.webdriver.webelement.WebElement (session="d9bb3939-691a-4526-9675-6bb3aa9f4586", element="DB010000-0000-0000-6E7E-000000000000")&gt;' attribute 'label' value '113.5000' </msg>
<msg time="2025-08-04T13:45:38.534006" level="INFO">${text} = 113.5000</msg>
<var>${text}</var>
<arg>${el}</arg>
<arg>label</arg>
<doc>Get element attribute using given attribute: name, value,...</doc>
<status status="PASS" start="2025-08-04T13:45:38.425309" elapsed="0.108758"/>
</kw>
<kw name="Append To List" owner="Collections">
<arg>${PriceList}</arg>
<arg>${text}</arg>
<doc>Adds ``values`` to the end of ``list``.</doc>
<status status="PASS" start="2025-08-04T13:45:38.534393" elapsed="0.000377"/>
</kw>
<var name="${el}">&lt;appium.webdriver.webelement.WebElement (session="d9bb3939-691a-4526-9675-6bb3aa9f4586", element="DB010000-0000-0000-6E7E-000000000000")&gt;</var>
<status status="PASS" start="2025-08-04T13:45:38.425223" elapsed="0.109639"/>
</iter>
<iter>
<kw name="Get Element Attribute" owner="AppiumLibrary">
<msg time="2025-08-04T13:45:38.535713" level="DEBUG">GET http://127.0.0.1:4723/session/d9bb3939-691a-4526-9675-6bb3aa9f4586/element/D3010000-0000-0000-6E7E-000000000000/attribute/label {}</msg>
<msg time="2025-08-04T13:45:38.536215" level="DEBUG">Starting new HTTP connection (1): 127.0.0.1:4723</msg>
<msg time="2025-08-04T13:45:38.640928" level="DEBUG">http://127.0.0.1:4723 "GET /session/d9bb3939-691a-4526-9675-6bb3aa9f4586/element/D3010000-0000-0000-6E7E-000000000000/attribute/label HTTP/1.1" 200 0</msg>
<msg time="2025-08-04T13:45:38.641221" level="DEBUG">Remote response: status=200 | data={"value":"82.9000"} | headers=HTTPHeaderDict({'X-Powered-By': 'Express', 'Content-Type': 'application/json; charset=utf-8', 'Content-Length': '19', 'ETag': 'W/"13-LiLfEdSjxcqxegW97HcO1lwWans"', 'Date': 'Mon, 04 Aug 2025 06:45:38 GMT', 'Connection': 'keep-alive', 'Keep-Alive': 'timeout=600'})</msg>
<msg time="2025-08-04T13:45:38.641534" level="DEBUG">Finished Request</msg>
<msg time="2025-08-04T13:45:38.643660" level="INFO">Element '&lt;appium.webdriver.webelement.WebElement (session="d9bb3939-691a-4526-9675-6bb3aa9f4586", element="D3010000-0000-0000-6E7E-000000000000")&gt;' attribute 'label' value '82.9000' </msg>
<msg time="2025-08-04T13:45:38.643844" level="INFO">${text} = 82.9000</msg>
<var>${text}</var>
<arg>${el}</arg>
<arg>label</arg>
<doc>Get element attribute using given attribute: name, value,...</doc>
<status status="PASS" start="2025-08-04T13:45:38.535282" elapsed="0.108641"/>
</kw>
<kw name="Append To List" owner="Collections">
<arg>${PriceList}</arg>
<arg>${text}</arg>
<doc>Adds ``values`` to the end of ``list``.</doc>
<status status="PASS" start="2025-08-04T13:45:38.644149" elapsed="0.000346"/>
</kw>
<var name="${el}">&lt;appium.webdriver.webelement.WebElement (session="d9bb3939-691a-4526-9675-6bb3aa9f4586", element="D3010000-0000-0000-6E7E-000000000000")&gt;</var>
<status status="PASS" start="2025-08-04T13:45:38.535102" elapsed="0.109452"/>
</iter>
<iter>
<kw name="Get Element Attribute" owner="AppiumLibrary">
<msg time="2025-08-04T13:45:38.645162" level="DEBUG">GET http://127.0.0.1:4723/session/d9bb3939-691a-4526-9675-6bb3aa9f4586/element/CB010000-0000-0000-6E7E-000000000000/attribute/label {}</msg>
<msg time="2025-08-04T13:45:38.645610" level="DEBUG">Starting new HTTP connection (1): 127.0.0.1:4723</msg>
<msg time="2025-08-04T13:45:38.748237" level="DEBUG">http://127.0.0.1:4723 "GET /session/d9bb3939-691a-4526-9675-6bb3aa9f4586/element/CB010000-0000-0000-6E7E-000000000000/attribute/label HTTP/1.1" 200 0</msg>
<msg time="2025-08-04T13:45:38.748527" level="DEBUG">Remote response: status=200 | data={"value":"81.6500"} | headers=HTTPHeaderDict({'X-Powered-By': 'Express', 'Content-Type': 'application/json; charset=utf-8', 'Content-Length': '19', 'ETag': 'W/"13-SiXggwfRfyQn9z0hSI2SXyfXhoU"', 'Date': 'Mon, 04 Aug 2025 06:45:38 GMT', 'Connection': 'keep-alive', 'Keep-Alive': 'timeout=600'})</msg>
<msg time="2025-08-04T13:45:38.748687" level="DEBUG">Finished Request</msg>
<msg time="2025-08-04T13:45:38.751245" level="INFO">Element '&lt;appium.webdriver.webelement.WebElement (session="d9bb3939-691a-4526-9675-6bb3aa9f4586", element="CB010000-0000-0000-6E7E-000000000000")&gt;' attribute 'label' value '81.6500' </msg>
<msg time="2025-08-04T13:45:38.751376" level="INFO">${text} = 81.6500</msg>
<var>${text}</var>
<arg>${el}</arg>
<arg>label</arg>
<doc>Get element attribute using given attribute: name, value,...</doc>
<status status="PASS" start="2025-08-04T13:45:38.644875" elapsed="0.106533"/>
</kw>
<kw name="Append To List" owner="Collections">
<arg>${PriceList}</arg>
<arg>${text}</arg>
<doc>Adds ``values`` to the end of ``list``.</doc>
<status status="PASS" start="2025-08-04T13:45:38.751609" elapsed="0.000214"/>
</kw>
<var name="${el}">&lt;appium.webdriver.webelement.WebElement (session="d9bb3939-691a-4526-9675-6bb3aa9f4586", element="CB010000-0000-0000-6E7E-000000000000")&gt;</var>
<status status="PASS" start="2025-08-04T13:45:38.644705" elapsed="0.107166"/>
</iter>
<iter>
<kw name="Get Element Attribute" owner="AppiumLibrary">
<msg time="2025-08-04T13:45:38.752347" level="DEBUG">GET http://127.0.0.1:4723/session/d9bb3939-691a-4526-9675-6bb3aa9f4586/element/6B020000-0000-0000-6E7E-000000000000/attribute/label {}</msg>
<msg time="2025-08-04T13:45:38.752779" level="DEBUG">Starting new HTTP connection (1): 127.0.0.1:4723</msg>
<msg time="2025-08-04T13:45:38.855973" level="DEBUG">http://127.0.0.1:4723 "GET /session/d9bb3939-691a-4526-9675-6bb3aa9f4586/element/6B020000-0000-0000-6E7E-000000000000/attribute/label HTTP/1.1" 200 0</msg>
<msg time="2025-08-04T13:45:38.856159" level="DEBUG">Remote response: status=200 | data={"value":"81.6300"} | headers=HTTPHeaderDict({'X-Powered-By': 'Express', 'Content-Type': 'application/json; charset=utf-8', 'Content-Length': '19', 'ETag': 'W/"13-tblRNzER11/7i/1/hCrtfT6fe6Q"', 'Date': 'Mon, 04 Aug 2025 06:45:38 GMT', 'Connection': 'keep-alive', 'Keep-Alive': 'timeout=600'})</msg>
<msg time="2025-08-04T13:45:38.856231" level="DEBUG">Finished Request</msg>
<msg time="2025-08-04T13:45:38.857217" level="INFO">Element '&lt;appium.webdriver.webelement.WebElement (session="d9bb3939-691a-4526-9675-6bb3aa9f4586", element="6B020000-0000-0000-6E7E-000000000000")&gt;' attribute 'label' value '81.6300' </msg>
[...]
<msg time="2025-08-04T13:45:41.033189" level="DEBUG">http://127.0.0.1:4723 "GET /session/d9bb3939-691a-4526-9675-6bb3aa9f4586/element/2F030000-0000-0000-6E7E-000000000000/attribute/label HTTP/1.1" 200 0</msg>
<msg time="2025-08-04T13:45:41.033480" level="DEBUG">Remote response: status=200 | data={"value":"10.0900"} | headers=HTTPHeaderDict({'X-Powered-By': 'Express', 'Content-Type': 'application/json; charset=utf-8', 'Content-Length': '19', 'ETag': 'W/"13-8YT1zVlfGlcoLX5PJzXhrnGKQWA"', 'Date': 'Mon, 04 Aug 2025 06:45:41 GMT', 'Connection': 'keep-alive', 'Keep-Alive': 'timeout=600'})</msg>
<msg time="2025-08-04T13:45:41.033648" level="DEBUG">Finished Request</msg>
<msg time="2025-08-04T13:45:41.036174" level="INFO">Element '&lt;appium.webdriver.webelement.WebElement (session="d9bb3939-691a-4526-9675-6bb3aa9f4586", element="2F030000-0000-0000-6E7E-000000000000")&gt;' attribute 'label' value '10.0900' </msg>
<msg time="2025-08-04T13:45:41.036309" level="INFO">${text} = 10.0900</msg>
<var>${text}</var>
<arg>${el}</arg>
<arg>label</arg>
<doc>Get element attribute using given attribute: name, value,...</doc>
<status status="PASS" start="2025-08-04T13:45:40.926734" elapsed="0.109608"/>
</kw>
<kw name="Append To List" owner="Collections">
<arg>${PriceList}</arg>
<arg>${text}</arg>
<doc>Adds ``values`` to the end of ``list``.</doc>
<status status="PASS" start="2025-08-04T13:45:41.036542" elapsed="0.000212"/>
</kw>
<var name="${el}">&lt;appium.webdriver.webelement.WebElement (session="d9bb3939-691a-4526-9675-6bb3aa9f4586", element="2F030000-0000-0000-6E7E-000000000000")&gt;</var>
<status status="PASS" start="2025-08-04T13:45:40.926633" elapsed="0.110168"/>
</iter>
<iter>
<kw name="Get Element Attribute" owner="AppiumLibrary">
<msg time="2025-08-04T13:45:41.037282" level="DEBUG">GET http://127.0.0.1:4723/session/d9bb3939-691a-4526-9675-6bb3aa9f4586/element/37030000-0000-0000-6E7E-000000000000/attribute/label {}</msg>
<msg time="2025-08-04T13:45:41.037727" level="DEBUG">Starting new HTTP connection (1): 127.0.0.1:4723</msg>
<msg time="2025-08-04T13:45:41.140729" level="DEBUG">http://127.0.0.1:4723 "GET /session/d9bb3939-691a-4526-9675-6bb3aa9f4586/element/37030000-0000-0000-6E7E-000000000000/attribute/label HTTP/1.1" 200 0</msg>
<msg time="2025-08-04T13:45:41.141016" level="DEBUG">Remote response: status=200 | data={"value":"4.1600"} | headers=HTTPHeaderDict({'X-Powered-By': 'Express', 'Content-Type': 'application/json; charset=utf-8', 'Content-Length': '18', 'ETag': 'W/"12-GTuMR1/PkUnA3r/kyYp3ZyamKts"', 'Date': 'Mon, 04 Aug 2025 06:45:41 GMT', 'Connection': 'keep-alive', 'Keep-Alive': 'timeout=600'})</msg>
<msg time="2025-08-04T13:45:41.141187" level="DEBUG">Finished Request</msg>
<msg time="2025-08-04T13:45:41.143329" level="INFO">Element '&lt;appium.webdriver.webelement.WebElement (session="d9bb3939-691a-4526-9675-6bb3aa9f4586", element="37030000-0000-0000-6E7E-000000000000")&gt;' attribute 'label' value '4.1600' </msg>
<msg time="2025-08-04T13:45:41.143463" level="INFO">${text} = 4.1600</msg>
<var>${text}</var>
<arg>${el}</arg>
<arg>label</arg>
<doc>Get element attribute using given attribute: name, value,...</doc>
<status status="PASS" start="2025-08-04T13:45:41.037037" elapsed="0.106458"/>
</kw>
<kw name="Append To List" owner="Collections">
<arg>${PriceList}</arg>
<arg>${text}</arg>
<doc>Adds ``values`` to the end of ``list``.</doc>
<status status="PASS" start="2025-08-04T13:45:41.143696" elapsed="0.000302"/>
</kw>
<var name="${el}">&lt;appium.webdriver.webelement.WebElement (session="d9bb3939-691a-4526-9675-6bb3aa9f4586", element="37030000-0000-0000-6E7E-000000000000")&gt;</var>
<status status="PASS" start="2025-08-04T13:45:41.036940" elapsed="0.107109"/>
</iter>
<iter>
<kw name="Get Element Attribute" owner="AppiumLibrary">
<msg time="2025-08-04T13:45:41.144821" level="DEBUG">GET http://127.0.0.1:4723/session/d9bb3939-691a-4526-9675-6bb3aa9f4586/element/3F030000-0000-0000-6E7E-000000000000/attribute/label {}</msg>
<msg time="2025-08-04T13:45:41.145227" level="DEBUG">Starting new HTTP connection (1): 127.0.0.1:4723</msg>
<msg time="2025-08-04T13:45:41.247828" level="DEBUG">http://127.0.0.1:4723 "GET /session/d9bb3939-691a-4526-9675-6bb3aa9f4586/element/3F030000-0000-0000-6E7E-000000000000/attribute/label HTTP/1.1" 200 0</msg>
<msg time="2025-08-04T13:45:41.248147" level="DEBUG">Remote response: status=200 | data={"value":"3.6300"} | headers=HTTPHeaderDict({'X-Powered-By': 'Express', 'Content-Type': 'application/json; charset=utf-8', 'Content-Length': '18', 'ETag': 'W/"12-JIRTktM6/JjJfxHhMyhCdbB440M"', 'Date': 'Mon, 04 Aug 2025 06:45:41 GMT', 'Connection': 'keep-alive', 'Keep-Alive': 'timeout=600'})</msg>
<msg time="2025-08-04T13:45:41.248431" level="DEBUG">Finished Request</msg>
<msg time="2025-08-04T13:45:41.250429" level="INFO">Element '&lt;appium.webdriver.webelement.WebElement (session="d9bb3939-691a-4526-9675-6bb3aa9f4586", element="3F030000-0000-0000-6E7E-000000000000")&gt;' attribute 'label' value '3.6300' </msg>
<msg time="2025-08-04T13:45:41.250558" level="INFO">${text} = 3.6300</msg>
<var>${text}</var>
<arg>${el}</arg>
<arg>label</arg>
<doc>Get element attribute using given attribute: name, value,...</doc>
<status status="PASS" start="2025-08-04T13:45:41.144497" elapsed="0.106093"/>
</kw>
<kw name="Append To List" owner="Collections">
<arg>${PriceList}</arg>
<arg>${text}</arg>
<doc>Adds ``values`` to the end of ``list``.</doc>
<status status="PASS" start="2025-08-04T13:45:41.250789" elapsed="0.000216"/>
</kw>
<var name="${el}">&lt;appium.webdriver.webelement.WebElement (session="d9bb3939-691a-4526-9675-6bb3aa9f4586", element="3F030000-0000-0000-6E7E-000000000000")&gt;</var>
<status status="PASS" start="2025-08-04T13:45:41.144191" elapsed="0.106861"/>
</iter>
<iter>
<kw name="Get Element Attribute" owner="AppiumLibrary">
<msg time="2025-08-04T13:45:41.251531" level="DEBUG">GET http://127.0.0.1:4723/session/d9bb3939-691a-4526-9675-6bb3aa9f4586/element/47030000-0000-0000-6E7E-000000000000/attribute/label {}</msg>
<msg time="2025-08-04T13:45:41.251961" level="DEBUG">Starting new HTTP connection (1): 127.0.0.1:4723</msg>
<msg time="2025-08-04T13:45:41.354932" level="DEBUG">http://127.0.0.1:4723 "GET /session/d9bb3939-691a-4526-9675-6bb3aa9f4586/element/47030000-0000-0000-6E7E-000000000000/attribute/label HTTP/1.1" 200 0</msg>
<msg time="2025-08-04T13:45:41.355250" level="DEBUG">Remote response: status=200 | data={"value":"3.1201"} | headers=HTTPHeaderDict({'X-Powered-By': 'Express', 'Content-Type': 'application/json; charset=utf-8', 'Content-Length': '18', 'ETag': 'W/"12-b/lqV4xLZHy8mW+k55qWPZ/nut4"', 'Date': 'Mon, 04 Aug 2025 06:45:41 GMT', 'Connection': 'keep-alive', 'Keep-Alive': 'timeout=600'})</msg>
<msg time="2025-08-04T13:45:41.355429" level="DEBUG">Finished Request</msg>
<msg time="2025-08-04T13:45:41.357404" level="INFO">Element '&lt;appium.webdriver.webelement.WebElement (session="d9bb3939-691a-4526-9675-6bb3aa9f4586", element="47030000-0000-0000-6E7E-000000000000")&gt;' attribute 'label' value '3.1201' </msg>
<msg time="2025-08-04T13:45:41.357547" level="INFO">${text} = 3.1201</msg>
<var>${text}</var>
<arg>${el}</arg>
<arg>label</arg>
<doc>Get element attribute using given attribute: name, value,...</doc>
<status status="PASS" start="2025-08-04T13:45:41.251290" elapsed="0.106291"/>
</kw>
<kw name="Append To List" owner="Collections">
<arg>${PriceList}</arg>
<arg>${text}</arg>
<doc>Adds ``values`` to the end of ``list``.</doc>
<status status="PASS" start="2025-08-04T13:45:41.357783" elapsed="0.000217"/>
</kw>
<var name="${el}">&lt;appium.webdriver.webelement.WebElement (session="d9bb3939-691a-4526-9675-6bb3aa9f4586", element="47030000-0000-0000-6E7E-000000000000")&gt;</var>
<status status="PASS" start="2025-08-04T13:45:41.251191" elapsed="0.106856"/>
</iter>
<iter>
<kw name="Get Element Attribute" owner="AppiumLibrary">
<msg time="2025-08-04T13:45:41.358587" level="DEBUG">GET http://127.0.0.1:4723/session/d9bb3939-691a-4526-9675-6bb3aa9f4586/element/4F030000-0000-0000-6E7E-000000000000/attribute/label {}</msg>
<msg time="2025-08-04T13:45:41.359091" level="DEBUG">Starting new HTTP connection (1): 127.0.0.1:4723</msg>
<msg time="2025-08-04T13:45:41.464623" level="DEBUG">http://127.0.0.1:4723 "GET /session/d9bb3939-691a-4526-9675-6bb3aa9f4586/element/4F030000-0000-0000-6E7E-000000000000/attribute/label HTTP/1.1" 200 0</msg>
<msg time="2025-08-04T13:45:41.464879" level="DEBUG">Remote response: status=200 | data={"value":"2.2458"} | headers=HTTPHeaderDict({'X-Powered-By': 'Express', 'Content-Type': 'application/json; charset=utf-8', 'Content-Length': '18', 'ETag': 'W/"12-22GxXGlm7ORB4BbyX4+Jpe4IIxM"', 'Date': 'Mon, 04 Aug 2025 06:45:41 GMT', 'Connection': 'keep-alive', 'Keep-Alive': 'timeout=600'})</msg>
<msg time="2025-08-04T13:45:41.464982" level="DEBUG">Finished Request</msg>
<msg time="2025-08-04T13:45:41.466751" level="INFO">Element '&lt;appium.webdriver.webelement.WebElement (session="d9bb3939-691a-4526-9675-6bb3aa9f4586", element="4F030000-0000-0000-6E7E-000000000000")&gt;' attribute 'label' value '2.2458' </msg>
<msg time="2025-08-04T13:45:41.466905" level="INFO">${text} = 2.2458</msg>
<var>${text}</var>
<arg>${el}</arg>
<arg>label</arg>
<doc>Get element attribute using given attribute: name, value,...</doc>
<status status="PASS" start="2025-08-04T13:45:41.358289" elapsed="0.108649"/>
</kw>
<kw name="Append To List" owner="Collections">
<arg>${PriceList}</arg>
<arg>${text}</arg>
<doc>Adds ``values`` to the end of ``list``.</doc>
<status status="PASS" start="2025-08-04T13:45:41.467138" elapsed="0.000231"/>
</kw>
<var name="${el}">&lt;appium.webdriver.webelement.WebElement (session="d9bb3939-691a-4526-9675-6bb3aa9f4586", element="4F030000-0000-0000-6E7E-000000000000")&gt;</var>
<status status="PASS" start="2025-08-04T13:45:41.358185" elapsed="0.109231"/>
</iter>
<iter>
<kw name="Get Element Attribute" owner="AppiumLibrary">
<msg time="2025-08-04T13:45:41.467923" level="DEBUG">GET http://127.0.0.1:4723/session/d9bb3939-691a-4526-9675-6bb3aa9f4586/element/57030000-0000-0000-6E7E-000000000000/attribute/label {}</msg>
<msg time="2025-08-04T13:45:41.468358" level="DEBUG">Starting new HTTP connection (1): 127.0.0.1:4723</msg>
<msg time="2025-08-04T13:45:41.573539" level="DEBUG">http://127.0.0.1:4723 "GET /session/d9bb3939-691a-4526-9675-6bb3aa9f4586/element/57030000-0000-0000-6E7E-000000000000/attribute/label HTTP/1.1" 200 0</msg>
<msg time="2025-08-04T13:45:41.573785" level="DEBUG">Remote response: status=200 | data={"value":"1.0800"} | headers=HTTPHeaderDict({'X-Powered-By': 'Express', 'Content-Type': 'application/json; charset=utf-8', 'Content-Length': '18', 'ETag': 'W/"12-XXXCXfgyoVdy2QvtOjNM9dNrmqw"', 'Date': 'Mon, 04 Aug 2025 06:45:41 GMT', 'Connection': 'keep-alive', 'Keep-Alive': 'timeout=600'})</msg>
<msg time="2025-08-04T13:45:41.573891" level="DEBUG">Finished Request</msg>
<msg time="2025-08-04T13:45:41.575304" level="INFO">Element '&lt;appium.webdriver.webelement.WebElement (session="d9bb3939-691a-4526-9675-6bb3aa9f4586", element="57030000-0000-0000-6E7E-000000000000")&gt;' attribute 'label' value '1.0800' </msg>
<msg time="2025-08-04T13:45:41.575433" level="INFO">${text} = 1.0800</msg>
<var>${text}</var>
<arg>${el}</arg>
<arg>label</arg>
<doc>Get element attribute using given attribute: name, value,...</doc>
<status status="PASS" start="2025-08-04T13:45:41.467655" elapsed="0.107811"/>
</kw>
<kw name="Append To List" owner="Collections">
<arg>${PriceList}</arg>
<arg>${text}</arg>
<doc>Adds ``values`` to the end of ``list``.</doc>
<status status="PASS" start="2025-08-04T13:45:41.575664" elapsed="0.000216"/>
</kw>
<var name="${el}">&lt;appium.webdriver.webelement.WebElement (session="d9bb3939-691a-4526-9675-6bb3aa9f4586", element="57030000-0000-0000-6E7E-000000000000")&gt;</var>
<status status="PASS" start="2025-08-04T13:45:41.467553" elapsed="0.108375"/>
</iter>
<iter>
<kw name="Get Element Attribute" owner="AppiumLibrary">
<msg time="2025-08-04T13:45:41.576401" level="DEBUG">GET http://127.0.0.1:4723/session/d9bb3939-691a-4526-9675-6bb3aa9f4586/element/5F030000-0000-0000-6E7E-000000000000/attribute/label {}</msg>
<msg time="2025-08-04T13:45:41.576828" level="DEBUG">Starting new HTTP connection (1): 127.0.0.1:4723</msg>
<msg time="2025-08-04T13:45:41.683073" level="DEBUG">http://127.0.0.1:4723 "GET /session/d9bb3939-691a-4526-9675-6bb3aa9f4586/element/5F030000-0000-0000-6E7E-000000000000/attribute/label HTTP/1.1" 200 0</msg>
<msg time="2025-08-04T13:45:41.683357" level="DEBUG">Remote response: status=200 | data={"value":"0.1450"} | headers=HTTPHeaderDict({'X-Powered-By': 'Express', 'Content-Type': 'application/json; charset=utf-8', 'Content-Length': '18', 'ETag': 'W/"12-jkakYR/BEwEF+f8UeINBUd5vdkk"', 'Date': 'Mon, 04 Aug 2025 06:45:41 GMT', 'Connection': 'keep-alive', 'Keep-Alive': 'timeout=600'})</msg>
<msg time="2025-08-04T13:45:41.683517" level="DEBUG">Finished Request</msg>
<msg time="2025-08-04T13:45:41.685657" level="INFO">Element '&lt;appium.webdriver.webelement.WebElement (session="d9bb3939-691a-4526-9675-6bb3aa9f4586", element="5F030000-0000-0000-6E7E-000000000000")&gt;' attribute 'label' value '0.1450' </msg>
<msg time="2025-08-04T13:45:41.685784" level="INFO">${text} = 0.1450</msg>
<var>${text}</var>
<arg>${el}</arg>
<arg>label</arg>
<doc>Get element attribute using given attribute: name, value,...</doc>
<status status="PASS" start="2025-08-04T13:45:41.576165" elapsed="0.109650"/>
</kw>
<kw name="Append To List" owner="Collections">
<arg>${PriceList}</arg>
<arg>${text}</arg>
<doc>Adds ``values`` to the end of ``list``.</doc>
<status status="PASS" start="2025-08-04T13:45:41.686010" elapsed="0.000212"/>
</kw>
<var name="${el}">&lt;appium.webdriver.webelement.WebElement (session="d9bb3939-691a-4526-9675-6bb3aa9f4586", element="5F030000-0000-0000-6E7E-000000000000")&gt;</var>
<status status="PASS" start="2025-08-04T13:45:41.576066" elapsed="0.110202"/>
</iter>
<iter>
<kw name="Get Element Attribute" owner="AppiumLibrary">
<msg time="2025-08-04T13:45:41.686735" level="DEBUG">GET http://127.0.0.1:4723/session/d9bb3939-691a-4526-9675-6bb3aa9f4586/element/67030000-0000-0000-6E7E-000000000000/attribute/label {}</msg>
<msg time="2025-08-04T13:45:41.687160" level="DEBUG">Starting new HTTP connection (1): 127.0.0.1:4723</msg>
<msg time="2025-08-04T13:45:41.791581" level="DEBUG">http://127.0.0.1:4723 "GET /session/d9bb3939-691a-4526-9675-6bb3aa9f4586/element/67030000-0000-0000-6E7E-000000000000/attribute/label HTTP/1.1" 200 0</msg>
<msg time="2025-08-04T13:45:41.791882" level="DEBUG">Remote response: status=200 | data={"value":"-"} | headers=HTTPHeaderDict({'X-Powered-By': 'Express', 'Content-Type': 'application/json; charset=utf-8', 'Content-Length': '13', 'ETag': 'W/"d-woM7cZuHQyEE7OJTSE/7qJtNTVg"', 'Date': 'Mon, 04 Aug 2025 06:45:41 GMT', 'Connection': 'keep-alive', 'Keep-Alive': 'timeout=600'})</msg>
<msg time="2025-08-04T13:45:41.792055" level="DEBUG">Finished Request</msg>
<msg time="2025-08-04T13:45:41.793824" level="INFO">Element '&lt;appium.webdriver.webelement.WebElement (session="d9bb3939-691a-4526-9675-6bb3aa9f4586", element="67030000-0000-0000-6E7E-000000000000")&gt;' attribute 'label' value '-' </msg>
<msg time="2025-08-04T13:45:41.793982" level="INFO">${text} = -</msg>
<var>${text}</var>
<arg>${el}</arg>
<arg>label</arg>
<doc>Get element attribute using given attribute: name, value,...</doc>
<status status="PASS" start="2025-08-04T13:45:41.686499" elapsed="0.107516"/>
</kw>
<kw name="Append To List" owner="Collections">
<arg>${PriceList}</arg>
<arg>${text}</arg>
<doc>Adds ``values`` to the end of ``list``.</doc>
<status status="PASS" start="2025-08-04T13:45:41.794220" elapsed="0.000233"/>
</kw>
<var name="${el}">&lt;appium.webdriver.webelement.WebElement (session="d9bb3939-691a-4526-9675-6bb3aa9f4586", element="67030000-0000-0000-6E7E-000000000000")&gt;</var>
<status status="PASS" start="2025-08-04T13:45:41.686403" elapsed="0.108099"/>
</iter>
<iter>
<kw name="Get Element Attribute" owner="AppiumLibrary">
<msg time="2025-08-04T13:45:41.795017" level="DEBUG">GET http://127.0.0.1:4723/session/d9bb3939-691a-4526-9675-6bb3aa9f4586/element/6F030000-0000-0000-6E7E-000000000000/attribute/label {}</msg>
<msg time="2025-08-04T13:45:41.795461" level="DEBUG">Starting new HTTP connection (1): 127.0.0.1:4723</msg>
<msg time="2025-08-04T13:45:41.901169" level="DEBUG">http://127.0.0.1:4723 "GET /session/d9bb3939-691a-4526-9675-6bb3aa9f4586/element/6F030000-0000-0000-6E7E-000000000000/attribute/label HTTP/1.1" 200 0</msg>
<msg time="2025-08-04T13:45:41.901481" level="DEBUG">Remote response: status=200 | data={"value":"-"} | headers=HTTPHeaderDict({'X-Powered-By': 'Express', 'Content-Type': 'application/json; charset=utf-8', 'Content-Length': '13', 'ETag': 'W/"d-woM7cZuHQyEE7OJTSE/7qJtNTVg"', 'Date': 'Mon, 04 Aug 2025 06:45:41 GMT', 'Connection': 'keep-alive', 'Keep-Alive': 'timeout=600'})</msg>
<msg time="2025-08-04T13:45:41.901652" level="DEBUG">Finished Request</msg>
<msg time="2025-08-04T13:45:41.903436" level="INFO">Element '&lt;appium.webdriver.webelement.WebElement (session="d9bb3939-691a-4526-9675-6bb3aa9f4586", element="6F030000-0000-0000-6E7E-000000000000")&gt;' attribute 'label' value '-' </msg>
<msg time="2025-08-04T13:45:41.903550" level="INFO">${text} = -</msg>
<var>${text}</var>
<arg>${el}</arg>
<arg>label</arg>
<doc>Get element attribute using given attribute: name, value,...</doc>
<status status="PASS" start="2025-08-04T13:45:41.794752" elapsed="0.108823"/>
</kw>
<kw name="Append To List" owner="Collections">
<arg>${PriceList}</arg>
<arg>${text}</arg>
<doc>Adds ``values`` to the end of ``list``.</doc>
<status status="PASS" start="2025-08-04T13:45:41.903744" elapsed="0.000173"/>
</kw>
<var name="${el}">&lt;appium.webdriver.webelement.WebElement (session="d9bb3939-691a-4526-9675-6bb3aa9f4586", element="6F030000-0000-0000-6E7E-000000000000")&gt;</var>
<status status="PASS" start="2025-08-04T13:45:41.794645" elapsed="0.109307"/>
</iter>
<var>${el}</var>
<value>@{elements}</value>
<status status="PASS" start="2025-08-04T13:45:38.193414" elapsed="3.710576"/>
</for>
<kw name="Evaluate" owner="BuiltIn">
<msg time="2025-08-04T13:45:41.904762" level="INFO">${sorted} = ['202.3800', '195.2200', '113.5000', '82.9000', '81.6500', '81.6300', '77.3576', '52.7100', '40.6200', '33.1500', '28.4000', '25.0300', '23.7500', '21.5300', '21.3800', '21.0900', '19.3700', '18.7000'...</msg>
<var>${sorted}</var>
<arg>sorted(${PriceList}, key=lambda x: float(x) if x.replace('.', '', 1).isdigit() else -1, reverse=True)</arg>
<doc>Evaluates the given expression in Python and returns the result.</doc>
<status status="PASS" start="2025-08-04T13:45:41.904103" elapsed="0.000701"/>
</kw>
<kw name="Should Be Equal" owner="BuiltIn">
<msg time="2025-08-04T13:45:41.905151" level="DEBUG">Argument types are:
&lt;class 'list'&gt;
&lt;class 'list'&gt;</msg>
<arg>${PriceList}</arg>
<arg>${sorted}</arg>
<doc>Fails if the given objects are unequal.</doc>
<status status="PASS" start="2025-08-04T13:45:41.904954" elapsed="0.000264"/>
</kw>
<status status="PASS" start="2025-08-04T13:45:34.325991" elapsed="7.579306"/>
</kw>
<status status="PASS" start="2025-08-04T13:45:34.325457" elapsed="7.579896"/>
</kw>
<status status="PASS" start="2025-08-04T13:45:27.543462" elapsed="14.362082"/>
</test>
<status status="PASS" start="2025-08-04T13:45:27.529562" elapsed="14.376316"/>
</suite>
<status status="PASS" start="2025-08-04T13:45:08.793511" elapsed="33.112928"/>
</suite>
<statistics>
<total>
<stat pass="2" fail="0" skip="0">All Tests</stat>
</total>
<tag>
</tag>
<suite>
<stat name="iOS" id="s1" pass="2" fail="0" skip="0">iOS</stat>
<stat name="Login" id="s1-s1" pass="1" fail="0" skip="0">iOS.Login</stat>
<stat name="Verify sort name" id="s1-s2" pass="1" fail="0" skip="0">iOS.Verify sort name</stat>
</suite>
</statistics>
<errors>
</errors>
</robot>
