<?xml version="1.0" encoding="UTF-8"?>
<robot generator="Robot 7.3.2 (Python 3.13.5 on darwin)" generated="2025-08-05T08:54:12.491667" rpa="false" schemaversion="5">
<suite id="s1" name="Ios" source="/Users/thanhht/Documents/Work/Robot_Framework_Mobile/Tests/Ios">
<suite id="s1-s1" name="Login" source="/Users/thanhht/Documents/Work/Robot_Framework_Mobile/Tests/Ios/Login.robot">
<test id="s1-s1-t1" name="Open app and verify app opened" line="8">
<kw name="Load Login Credentials" owner="LoginScreen">
<kw name="Get Account Credentials" owner="ReadJsonFile">
<kw name="File Should Exist" owner="OperatingSystem">
<msg time="2025-08-05T08:54:12.629796" level="INFO" html="true">File '&lt;a href="file:///Users/thanhht/Documents/Work/Robot_Framework_Mobile/Resources/PageObject/TestData/Account.json"&gt;/Users/thanhht/Documents/Work/Robot_Framework_Mobile/Resources/PageObject/TestData/Account.json&lt;/a&gt;' exists.</msg>
<arg>${AccountList}</arg>
<doc>Fails unless the given ``path`` points to an existing file.</doc>
<status status="PASS" start="2025-08-05T08:54:12.629708" elapsed="0.000120"/>
</kw>
<kw name="Get File" owner="OperatingSystem">
<msg time="2025-08-05T08:54:12.629941" level="INFO" html="true">Getting file '&lt;a href="file:///Users/thanhht/Documents/Work/Robot_Framework_Mobile/Resources/PageObject/TestData/Account.json"&gt;/Users/thanhht/Documents/Work/Robot_Framework_Mobile/Resources/PageObject/TestData/Account.json&lt;/a&gt;'.</msg>
<msg time="2025-08-05T08:54:12.630228" level="INFO">${json_text} = {
    "HK": {
        "Register_Account": [
            {
                "0000055": {
                    "phoneNumber": "0000055",
                    "password": "Phillip1"
                },
     ...</msg>
<var>${json_text}</var>
<arg>${AccountList}</arg>
<doc>Returns the contents of a specified file.</doc>
<status status="PASS" start="2025-08-05T08:54:12.629881" elapsed="0.000363"/>
</kw>
<kw name="Evaluate" owner="BuiltIn">
<msg time="2025-08-05T08:54:12.630573" level="INFO">${account_json} = {'HK': {'Register_Account': [{'0000055': {'phoneNumber': '0000055', 'password': 'Phillip1'}, '000003': {'phoneNumber': '000003', 'password': 'Phillip1'}}], 'Account_Holder': []}}</msg>
<var>${account_json}</var>
<arg>json.loads('''${json_text}''')</arg>
<arg>json</arg>
<doc>Evaluates the given expression in Python and returns the result.</doc>
<status status="PASS" start="2025-08-05T08:54:12.630305" elapsed="0.000280"/>
</kw>
<kw name="Get From Dictionary" owner="Collections">
<msg time="2025-08-05T08:54:12.630865" level="INFO">${accounts} = [{'0000055': {'phoneNumber': '0000055', 'password': 'Phillip1'}, '000003': {'phoneNumber': '000003', 'password': 'Phillip1'}}]</msg>
<var>${accounts}</var>
<arg>${account_json['HK']}</arg>
<arg>Register_Account</arg>
<doc>Returns a value from the given ``dictionary`` based on the given ``key``.</doc>
<status status="PASS" start="2025-08-05T08:54:12.630631" elapsed="0.000244"/>
</kw>
<for flavor="IN">
<iter>
<kw name="Run Keyword And Return Status" owner="BuiltIn">
<kw name="Dictionary Should Contain Key" owner="Collections">
<arg>${item}</arg>
<arg>${account_name}</arg>
<doc>Fails if ``key`` is not found from ``dictionary``.</doc>
<status status="PASS" start="2025-08-05T08:54:12.631080" elapsed="0.000061"/>
</kw>
<msg time="2025-08-05T08:54:12.631172" level="INFO">${has_key} = True</msg>
<var>${has_key}</var>
<arg>Dictionary Should Contain Key</arg>
<arg>${item}</arg>
<arg>${account_name}</arg>
<doc>Runs the given keyword with given arguments and returns the status as a Boolean value.</doc>
<status status="PASS" start="2025-08-05T08:54:12.631025" elapsed="0.000156"/>
</kw>
<if>
<branch type="IF" condition="${has_key}">
<kw name="Get From Dictionary" owner="Collections">
<msg time="2025-08-05T08:54:12.631320" level="INFO">${account_data} = {'phoneNumber': '000003', 'password': 'Phillip1'}</msg>
<var>${account_data}</var>
<arg>${item}</arg>
<arg>${account_name}</arg>
<doc>Returns a value from the given ``dictionary`` based on the given ``key``.</doc>
<status status="PASS" start="2025-08-05T08:54:12.631263" elapsed="0.000066"/>
</kw>
<kw name="Get From Dictionary" owner="Collections">
<msg time="2025-08-05T08:54:12.631408" level="INFO">${phone} = 000003</msg>
<var>${phone}</var>
<arg>${account_data}</arg>
<arg>phoneNumber</arg>
<doc>Returns a value from the given ``dictionary`` based on the given ``key``.</doc>
<status status="PASS" start="2025-08-05T08:54:12.631364" elapsed="0.000051"/>
</kw>
<kw name="Get From Dictionary" owner="Collections">
<msg time="2025-08-05T08:54:12.631499" level="INFO">${password} = Phillip1</msg>
<var>${password}</var>
<arg>${account_data}</arg>
<arg>password</arg>
<doc>Returns a value from the given ``dictionary`` based on the given ``key``.</doc>
<status status="PASS" start="2025-08-05T08:54:12.631447" elapsed="0.000060"/>
</kw>
<return>
<value>${phone}</value>
<value>${password}</value>
<status status="PASS" start="2025-08-05T08:54:12.631524" elapsed="0.000017"/>
</return>
<status status="PASS" start="2025-08-05T08:54:12.631213" elapsed="0.000344"/>
</branch>
<status status="PASS" start="2025-08-05T08:54:12.631203" elapsed="0.000364"/>
</if>
<var name="${item}">{'0000055': {'phoneNumber': '0000055', 'password': 'Phillip1'}, '000003': {'phoneNumber': '000003', 'password': 'Phillip1'}}</var>
<status status="PASS" start="2025-08-05T08:54:12.630985" elapsed="0.000595"/>
</iter>
<var>${item}</var>
<value>@{accounts}</value>
<status status="PASS" start="2025-08-05T08:54:12.630903" elapsed="0.000689"/>
</for>
<kw name="Fail" owner="BuiltIn">
<arg>Account '${account_name}' not found in Account List</arg>
<doc>Fails the test with the given message and optionally alters its tags.</doc>
<status status="NOT RUN" start="2025-08-05T08:54:12.631626" elapsed="0.000007"/>
</kw>
<msg time="2025-08-05T08:54:12.631709" level="INFO">${phoneNumber} = 000003</msg>
<msg time="2025-08-05T08:54:12.631722" level="INFO">${password} = Phillip1</msg>
<var>${phoneNumber}</var>
<var>${password}</var>
<arg>000003</arg>
<status status="PASS" start="2025-08-05T08:54:12.629400" elapsed="0.002328"/>
</kw>
<kw name="Set Suite Variable" owner="BuiltIn">
<msg time="2025-08-05T08:54:12.631832" level="INFO">${phoneNumber} = 000003</msg>
<arg>${phoneNumber}</arg>
<doc>Makes a variable available everywhere within the scope of the current suite.</doc>
<status status="PASS" start="2025-08-05T08:54:12.631771" elapsed="0.000073"/>
</kw>
<kw name="Set Suite Variable" owner="BuiltIn">
<msg time="2025-08-05T08:54:12.631931" level="INFO">${password} = Phillip1</msg>
<arg>${password}</arg>
<doc>Makes a variable available everywhere within the scope of the current suite.</doc>
<status status="PASS" start="2025-08-05T08:54:12.631879" elapsed="0.000063"/>
</kw>
<status status="PASS" start="2025-08-05T08:54:12.629212" elapsed="0.002748"/>
</kw>
<kw name="Open iOS simulator" owner="hooks">
<kw name="Read iOS Config" owner="ReadJsonFile">
<kw name="File Should Exist" owner="OperatingSystem">
<msg time="2025-08-05T08:54:12.632293" level="INFO" html="true">File '&lt;a href="file:///Users/thanhht/Documents/Work/Robot_Framework_Mobile/Resources/PageObject/TestData/Environment.json"&gt;/Users/thanhht/Documents/Work/Robot_Framework_Mobile/Resources/PageObject/TestData/Environment.json&lt;/a&gt;' exists.</msg>
<arg>${Evn}</arg>
<doc>Fails unless the given ``path`` points to an existing file.</doc>
<status status="PASS" start="2025-08-05T08:54:12.632227" elapsed="0.000087"/>
</kw>
<kw name="Get File" owner="OperatingSystem">
<msg time="2025-08-05T08:54:12.632405" level="INFO" html="true">Getting file '&lt;a href="file:///Users/thanhht/Documents/Work/Robot_Framework_Mobile/Resources/PageObject/TestData/Environment.json"&gt;/Users/thanhht/Documents/Work/Robot_Framework_Mobile/Resources/PageObject/TestData/Environment.json&lt;/a&gt;'.</msg>
<msg time="2025-08-05T08:54:12.632711" level="INFO">${json_text} = {
    "Android_Emulator": {
        "remote_url": "http://127.0.0.1:4723",
        "automationName": "UiAutomator2",
        "deviceName": "emulator-5554",
        "platformName": "Android",
        "...</msg>
<var>${json_text}</var>
<arg>${Evn}</arg>
<doc>Returns the contents of a specified file.</doc>
<status status="PASS" start="2025-08-05T08:54:12.632350" elapsed="0.000369"/>
</kw>
<kw name="Evaluate" owner="BuiltIn">
<msg time="2025-08-05T08:54:12.632896" level="INFO">${iOS_evn} = {'Android_Emulator': {'remote_url': 'http://127.0.0.1:4723', 'automationName': 'UiAutomator2', 'deviceName': 'emulator-5554', 'platformName': 'Android', 'platformVersion': '16', 'appPackage': 'com.tdt...</msg>
<var>${iOS_evn}</var>
<arg>json.loads('''${json_text}''')</arg>
<arg>json</arg>
<doc>Evaluates the given expression in Python and returns the result.</doc>
<status status="PASS" start="2025-08-05T08:54:12.632795" elapsed="0.000111"/>
</kw>
<kw name="Get From Dictionary" owner="Collections">
<msg time="2025-08-05T08:54:12.632992" level="INFO">${iOS} = {'remote_url': 'http://127.0.0.1:4723', 'automationName': 'XCUITest', 'platformName': 'iOS', 'deviceName': 'iPhone 15 Pro Max', 'udid': '966C13C0-0DB0-4E8C-BE0E-24270641BD45', 'platformVersion': '17.5...</msg>
<var>${iOS}</var>
<arg>${iOS_evn}</arg>
<arg>iOS_Emulator</arg>
<doc>Returns a value from the given ``dictionary`` based on the given ``key``.</doc>
<status status="PASS" start="2025-08-05T08:54:12.632941" elapsed="0.000059"/>
</kw>
<kw name="Get From Dictionary" owner="Collections">
<msg time="2025-08-05T08:54:12.633079" level="INFO">${remote_url} = http://127.0.0.1:4723</msg>
<var>${remote_url}</var>
<arg>${iOS}</arg>
<arg>remote_url</arg>
<doc>Returns a value from the given ``dictionary`` based on the given ``key``.</doc>
<status status="PASS" start="2025-08-05T08:54:12.633033" elapsed="0.000054"/>
</kw>
<kw name="Get From Dictionary" owner="Collections">
<msg time="2025-08-05T08:54:12.633166" level="INFO">${automationName} = XCUITest</msg>
<var>${automationName}</var>
<arg>${iOS}</arg>
<arg>automationName</arg>
<doc>Returns a value from the given ``dictionary`` based on the given ``key``.</doc>
<status status="PASS" start="2025-08-05T08:54:12.633120" elapsed="0.000054"/>
</kw>
<kw name="Get From Dictionary" owner="Collections">
<msg time="2025-08-05T08:54:12.633247" level="INFO">${deviceName} = iPhone 15 Pro Max</msg>
<var>${deviceName}</var>
<arg>${iOS}</arg>
<arg>deviceName</arg>
<doc>Returns a value from the given ``dictionary`` based on the given ``key``.</doc>
<status status="PASS" start="2025-08-05T08:54:12.633205" elapsed="0.000048"/>
</kw>
<kw name="Get From Dictionary" owner="Collections">
<msg time="2025-08-05T08:54:12.633331" level="INFO">${platformName} = iOS</msg>
<var>${platformName}</var>
<arg>${iOS}</arg>
<arg>platformName</arg>
<doc>Returns a value from the given ``dictionary`` based on the given ``key``.</doc>
<status status="PASS" start="2025-08-05T08:54:12.633285" elapsed="0.000054"/>
</kw>
<kw name="Get From Dictionary" owner="Collections">
<msg time="2025-08-05T08:54:12.633412" level="INFO">${platformVersion} = 17.5</msg>
<var>${platformVersion}</var>
<arg>${iOS}</arg>
<arg>platformVersion</arg>
<doc>Returns a value from the given ``dictionary`` based on the given ``key``.</doc>
<status status="PASS" start="2025-08-05T08:54:12.633370" elapsed="0.000049"/>
</kw>
<kw name="Get From Dictionary" owner="Collections">
<msg time="2025-08-05T08:54:12.633489" level="INFO">${app} = com.phillip.tdt.poems.phk.uat</msg>
<var>${app}</var>
<arg>${iOS}</arg>
<arg>app</arg>
<doc>Returns a value from the given ``dictionary`` based on the given ``key``.</doc>
<status status="PASS" start="2025-08-05T08:54:12.633449" elapsed="0.000048"/>
</kw>
<kw name="Get From Dictionary" owner="Collections">
<msg time="2025-08-05T08:54:12.633574" level="INFO">${udid} = 966C13C0-0DB0-4E8C-BE0E-24270641BD45</msg>
<var>${udid}</var>
<arg>${iOS}</arg>
<arg>udid</arg>
<doc>Returns a value from the given ``dictionary`` based on the given ``key``.</doc>
<status status="PASS" start="2025-08-05T08:54:12.633527" elapsed="0.000055"/>
</kw>
<kw name="Get From Dictionary" owner="Collections">
<msg time="2025-08-05T08:54:12.633654" level="INFO">${noReset} = false</msg>
<var>${noReset}</var>
<arg>${iOS}</arg>
<arg>noReset</arg>
<doc>Returns a value from the given ``dictionary`` based on the given ``key``.</doc>
<status status="PASS" start="2025-08-05T08:54:12.633613" elapsed="0.000048"/>
</kw>
<kw name="Get From Dictionary" owner="Collections">
<msg time="2025-08-05T08:54:12.633731" level="INFO">${useNewWDA} = true</msg>
<var>${useNewWDA}</var>
<arg>${iOS}</arg>
<arg>useNewWDA</arg>
<doc>Returns a value from the given ``dictionary`` based on the given ``key``.</doc>
<status status="PASS" start="2025-08-05T08:54:12.633691" elapsed="0.000047"/>
</kw>
<kw name="Create Dictionary" owner="BuiltIn">
<msg time="2025-08-05T08:54:12.633971" level="INFO">${iOS_Desired_Capabilities} = {'remote_url': 'http://127.0.0.1:4723', 'automationName': 'XCUITest', 'deviceName': 'iPhone 15 Pro Max', 'platformName': 'iOS', 'platformVersion': '17.5', 'app': 'com.phillip.tdt.poems.phk.uat', 'udid...</msg>
<var>${iOS_Desired_Capabilities}</var>
<arg>remote_url=${remote_url}</arg>
<arg>automationName=${automationName}</arg>
<arg>deviceName=${deviceName}</arg>
<arg>platformName=${platformName}</arg>
<arg>platformVersion=${platformVersion}</arg>
<arg>app=${app}</arg>
<arg>udid=${udid}</arg>
<arg>noReset=${noReset}</arg>
<arg>useNewWDA=${useNewWDA}</arg>
<doc>Creates and returns a dictionary based on the given ``items``.</doc>
<status status="PASS" start="2025-08-05T08:54:12.633771" elapsed="0.000210"/>
</kw>
<return>
<value>${iOS_Desired_Capabilities}</value>
<status status="PASS" start="2025-08-05T08:54:12.634004" elapsed="0.000013"/>
</return>
<msg time="2025-08-05T08:54:12.634066" level="INFO">${iOS_caps} = {'remote_url': 'http://127.0.0.1:4723', 'automationName': 'XCUITest', 'deviceName': 'iPhone 15 Pro Max', 'platformName': 'iOS', 'platformVersion': '17.5', 'app': 'com.phillip.tdt.poems.phk.uat', 'udid...</msg>
<var>${iOS_caps}</var>
<doc>Reads and return all iOS Capabilities</doc>
<status status="PASS" start="2025-08-05T08:54:12.632154" elapsed="0.001920"/>
</kw>
<kw name="Log" owner="BuiltIn">
<msg time="2025-08-05T08:54:12.634152" level="INFO">{'remote_url': 'http://127.0.0.1:4723', 'automationName': 'XCUITest', 'deviceName': 'iPhone 15 Pro Max', 'platformName': 'iOS', 'platformVersion': '17.5', 'app': 'com.phillip.tdt.poems.phk.uat', 'udid': '966C13C0-0DB0-4E8C-BE0E-24270641BD45', 'noReset': 'false', 'useNewWDA': 'true'}</msg>
<arg>${iOS_caps}</arg>
<doc>Logs the given message with the given level.</doc>
<status status="PASS" start="2025-08-05T08:54:12.634108" elapsed="0.000058"/>
</kw>
<kw name="Open Application" owner="AppiumLibrary">
<msg time="2025-08-05T08:54:12.635782" level="DEBUG">POST http://127.0.0.1:4723/session {'capabilities': {'firstMatch': [{}], 'alwaysMatch': {'appium:automationName': 'XCUITest', 'appium:deviceName': 'iPhone 15 Pro Max', 'platformName': 'iOS', 'appium:platformVersion': '17.5', 'appium:app': 'com.phillip.tdt.poems.phk.uat', 'appium:udid': '966C13C0-0DB0-4E8C-BE0E-24270641BD45', 'appium:noReset': 'false', 'appium:useNewWDA': 'true'}}}</msg>
<msg time="2025-08-05T08:54:12.635977" level="DEBUG">Starting new HTTP connection (1): 127.0.0.1:4723</msg>
<msg time="2025-08-05T08:54:21.514821" level="DEBUG">http://127.0.0.1:4723 "POST /session HTTP/1.1" 200 0</msg>
<msg time="2025-08-05T08:54:21.515310" level="DEBUG">Remote response: status=200 | data={"value":{"capabilities":{"webStorageEnabled":false,"locationContextEnabled":false,"browserName":"","platform":"MAC","javascriptEnabled":true,"databaseEnabled":false,"takesScreenshot":true,"networkConnectionEnabled":false,"platformName":"iOS","automationName":"XCUITest","deviceName":"iPhone 15 Pro Max","platformVersion":"17.5","app":"com.phillip.tdt.poems.phk.uat","udid":"966C13C0-0DB0-4E8C-BE0E-24270641BD45","noReset":false,"useNewWDA":true},"sessionId":"4e8a78fa-8c76-4474-a3db-efb0b3e36050"}} | headers=HTTPHeaderDict({'X-Powered-By': 'Express', 'Vary': 'X-HTTP-Method-Override', 'Content-Type': 'application/json; charset=utf-8', 'Content-Length': '499', 'ETag': 'W/"1f3-M1joA0X6dH/G+WnzOcyClTCs/2E"', 'Date': 'Tue, 05 Aug 2025 01:54:21 GMT', 'Connection': 'keep-alive', 'Keep-Alive': 'timeout=600'})</msg>
<msg time="2025-08-05T08:54:21.515540" level="DEBUG">Finished Request</msg>
<msg time="2025-08-05T08:54:21.519109" level="DEBUG">Opened application with session id 4e8a78fa-8c76-4474-a3db-efb0b3e36050</msg>
<arg>remote_url=${iOS_caps['remote_url']}</arg>
<arg>automationName=${iOS_caps['automationName']}</arg>
<arg>deviceName=${iOS_caps['deviceName']}</arg>
<arg>platformName=${iOS_caps['platformName']}</arg>
<arg>platformVersion=${iOS_caps['platformVersion']}</arg>
<arg>app=${iOS_caps['app']}</arg>
<arg>udid=${iOS_caps['udid']}</arg>
<arg>noReset=${iOS_caps['noReset']}</arg>
<arg>useNewWDA=${iOS_caps['useNewWDA']}</arg>
<doc>Opens a new application to given Appium server.
Capabilities of appium server, Android and iOS,
Please check https://appium.io/docs/en/2.19/guides/caps/
| *Option*            | *Man.* | *Description*     |
| remote_url          | Yes    | Appium server url |
| alias               | No     | alias             |</doc>
<status status="PASS" start="2025-08-05T08:54:12.634199" elapsed="8.885047"/>
</kw>
<status status="PASS" start="2025-08-05T08:54:12.632040" elapsed="8.887381"/>
</kw>
<kw name="User select login option" owner="LoginScreen">
<kw name="Click Element" owner="AppiumLibrary">
<msg time="2025-08-05T08:54:21.521903" level="INFO">Clicking element '//XCUIElementTypeStaticText[@name="LOGIN"]'.</msg>
<msg time="2025-08-05T08:54:21.522057" level="DEBUG">POST http://127.0.0.1:4723/session/4e8a78fa-8c76-4474-a3db-efb0b3e36050/elements {'using': 'xpath', 'value': '//XCUIElementTypeStaticText[@name="LOGIN"]'}</msg>
<msg time="2025-08-05T08:54:21.522498" level="DEBUG">Starting new HTTP connection (1): 127.0.0.1:4723</msg>
<msg time="2025-08-05T08:54:21.676907" level="DEBUG">http://127.0.0.1:4723 "POST /session/4e8a78fa-8c76-4474-a3db-efb0b3e36050/elements HTTP/1.1" 200 0</msg>
<msg time="2025-08-05T08:54:21.677222" level="DEBUG">Remote response: status=200 | data={"value":[{"element-6066-11e4-a52e-4f735466cecf":"13000000-0000-0000-4122-000000000000","ELEMENT":"13000000-0000-0000-4122-000000000000"}]} | headers=HTTPHeaderDict({'X-Powered-By': 'Express', 'Vary': 'X-HTTP-Method-Override', 'Content-Type': 'application/json; charset=utf-8', 'Content-Length': '139', 'ETag': 'W/"8b-W7IQMjx8GPE9PiUwu0SEtlpO0lk"', 'Date': 'Tue, 05 Aug 2025 01:54:21 GMT', 'Connection': 'keep-alive', 'Keep-Alive': 'timeout=600'})</msg>
<msg time="2025-08-05T08:54:21.677403" level="DEBUG">Finished Request</msg>
<msg time="2025-08-05T08:54:21.677827" level="DEBUG">POST http://127.0.0.1:4723/session/4e8a78fa-8c76-4474-a3db-efb0b3e36050/element/13000000-0000-0000-4122-000000000000/click {}</msg>
<msg time="2025-08-05T08:54:21.678478" level="DEBUG">Starting new HTTP connection (1): 127.0.0.1:4723</msg>
<msg time="2025-08-05T08:54:22.380021" level="DEBUG">http://127.0.0.1:4723 "POST /session/4e8a78fa-8c76-4474-a3db-efb0b3e36050/element/13000000-0000-0000-4122-000000000000/click HTTP/1.1" 200 0</msg>
<msg time="2025-08-05T08:54:22.380327" level="DEBUG">Remote response: status=200 | data={"value":null,"sessionId":"4e8a78fa-8c76-4474-a3db-efb0b3e36050"} | headers=HTTPHeaderDict({'X-Powered-By': 'Express', 'Vary': 'X-HTTP-Method-Override', 'Content-Type': 'application/json; charset=utf-8', 'Content-Length': '65', 'ETag': 'W/"41-amq6EX4o2FgPj0Am0L8zlLedA3c"', 'Date': 'Tue, 05 Aug 2025 01:54:22 GMT', 'Connection': 'keep-alive', 'Keep-Alive': 'timeout=600'})</msg>
<msg time="2025-08-05T08:54:22.380497" level="DEBUG">Finished Request</msg>
<msg time="2025-08-05T08:54:22.380762" level="INFO">xpath criteria: //XCUIElementTypeStaticText[@name="LOGIN"]</msg>
<arg>${iOS_Signup_Login_btn}</arg>
<doc>Click element identified by `locator`.</doc>
<status status="PASS" start="2025-08-05T08:54:21.520114" elapsed="0.860772"/>
</kw>
<status status="PASS" start="2025-08-05T08:54:21.519760" elapsed="0.861304"/>
</kw>
<kw name="Check Phone Code" owner="LoginScreen">
<kw name="Get Text" owner="AppiumLibrary">
<msg time="2025-08-05T08:54:22.382157" level="DEBUG">POST http://127.0.0.1:4723/session/4e8a78fa-8c76-4474-a3db-efb0b3e36050/elements {'using': 'xpath', 'value': '//XCUIElementTypeStaticText[@name="_CODE"]'}</msg>
<msg time="2025-08-05T08:54:22.382500" level="DEBUG">Starting new HTTP connection (1): 127.0.0.1:4723</msg>
<msg time="2025-08-05T08:54:22.977689" level="DEBUG">http://127.0.0.1:4723 "POST /session/4e8a78fa-8c76-4474-a3db-efb0b3e36050/elements HTTP/1.1" 200 0</msg>
<msg time="2025-08-05T08:54:22.977978" level="DEBUG">Remote response: status=200 | data={"value":[{"element-6066-11e4-a52e-4f735466cecf":"28000000-0000-0000-4122-000000000000","ELEMENT":"28000000-0000-0000-4122-000000000000"}]} | headers=HTTPHeaderDict({'X-Powered-By': 'Express', 'Vary': 'X-HTTP-Method-Override', 'Content-Type': 'application/json; charset=utf-8', 'Content-Length': '139', 'ETag': 'W/"8b-75G4QW4Of109LioIg1AOPF0pEyo"', 'Date': 'Tue, 05 Aug 2025 01:54:22 GMT', 'Connection': 'keep-alive', 'Keep-Alive': 'timeout=600'})</msg>
<msg time="2025-08-05T08:54:22.978146" level="DEBUG">Finished Request</msg>
<msg time="2025-08-05T08:54:22.978506" level="DEBUG">GET http://127.0.0.1:4723/session/4e8a78fa-8c76-4474-a3db-efb0b3e36050/element/28000000-0000-0000-4122-000000000000/text {}</msg>
<msg time="2025-08-05T08:54:22.979319" level="DEBUG">Starting new HTTP connection (1): 127.0.0.1:4723</msg>
<msg time="2025-08-05T08:54:23.000905" level="DEBUG">http://127.0.0.1:4723 "GET /session/4e8a78fa-8c76-4474-a3db-efb0b3e36050/element/28000000-0000-0000-4122-000000000000/text HTTP/1.1" 200 0</msg>
<msg time="2025-08-05T08:54:23.001194" level="DEBUG">Remote response: status=200 | data={"value":"+1","sessionId":"4e8a78fa-8c76-4474-a3db-efb0b3e36050"} | headers=HTTPHeaderDict({'X-Powered-By': 'Express', 'Content-Type': 'application/json; charset=utf-8', 'Content-Length': '65', 'ETag': 'W/"41-urdvQkRLVS52zvZDVWz5IV+PZCE"', 'Date': 'Tue, 05 Aug 2025 01:54:22 GMT', 'Connection': 'keep-alive', 'Keep-Alive': 'timeout=600'})</msg>
<msg time="2025-08-05T08:54:23.001354" level="DEBUG">Finished Request</msg>
<msg time="2025-08-05T08:54:23.004242" level="INFO">Element '//XCUIElementTypeStaticText[@name="_CODE"]' text is '+1' </msg>
<msg time="2025-08-05T08:54:23.004317" level="INFO">xpath criteria: //XCUIElementTypeStaticText[@name="_CODE"]</msg>
<msg time="2025-08-05T08:54:23.004427" level="INFO">${actual_code} = +1</msg>
<var>${actual_code}</var>
<arg>${iOS_phoneCode}</arg>
<doc>Get element text (for hybrid and mobile browser use `xpath` locator, others might cause problem)</doc>
<status status="PASS" start="2025-08-05T08:54:22.381828" elapsed="0.622630"/>
</kw>
<kw name="Run Keyword If" owner="BuiltIn">
<kw name="Change Phone Code" owner="LoginScreen">
<kw name="Click Element" owner="AppiumLibrary">
<msg time="2025-08-05T08:54:23.007309" level="INFO">Clicking element '//XCUIElementTypeStaticText[@name="_CODE"]'.</msg>
<msg time="2025-08-05T08:54:23.007447" level="DEBUG">POST http://127.0.0.1:4723/session/4e8a78fa-8c76-4474-a3db-efb0b3e36050/elements {'using': 'xpath', 'value': '//XCUIElementTypeStaticText[@name="_CODE"]'}</msg>
<msg time="2025-08-05T08:54:23.007828" level="DEBUG">Starting new HTTP connection (1): 127.0.0.1:4723</msg>
<msg time="2025-08-05T08:54:23.073215" level="DEBUG">http://127.0.0.1:4723 "POST /session/4e8a78fa-8c76-4474-a3db-efb0b3e36050/elements HTTP/1.1" 200 0</msg>
<msg time="2025-08-05T08:54:23.073502" level="DEBUG">Remote response: status=200 | data={"value":[{"element-6066-11e4-a52e-4f735466cecf":"28000000-0000-0000-4122-000000000000","ELEMENT":"28000000-0000-0000-4122-000000000000"}]} | headers=HTTPHeaderDict({'X-Powered-By': 'Express', 'Vary': 'X-HTTP-Method-Override', 'Content-Type': 'application/json; charset=utf-8', 'Content-Length': '139', 'ETag': 'W/"8b-75G4QW4Of109LioIg1AOPF0pEyo"', 'Date': 'Tue, 05 Aug 2025 01:54:23 GMT', 'Connection': 'keep-alive', 'Keep-Alive': 'timeout=600'})</msg>
<msg time="2025-08-05T08:54:23.073674" level="DEBUG">Finished Request</msg>
<msg time="2025-08-05T08:54:23.074091" level="DEBUG">POST http://127.0.0.1:4723/session/4e8a78fa-8c76-4474-a3db-efb0b3e36050/element/28000000-0000-0000-4122-000000000000/click {}</msg>
<msg time="2025-08-05T08:54:23.074937" level="DEBUG">Starting new HTTP connection (1): 127.0.0.1:4723</msg>
<msg time="2025-08-05T08:54:23.503355" level="DEBUG">http://127.0.0.1:4723 "POST /session/4e8a78fa-8c76-4474-a3db-efb0b3e36050/element/28000000-0000-0000-4122-000000000000/click HTTP/1.1" 200 0</msg>
<msg time="2025-08-05T08:54:23.503671" level="DEBUG">Remote response: status=200 | data={"value":null,"sessionId":"4e8a78fa-8c76-4474-a3db-efb0b3e36050"} | headers=HTTPHeaderDict({'X-Powered-By': 'Express', 'Vary': 'X-HTTP-Method-Override', 'Content-Type': 'application/json; charset=utf-8', 'Content-Length': '65', 'ETag': 'W/"41-amq6EX4o2FgPj0Am0L8zlLedA3c"', 'Date': 'Tue, 05 Aug 2025 01:54:23 GMT', 'Connection': 'keep-alive', 'Keep-Alive': 'timeout=600'})</msg>
<msg time="2025-08-05T08:54:23.503840" level="DEBUG">Finished Request</msg>
<msg time="2025-08-05T08:54:23.504077" level="INFO">xpath criteria: //XCUIElementTypeStaticText[@name="_CODE"]</msg>
<arg>${iOS_phoneCode}</arg>
<doc>Click element identified by `locator`.</doc>
<status status="PASS" start="2025-08-05T08:54:23.005363" elapsed="0.498824"/>
</kw>
<kw name="Input Text" owner="AppiumLibrary">
<msg time="2025-08-05T08:54:23.507434" level="INFO">Typing text 'Hong Kong' into text field '//XCUIElementTypeTextField[@name="TF_SEARCH"]'</msg>
<msg time="2025-08-05T08:54:23.507561" level="DEBUG">POST http://127.0.0.1:4723/session/4e8a78fa-8c76-4474-a3db-efb0b3e36050/elements {'using': 'xpath', 'value': '//XCUIElementTypeTextField[@name="TF_SEARCH"]'}</msg>
<msg time="2025-08-05T08:54:23.507905" level="DEBUG">Starting new HTTP connection (1): 127.0.0.1:4723</msg>
<msg time="2025-08-05T08:54:26.338291" level="DEBUG">http://127.0.0.1:4723 "POST /session/4e8a78fa-8c76-4474-a3db-efb0b3e36050/elements HTTP/1.1" 200 0</msg>
<msg time="2025-08-05T08:54:26.338469" level="DEBUG">Remote response: status=200 | data={"value":[{"element-6066-11e4-a52e-4f735466cecf":"48000000-0000-0000-4122-000000000000","ELEMENT":"48000000-0000-0000-4122-000000000000"}]} | headers=HTTPHeaderDict({'X-Powered-By': 'Express', 'Vary': 'X-HTTP-Method-Override', 'Content-Type': 'application/json; charset=utf-8', 'Content-Length': '139', 'ETag': 'W/"8b-sXlIMNwDN3sCujm+Pol1MI4R8W0"', 'Date': 'Tue, 05 Aug 2025 01:54:26 GMT', 'Connection': 'keep-alive', 'Keep-Alive': 'timeout=600'})</msg>
<msg time="2025-08-05T08:54:26.338562" level="DEBUG">Finished Request</msg>
<msg time="2025-08-05T08:54:26.338851" level="DEBUG">POST http://127.0.0.1:4723/session/4e8a78fa-8c76-4474-a3db-efb0b3e36050/element/48000000-0000-0000-4122-000000000000/value {'text': 'Hong Kong', 'value': ['H', 'o', 'n', 'g', ' ', 'K', 'o', 'n', 'g']}</msg>
<msg time="2025-08-05T08:54:26.339313" level="DEBUG">Starting new HTTP connection (1): 127.0.0.1:4723</msg>
<msg time="2025-08-05T08:54:30.137920" level="DEBUG">http://127.0.0.1:4723 "POST /session/4e8a78fa-8c76-4474-a3db-efb0b3e36050/element/48000000-0000-0000-4122-000000000000/value HTTP/1.1" 200 0</msg>
<msg time="2025-08-05T08:54:30.138332" level="DEBUG">Remote response: status=200 | data={"value":null} | headers=HTTPHeaderDict({'X-Powered-By': 'Express', 'Vary': 'X-HTTP-Method-Override', 'Content-Type': 'application/json; charset=utf-8', 'Content-Length': '14', 'ETag': 'W/"e-9/1BuKMgFObM1mWJm+YjxtXJnUM"', 'Date': 'Tue, 05 Aug 2025 01:54:30 GMT', 'Connection': 'keep-alive', 'Keep-Alive': 'timeout=600'})</msg>
<msg time="2025-08-05T08:54:30.138518" level="DEBUG">Finished Request</msg>
<msg time="2025-08-05T08:54:30.138802" level="INFO">xpath criteria: //XCUIElementTypeTextField[@name="TF_SEARCH"]</msg>
<arg>${iOS_Region_Searchbox}</arg>
<arg>Hong Kong</arg>
<doc>Types the given `text` into text field identified by `locator`.</doc>
<status status="PASS" start="2025-08-05T08:54:23.504512" elapsed="6.634417"/>
</kw>
<kw name="Wait Until Element Is Visible" owner="AppiumLibrary">
<msg time="2025-08-05T08:54:30.140225" level="DEBUG">POST http://127.0.0.1:4723/session/4e8a78fa-8c76-4474-a3db-efb0b3e36050/elements {'using': 'xpath', 'value': '//XCUIElementTypeStaticText[@name="Hong Kong, China"]'}</msg>
<msg time="2025-08-05T08:54:30.141061" level="DEBUG">Starting new HTTP connection (1): 127.0.0.1:4723</msg>
<msg time="2025-08-05T08:54:30.282042" level="DEBUG">http://127.0.0.1:4723 "POST /session/4e8a78fa-8c76-4474-a3db-efb0b3e36050/elements HTTP/1.1" 200 0</msg>
<msg time="2025-08-05T08:54:30.282337" level="DEBUG">Remote response: status=200 | data={"value":[{"element-6066-11e4-a52e-4f735466cecf":"A6020000-0000-0000-4122-000000000000","ELEMENT":"A6020000-0000-0000-4122-000000000000"}]} | headers=HTTPHeaderDict({'X-Powered-By': 'Express', 'Vary': 'X-HTTP-Method-Override', 'Content-Type': 'application/json; charset=utf-8', 'Content-Length': '139', 'ETag': 'W/"8b-Qbf3Jt0PRfpOd8N6ExmiKzuuJ8M"', 'Date': 'Tue, 05 Aug 2025 01:54:30 GMT', 'Connection': 'keep-alive', 'Keep-Alive': 'timeout=600'})</msg>
<msg time="2025-08-05T08:54:30.282508" level="DEBUG">Finished Request</msg>
<msg time="2025-08-05T08:54:30.282855" level="DEBUG">GET http://127.0.0.1:4723/session/4e8a78fa-8c76-4474-a3db-efb0b3e36050/element/A6020000-0000-0000-4122-000000000000/displayed {}</msg>
<msg time="2025-08-05T08:54:30.283616" level="DEBUG">Starting new HTTP connection (1): 127.0.0.1:4723</msg>
<msg time="2025-08-05T08:54:30.312842" level="DEBUG">http://127.0.0.1:4723 "GET /session/4e8a78fa-8c76-4474-a3db-efb0b3e36050/element/A6020000-0000-0000-4122-000000000000/displayed HTTP/1.1" 200 0</msg>
<msg time="2025-08-05T08:54:30.313022" level="DEBUG">Remote response: status=200 | data={"value":true,"sessionId":"4e8a78fa-8c76-4474-a3db-efb0b3e36050"} | headers=HTTPHeaderDict({'X-Powered-By': 'Express', 'Content-Type': 'application/json; charset=utf-8', 'Content-Length': '65', 'ETag': 'W/"41-W36JNq7zWQxWbrvtpldQW3lPB6k"', 'Date': 'Tue, 05 Aug 2025 01:54:30 GMT', 'Connection': 'keep-alive', 'Keep-Alive': 'timeout=600'})</msg>
<msg time="2025-08-05T08:54:30.313112" level="DEBUG">Finished Request</msg>
<msg time="2025-08-05T08:54:30.313252" level="INFO">xpath criteria: //XCUIElementTypeStaticText[@name="Hong Kong, China"]</msg>
<arg>${iOS_HongKong_Code}</arg>
<doc>Waits until element specified with `locator` is visible.</doc>
<status status="PASS" start="2025-08-05T08:54:30.139416" elapsed="0.173900"/>
</kw>
<kw name="Click Element" owner="AppiumLibrary">
<msg time="2025-08-05T08:54:30.315638" level="INFO">Clicking element '//XCUIElementTypeStaticText[@name="Hong Kong, China"]'.</msg>
<msg time="2025-08-05T08:54:30.315776" level="DEBUG">POST http://127.0.0.1:4723/session/4e8a78fa-8c76-4474-a3db-efb0b3e36050/elements {'using': 'xpath', 'value': '//XCUIElementTypeStaticText[@name="Hong Kong, China"]'}</msg>
<msg time="2025-08-05T08:54:30.316160" level="DEBUG">Starting new HTTP connection (1): 127.0.0.1:4723</msg>
<msg time="2025-08-05T08:54:30.405528" level="DEBUG">http://127.0.0.1:4723 "POST /session/4e8a78fa-8c76-4474-a3db-efb0b3e36050/elements HTTP/1.1" 200 0</msg>
<msg time="2025-08-05T08:54:30.405855" level="DEBUG">Remote response: status=200 | data={"value":[{"element-6066-11e4-a52e-4f735466cecf":"A6020000-0000-0000-4122-000000000000","ELEMENT":"A6020000-0000-0000-4122-000000000000"}]} | headers=HTTPHeaderDict({'X-Powered-By': 'Express', 'Vary': 'X-HTTP-Method-Override', 'Content-Type': 'application/json; charset=utf-8', 'Content-Length': '139', 'ETag': 'W/"8b-Qbf3Jt0PRfpOd8N6ExmiKzuuJ8M"', 'Date': 'Tue, 05 Aug 2025 01:54:30 GMT', 'Connection': 'keep-alive', 'Keep-Alive': 'timeout=600'})</msg>
<msg time="2025-08-05T08:54:30.406028" level="DEBUG">Finished Request</msg>
<msg time="2025-08-05T08:54:30.406376" level="DEBUG">POST http://127.0.0.1:4723/session/4e8a78fa-8c76-4474-a3db-efb0b3e36050/element/A6020000-0000-0000-4122-000000000000/click {}</msg>
<msg time="2025-08-05T08:54:30.407167" level="DEBUG">Starting new HTTP connection (1): 127.0.0.1:4723</msg>
<msg time="2025-08-05T08:54:31.130113" level="DEBUG">http://127.0.0.1:4723 "POST /session/4e8a78fa-8c76-4474-a3db-efb0b3e36050/element/A6020000-0000-0000-4122-000000000000/click HTTP/1.1" 200 0</msg>
<msg time="2025-08-05T08:54:31.130343" level="DEBUG">Remote response: status=200 | data={"value":null,"sessionId":"4e8a78fa-8c76-4474-a3db-efb0b3e36050"} | headers=HTTPHeaderDict({'X-Powered-By': 'Express', 'Vary': 'X-HTTP-Method-Override', 'Content-Type': 'application/json; charset=utf-8', 'Content-Length': '65', 'ETag': 'W/"41-amq6EX4o2FgPj0Am0L8zlLedA3c"', 'Date': 'Tue, 05 Aug 2025 01:54:31 GMT', 'Connection': 'keep-alive', 'Keep-Alive': 'timeout=600'})</msg>
<msg time="2025-08-05T08:54:31.130849" level="DEBUG">Finished Request</msg>
<msg time="2025-08-05T08:54:31.131108" level="INFO">xpath criteria: //XCUIElementTypeStaticText[@name="Hong Kong, China"]</msg>
<arg>${iOS_HongKong_Code}</arg>
<doc>Click element identified by `locator`.</doc>
<status status="PASS" start="2025-08-05T08:54:30.313515" elapsed="0.817682"/>
</kw>
<status status="PASS" start="2025-08-05T08:54:23.005092" elapsed="8.126232"/>
</kw>
<arg>'${actual_code}' != '+852'</arg>
<arg>Change Phone Code</arg>
<doc>Runs the given keyword with the given arguments, if ``condition`` is true.</doc>
<status status="PASS" start="2025-08-05T08:54:23.004676" elapsed="8.126721"/>
</kw>
<status status="PASS" start="2025-08-05T08:54:22.381417" elapsed="8.750069"/>
</kw>
<kw name="User input phone number" owner="LoginScreen">
<kw name="Input Text" owner="AppiumLibrary">
<msg time="2025-08-05T08:54:31.134804" level="INFO">Typing text '000003' into text field '//XCUIElementTypeTextField'</msg>
<msg time="2025-08-05T08:54:31.134986" level="DEBUG">POST http://127.0.0.1:4723/session/4e8a78fa-8c76-4474-a3db-efb0b3e36050/elements {'using': 'xpath', 'value': '//XCUIElementTypeTextField'}</msg>
<msg time="2025-08-05T08:54:31.135414" level="DEBUG">Starting new HTTP connection (1): 127.0.0.1:4723</msg>
<msg time="2025-08-05T08:54:31.227005" level="DEBUG">http://127.0.0.1:4723 "POST /session/4e8a78fa-8c76-4474-a3db-efb0b3e36050/elements HTTP/1.1" 200 0</msg>
<msg time="2025-08-05T08:54:31.227290" level="DEBUG">Remote response: status=200 | data={"value":[{"element-6066-11e4-a52e-4f735466cecf":"2A000000-0000-0000-4122-000000000000","ELEMENT":"2A000000-0000-0000-4122-000000000000"}]} | headers=HTTPHeaderDict({'X-Powered-By': 'Express', 'Vary': 'X-HTTP-Method-Override', 'Content-Type': 'application/json; charset=utf-8', 'Content-Length': '139', 'ETag': 'W/"8b-kN5+v18z94PgtKKyrDWZzBRrGU0"', 'Date': 'Tue, 05 Aug 2025 01:54:31 GMT', 'Connection': 'keep-alive', 'Keep-Alive': 'timeout=600'})</msg>
<msg time="2025-08-05T08:54:31.227456" level="DEBUG">Finished Request</msg>
<msg time="2025-08-05T08:54:31.227843" level="DEBUG">POST http://127.0.0.1:4723/session/4e8a78fa-8c76-4474-a3db-efb0b3e36050/element/2A000000-0000-0000-4122-000000000000/value {'text': '000003', 'value': ['0', '0', '0', '0', '0', '3']}</msg>
<msg time="2025-08-05T08:54:31.228616" level="DEBUG">Starting new HTTP connection (1): 127.0.0.1:4723</msg>
<msg time="2025-08-05T08:54:32.337183" level="DEBUG">http://127.0.0.1:4723 "POST /session/4e8a78fa-8c76-4474-a3db-efb0b3e36050/element/2A000000-0000-0000-4122-000000000000/value HTTP/1.1" 200 0</msg>
<msg time="2025-08-05T08:54:32.337618" level="DEBUG">Remote response: status=200 | data={"value":null} | headers=HTTPHeaderDict({'X-Powered-By': 'Express', 'Vary': 'X-HTTP-Method-Override', 'Content-Type': 'application/json; charset=utf-8', 'Content-Length': '14', 'ETag': 'W/"e-9/1BuKMgFObM1mWJm+YjxtXJnUM"', 'Date': 'Tue, 05 Aug 2025 01:54:32 GMT', 'Connection': 'keep-alive', 'Keep-Alive': 'timeout=600'})</msg>
<msg time="2025-08-05T08:54:32.337808" level="DEBUG">Finished Request</msg>
<msg time="2025-08-05T08:54:32.338118" level="INFO">xpath criteria: //XCUIElementTypeTextField</msg>
<arg>${iOS_PhoneNo_txtbox}</arg>
<arg>${phoneNumber}</arg>
<doc>Types the given `text` into text field identified by `locator`.</doc>
<status status="PASS" start="2025-08-05T08:54:31.132490" elapsed="1.205753"/>
</kw>
<status status="PASS" start="2025-08-05T08:54:31.131910" elapsed="1.206568"/>
</kw>
<kw name="User input password" owner="LoginScreen">
<kw name="Input Text" owner="AppiumLibrary">
<msg time="2025-08-05T08:54:32.343408" level="INFO">Typing text 'Phillip1' into text field '//XCUIElementTypeSecureTextField'</msg>
<msg time="2025-08-05T08:54:32.343678" level="DEBUG">POST http://127.0.0.1:4723/session/4e8a78fa-8c76-4474-a3db-efb0b3e36050/elements {'using': 'xpath', 'value': '//XCUIElementTypeSecureTextField'}</msg>
<msg time="2025-08-05T08:54:32.344193" level="DEBUG">Starting new HTTP connection (1): 127.0.0.1:4723</msg>
<msg time="2025-08-05T08:54:32.482876" level="DEBUG">http://127.0.0.1:4723 "POST /session/4e8a78fa-8c76-4474-a3db-efb0b3e36050/elements HTTP/1.1" 200 0</msg>
<msg time="2025-08-05T08:54:32.483177" level="DEBUG">Remote response: status=200 | data={"value":[{"element-6066-11e4-a52e-4f735466cecf":"2C000000-0000-0000-4122-000000000000","ELEMENT":"2C000000-0000-0000-4122-000000000000"}]} | headers=HTTPHeaderDict({'X-Powered-By': 'Express', 'Vary': 'X-HTTP-Method-Override', 'Content-Type': 'application/json; charset=utf-8', 'Content-Length': '139', 'ETag': 'W/"8b-M08KRFBp8VMXnh/cKaXqR/SCj0Y"', 'Date': 'Tue, 05 Aug 2025 01:54:32 GMT', 'Connection': 'keep-alive', 'Keep-Alive': 'timeout=600'})</msg>
<msg time="2025-08-05T08:54:32.483360" level="DEBUG">Finished Request</msg>
<msg time="2025-08-05T08:54:32.483756" level="DEBUG">POST http://127.0.0.1:4723/session/4e8a78fa-8c76-4474-a3db-efb0b3e36050/element/2C000000-0000-0000-4122-000000000000/value {'text': 'Phillip1', 'value': ['P', 'h', 'i', 'l', 'l', 'i', 'p', '1']}</msg>
<msg time="2025-08-05T08:54:32.484589" level="DEBUG">Starting new HTTP connection (1): 127.0.0.1:4723</msg>
<msg time="2025-08-05T08:54:33.630013" level="DEBUG">http://127.0.0.1:4723 "POST /session/4e8a78fa-8c76-4474-a3db-efb0b3e36050/element/2C000000-0000-0000-4122-000000000000/value HTTP/1.1" 200 0</msg>
<msg time="2025-08-05T08:54:33.630470" level="DEBUG">Remote response: status=200 | data={"value":null} | headers=HTTPHeaderDict({'X-Powered-By': 'Express', 'Vary': 'X-HTTP-Method-Override', 'Content-Type': 'application/json; charset=utf-8', 'Content-Length': '14', 'ETag': 'W/"e-9/1BuKMgFObM1mWJm+YjxtXJnUM"', 'Date': 'Tue, 05 Aug 2025 01:54:33 GMT', 'Connection': 'keep-alive', 'Keep-Alive': 'timeout=600'})</msg>
<msg time="2025-08-05T08:54:33.630660" level="DEBUG">Finished Request</msg>
<msg time="2025-08-05T08:54:33.630953" level="INFO">xpath criteria: //XCUIElementTypeSecureTextField</msg>
<arg>${iOS_Password_txtbox}</arg>
<arg>${password}</arg>
<doc>Types the given `text` into text field identified by `locator`.</doc>
<status status="PASS" start="2025-08-05T08:54:32.339802" elapsed="1.291232"/>
</kw>
<status status="PASS" start="2025-08-05T08:54:32.339071" elapsed="1.292150"/>
</kw>
<kw name="User Agree to T&amp;C" owner="LoginScreen">
<kw name="Click Element" owner="AppiumLibrary">
<msg time="2025-08-05T08:54:33.634531" level="INFO">Clicking element '//XCUIElementTypeImage[@name="ic_checkbox"]'.</msg>
<msg time="2025-08-05T08:54:33.634743" level="DEBUG">POST http://127.0.0.1:4723/session/4e8a78fa-8c76-4474-a3db-efb0b3e36050/elements {'using': 'xpath', 'value': '//XCUIElementTypeImage[@name="ic_checkbox"]'}</msg>
<msg time="2025-08-05T08:54:33.635350" level="DEBUG">Starting new HTTP connection (1): 127.0.0.1:4723</msg>
<msg time="2025-08-05T08:54:33.790632" level="DEBUG">http://127.0.0.1:4723 "POST /session/4e8a78fa-8c76-4474-a3db-efb0b3e36050/elements HTTP/1.1" 200 0</msg>
<msg time="2025-08-05T08:54:33.790790" level="DEBUG">Remote response: status=200 | data={"value":[{"element-6066-11e4-a52e-4f735466cecf":"2F000000-0000-0000-4122-000000000000","ELEMENT":"2F000000-0000-0000-4122-000000000000"}]} | headers=HTTPHeaderDict({'X-Powered-By': 'Express', 'Vary': 'X-HTTP-Method-Override', 'Content-Type': 'application/json; charset=utf-8', 'Content-Length': '139', 'ETag': 'W/"8b-y5Nj74XHpPMbED0wJ2aU0gYnF+4"', 'Date': 'Tue, 05 Aug 2025 01:54:33 GMT', 'Connection': 'keep-alive', 'Keep-Alive': 'timeout=600'})</msg>
<msg time="2025-08-05T08:54:33.790865" level="DEBUG">Finished Request</msg>
<msg time="2025-08-05T08:54:33.791036" level="DEBUG">POST http://127.0.0.1:4723/session/4e8a78fa-8c76-4474-a3db-efb0b3e36050/element/2F000000-0000-0000-4122-000000000000/click {}</msg>
<msg time="2025-08-05T08:54:33.791409" level="DEBUG">Starting new HTTP connection (1): 127.0.0.1:4723</msg>
<msg time="2025-08-05T08:54:34.160286" level="DEBUG">http://127.0.0.1:4723 "POST /session/4e8a78fa-8c76-4474-a3db-efb0b3e36050/element/2F000000-0000-0000-4122-000000000000/click HTTP/1.1" 200 0</msg>
<msg time="2025-08-05T08:54:34.160571" level="DEBUG">Remote response: status=200 | data={"value":null,"sessionId":"4e8a78fa-8c76-4474-a3db-efb0b3e36050"} | headers=HTTPHeaderDict({'X-Powered-By': 'Express', 'Vary': 'X-HTTP-Method-Override', 'Content-Type': 'application/json; charset=utf-8', 'Content-Length': '65', 'ETag': 'W/"41-amq6EX4o2FgPj0Am0L8zlLedA3c"', 'Date': 'Tue, 05 Aug 2025 01:54:34 GMT', 'Connection': 'keep-alive', 'Keep-Alive': 'timeout=600'})</msg>
<msg time="2025-08-05T08:54:34.160843" level="DEBUG">Finished Request</msg>
<msg time="2025-08-05T08:54:34.161074" level="INFO">xpath criteria: //XCUIElementTypeImage[@name="ic_checkbox"]</msg>
<arg>${iOS_TnC_checkbox}</arg>
<doc>Click element identified by `locator`.</doc>
<status status="PASS" start="2025-08-05T08:54:33.632284" elapsed="0.528899"/>
</kw>
<status status="PASS" start="2025-08-05T08:54:33.631694" elapsed="0.529650"/>
</kw>
<kw name="User tap on login button" owner="LoginScreen">
<kw name="Click Element" owner="AppiumLibrary">
<msg time="2025-08-05T08:54:34.166019" level="INFO">Clicking element '//XCUIElementTypeStaticText[@name="LOGIN"]'.</msg>
<msg time="2025-08-05T08:54:34.166209" level="DEBUG">POST http://127.0.0.1:4723/session/4e8a78fa-8c76-4474-a3db-efb0b3e36050/elements {'using': 'xpath', 'value': '//XCUIElementTypeStaticText[@name="LOGIN"]'}</msg>
<msg time="2025-08-05T08:54:34.166577" level="DEBUG">Starting new HTTP connection (1): 127.0.0.1:4723</msg>
<msg time="2025-08-05T08:54:34.298380" level="DEBUG">http://127.0.0.1:4723 "POST /session/4e8a78fa-8c76-4474-a3db-efb0b3e36050/elements HTTP/1.1" 200 0</msg>
<msg time="2025-08-05T08:54:34.298682" level="DEBUG">Remote response: status=200 | data={"value":[{"element-6066-11e4-a52e-4f735466cecf":"F5020000-0000-0000-4122-000000000000","ELEMENT":"F5020000-0000-0000-4122-000000000000"}]} | headers=HTTPHeaderDict({'X-Powered-By': 'Express', 'Vary': 'X-HTTP-Method-Override', 'Content-Type': 'application/json; charset=utf-8', 'Content-Length': '139', 'ETag': 'W/"8b-1XMgEaEpU3gA+l9Ikwd8V0A0qmY"', 'Date': 'Tue, 05 Aug 2025 01:54:34 GMT', 'Connection': 'keep-alive', 'Keep-Alive': 'timeout=600'})</msg>
<msg time="2025-08-05T08:54:34.298858" level="DEBUG">Finished Request</msg>
<msg time="2025-08-05T08:54:34.299206" level="DEBUG">POST http://127.0.0.1:4723/session/4e8a78fa-8c76-4474-a3db-efb0b3e36050/element/F5020000-0000-0000-4122-000000000000/click {}</msg>
<msg time="2025-08-05T08:54:34.300031" level="DEBUG">Starting new HTTP connection (1): 127.0.0.1:4723</msg>
<msg time="2025-08-05T08:54:34.992953" level="DEBUG">http://127.0.0.1:4723 "POST /session/4e8a78fa-8c76-4474-a3db-efb0b3e36050/element/F5020000-0000-0000-4122-000000000000/click HTTP/1.1" 200 0</msg>
<msg time="2025-08-05T08:54:34.993133" level="DEBUG">Remote response: status=200 | data={"value":null,"sessionId":"4e8a78fa-8c76-4474-a3db-efb0b3e36050"} | headers=HTTPHeaderDict({'X-Powered-By': 'Express', 'Vary': 'X-HTTP-Method-Override', 'Content-Type': 'application/json; charset=utf-8', 'Content-Length': '65', 'ETag': 'W/"41-amq6EX4o2FgPj0Am0L8zlLedA3c"', 'Date': 'Tue, 05 Aug 2025 01:54:34 GMT', 'Connection': 'keep-alive', 'Keep-Alive': 'timeout=600'})</msg>
<msg time="2025-08-05T08:54:34.993221" level="DEBUG">Finished Request</msg>
<msg time="2025-08-05T08:54:34.993394" level="INFO">xpath criteria: //XCUIElementTypeStaticText[@name="LOGIN"]</msg>
<arg>${iOS_Login_btn}</arg>
<doc>Click element identified by `locator`.</doc>
<status status="PASS" start="2025-08-05T08:54:34.162366" elapsed="0.831112"/>
</kw>
<status status="PASS" start="2025-08-05T08:54:34.161783" elapsed="0.831822"/>
</kw>
<kw name="User Close Notification Popup" owner="LoginScreen">
<kw name="Wait Until Element Is Visible" owner="AppiumLibrary">
<msg time="2025-08-05T08:54:34.994730" level="DEBUG">POST http://127.0.0.1:4723/session/4e8a78fa-8c76-4474-a3db-efb0b3e36050/elements {'using': 'xpath', 'value': '//XCUIElementTypeStaticText[@name="BTN_CANCEL"]'}</msg>
<msg time="2025-08-05T08:54:34.995070" level="DEBUG">Starting new HTTP connection (1): 127.0.0.1:4723</msg>
<msg time="2025-08-05T08:54:35.513994" level="DEBUG">http://127.0.0.1:4723 "POST /session/4e8a78fa-8c76-4474-a3db-efb0b3e36050/elements HTTP/1.1" 200 0</msg>
<msg time="2025-08-05T08:54:35.514099" level="DEBUG">Remote response: status=200 | data={"value":[]} | headers=HTTPHeaderDict({'X-Powered-By': 'Express', 'Vary': 'X-HTTP-Method-Override', 'Content-Type': 'application/json; charset=utf-8', 'Content-Length': '12', 'ETag': 'W/"c-ct3goOI+b+kRZv2R9j2fTtMXwkk"', 'Date': 'Tue, 05 Aug 2025 01:54:35 GMT', 'Connection': 'keep-alive', 'Keep-Alive': 'timeout=600'})</msg>
<msg time="2025-08-05T08:54:35.514142" level="DEBUG">Finished Request</msg>
<msg time="2025-08-05T08:54:35.719609" level="DEBUG">POST http://127.0.0.1:4723/session/4e8a78fa-8c76-4474-a3db-efb0b3e36050/elements {'using': 'xpath', 'value': '//XCUIElementTypeStaticText[@name="BTN_CANCEL"]'}</msg>
<msg time="2025-08-05T08:54:35.720186" level="DEBUG">Starting new HTTP connection (1): 127.0.0.1:4723</msg>
<msg time="2025-08-05T08:54:36.061729" level="DEBUG">http://127.0.0.1:4723 "POST /session/4e8a78fa-8c76-4474-a3db-efb0b3e36050/elements HTTP/1.1" 200 0</msg>
<msg time="2025-08-05T08:54:36.062002" level="DEBUG">Remote response: status=200 | data={"value":[]} | headers=HTTPHeaderDict({'X-Powered-By': 'Express', 'Vary': 'X-HTTP-Method-Override', 'Content-Type': 'application/json; charset=utf-8', 'Content-Length': '12', 'ETag': 'W/"c-ct3goOI+b+kRZv2R9j2fTtMXwkk"', 'Date': 'Tue, 05 Aug 2025 01:54:36 GMT', 'Connection': 'keep-alive', 'Keep-Alive': 'timeout=600'})</msg>
<msg time="2025-08-05T08:54:36.062110" level="DEBUG">Finished Request</msg>
<msg time="2025-08-05T08:54:36.265592" level="DEBUG">POST http://127.0.0.1:4723/session/4e8a78fa-8c76-4474-a3db-efb0b3e36050/elements {'using': 'xpath', 'value': '//XCUIElementTypeStaticText[@name="BTN_CANCEL"]'}</msg>
<msg time="2025-08-05T08:54:36.266696" level="DEBUG">Starting new HTTP connection (1): 127.0.0.1:4723</msg>
<msg time="2025-08-05T08:54:36.366180" level="DEBUG">http://127.0.0.1:4723 "POST /session/4e8a78fa-8c76-4474-a3db-efb0b3e36050/elements HTTP/1.1" 200 0</msg>
<msg time="2025-08-05T08:54:36.366402" level="DEBUG">Remote response: status=200 | data={"value":[]} | headers=HTTPHeaderDict({'X-Powered-By': 'Express', 'Vary': 'X-HTTP-Method-Override', 'Content-Type': 'application/json; charset=utf-8', 'Content-Length': '12', 'ETag': 'W/"c-ct3goOI+b+kRZv2R9j2fTtMXwkk"', 'Date': 'Tue, 05 Aug 2025 01:54:36 GMT', 'Connection': 'keep-alive', 'Keep-Alive': 'timeout=600'})</msg>
<msg time="2025-08-05T08:54:36.366493" level="DEBUG">Finished Request</msg>
<msg time="2025-08-05T08:54:36.570044" level="DEBUG">POST http://127.0.0.1:4723/session/4e8a78fa-8c76-4474-a3db-efb0b3e36050/elements {'using': 'xpath', 'value': '//XCUIElementTypeStaticText[@name="BTN_CANCEL"]'}</msg>
<msg time="2025-08-05T08:54:36.570742" level="DEBUG">Starting new HTTP connection (1): 127.0.0.1:4723</msg>
<msg time="2025-08-05T08:54:36.871014" level="DEBUG">http://127.0.0.1:4723 "POST /session/4e8a78fa-8c76-4474-a3db-efb0b3e36050/elements HTTP/1.1" 200 0</msg>
<msg time="2025-08-05T08:54:36.871302" level="DEBUG">Remote response: status=200 | data={"value":[{"element-6066-11e4-a52e-4f735466cecf":"6C030000-0000-0000-4122-000000000000","ELEMENT":"6C030000-0000-0000-4122-000000000000"}]} | headers=HTTPHeaderDict({'X-Powered-By': 'Express', 'Vary': 'X-HTTP-Method-Override', 'Content-Type': 'application/json; charset=utf-8', 'Content-Length': '139', 'ETag': 'W/"8b-Q85EWzm8zT6zCX0VgwgVuBk5S3o"', 'Date': 'Tue, 05 Aug 2025 01:54:36 GMT', 'Connection': 'keep-alive', 'Keep-Alive': 'timeout=600'})</msg>
<msg time="2025-08-05T08:54:36.871471" level="DEBUG">Finished Request</msg>
<msg time="2025-08-05T08:54:36.871819" level="DEBUG">GET http://127.0.0.1:4723/session/4e8a78fa-8c76-4474-a3db-efb0b3e36050/element/6C030000-0000-0000-4122-000000000000/displayed {}</msg>
<msg time="2025-08-05T08:54:36.872574" level="DEBUG">Starting new HTTP connection (1): 127.0.0.1:4723</msg>
<msg time="2025-08-05T08:54:36.918754" level="DEBUG">http://127.0.0.1:4723 "GET /session/4e8a78fa-8c76-4474-a3db-efb0b3e36050/element/6C030000-0000-0000-4122-000000000000/displayed HTTP/1.1" 200 0</msg>
<msg time="2025-08-05T08:54:36.919062" level="DEBUG">Remote response: status=200 | data={"value":true,"sessionId":"4e8a78fa-8c76-4474-a3db-efb0b3e36050"} | headers=HTTPHeaderDict({'X-Powered-By': 'Express', 'Content-Type': 'application/json; charset=utf-8', 'Content-Length': '65', 'ETag': 'W/"41-W36JNq7zWQxWbrvtpldQW3lPB6k"', 'Date': 'Tue, 05 Aug 2025 01:54:36 GMT', 'Connection': 'keep-alive', 'Keep-Alive': 'timeout=600'})</msg>
<msg time="2025-08-05T08:54:36.919359" level="DEBUG">Finished Request</msg>
<msg time="2025-08-05T08:54:36.919606" level="INFO">xpath criteria: //XCUIElementTypeStaticText[@name="BTN_CANCEL"]
xpath criteria: //XCUIElementTypeStaticText[@name="BTN_CANCEL"]
xpath criteria: //XCUIElementTypeStaticText[@name="BTN_CANCEL"]
xpath criteria: //XCUIElementTypeStaticText[@name="BTN_CANCEL"]</msg>
<arg>${iOS_Cancel_Popup}</arg>
<doc>Waits until element specified with `locator` is visible.</doc>
<status status="PASS" start="2025-08-05T08:54:34.994425" elapsed="1.925294"/>
</kw>
<kw name="Click Element" owner="AppiumLibrary">
<msg time="2025-08-05T08:54:36.923676" level="INFO">Clicking element '//XCUIElementTypeStaticText[@name="BTN_CANCEL"]'.</msg>
<msg time="2025-08-05T08:54:36.923875" level="DEBUG">POST http://127.0.0.1:4723/session/4e8a78fa-8c76-4474-a3db-efb0b3e36050/elements {'using': 'xpath', 'value': '//XCUIElementTypeStaticText[@name="BTN_CANCEL"]'}</msg>
<msg time="2025-08-05T08:54:36.924300" level="DEBUG">Starting new HTTP connection (1): 127.0.0.1:4723</msg>
<msg time="2025-08-05T08:54:37.090268" level="DEBUG">http://127.0.0.1:4723 "POST /session/4e8a78fa-8c76-4474-a3db-efb0b3e36050/elements HTTP/1.1" 200 0</msg>
<msg time="2025-08-05T08:54:37.090567" level="DEBUG">Remote response: status=200 | data={"value":[{"element-6066-11e4-a52e-4f735466cecf":"6C030000-0000-0000-4122-000000000000","ELEMENT":"6C030000-0000-0000-4122-000000000000"}]} | headers=HTTPHeaderDict({'X-Powered-By': 'Express', 'Vary': 'X-HTTP-Method-Override', 'Content-Type': 'application/json; charset=utf-8', 'Content-Length': '139', 'ETag': 'W/"8b-Q85EWzm8zT6zCX0VgwgVuBk5S3o"', 'Date': 'Tue, 05 Aug 2025 01:54:37 GMT', 'Connection': 'keep-alive', 'Keep-Alive': 'timeout=600'})</msg>
<msg time="2025-08-05T08:54:37.090738" level="DEBUG">Finished Request</msg>
<msg time="2025-08-05T08:54:37.091087" level="DEBUG">POST http://127.0.0.1:4723/session/4e8a78fa-8c76-4474-a3db-efb0b3e36050/element/6C030000-0000-0000-4122-000000000000/click {}</msg>
<msg time="2025-08-05T08:54:37.091926" level="DEBUG">Starting new HTTP connection (1): 127.0.0.1:4723</msg>
<msg time="2025-08-05T08:54:37.570917" level="DEBUG">http://127.0.0.1:4723 "POST /session/4e8a78fa-8c76-4474-a3db-efb0b3e36050/element/6C030000-0000-0000-4122-000000000000/click HTTP/1.1" 200 0</msg>
<msg time="2025-08-05T08:54:37.571001" level="DEBUG">Remote response: status=200 | data={"value":null,"sessionId":"4e8a78fa-8c76-4474-a3db-efb0b3e36050"} | headers=HTTPHeaderDict({'X-Powered-By': 'Express', 'Vary': 'X-HTTP-Method-Override', 'Content-Type': 'application/json; charset=utf-8', 'Content-Length': '65', 'ETag': 'W/"41-amq6EX4o2FgPj0Am0L8zlLedA3c"', 'Date': 'Tue, 05 Aug 2025 01:54:37 GMT', 'Connection': 'keep-alive', 'Keep-Alive': 'timeout=600'})</msg>
<msg time="2025-08-05T08:54:37.571036" level="DEBUG">Finished Request</msg>
<msg time="2025-08-05T08:54:37.571102" level="INFO">xpath criteria: //XCUIElementTypeStaticText[@name="BTN_CANCEL"]</msg>
<arg>${iOS_Cancel_Popup}</arg>
<doc>Click element identified by `locator`.</doc>
<status status="PASS" start="2025-08-05T08:54:36.920040" elapsed="0.651086"/>
</kw>
<status status="PASS" start="2025-08-05T08:54:34.993979" elapsed="2.577201"/>
</kw>
<kw name="User Close Save Password Popup" owner="LoginScreen">
<kw name="Click Element" owner="AppiumLibrary">
<msg time="2025-08-05T08:54:37.572144" level="INFO">Clicking element '//XCUIElementTypeButton[@name="Not Now"]'.</msg>
<msg time="2025-08-05T08:54:37.572206" level="DEBUG">POST http://127.0.0.1:4723/session/4e8a78fa-8c76-4474-a3db-efb0b3e36050/elements {'using': 'xpath', 'value': '//XCUIElementTypeButton[@name="Not Now"]'}</msg>
<msg time="2025-08-05T08:54:37.572366" level="DEBUG">Starting new HTTP connection (1): 127.0.0.1:4723</msg>
<msg time="2025-08-05T08:54:37.744866" level="DEBUG">http://127.0.0.1:4723 "POST /session/4e8a78fa-8c76-4474-a3db-efb0b3e36050/elements HTTP/1.1" 200 0</msg>
<msg time="2025-08-05T08:54:37.745048" level="DEBUG">Remote response: status=200 | data={"value":[{"element-6066-11e4-a52e-4f735466cecf":"6A000000-0000-0000-6C1F-000000000000","ELEMENT":"6A000000-0000-0000-6C1F-000000000000"}]} | headers=HTTPHeaderDict({'X-Powered-By': 'Express', 'Vary': 'X-HTTP-Method-Override', 'Content-Type': 'application/json; charset=utf-8', 'Content-Length': '139', 'ETag': 'W/"8b-jgFYkTx7ieUJfeLn9UK/MzaE1mQ"', 'Date': 'Tue, 05 Aug 2025 01:54:37 GMT', 'Connection': 'keep-alive', 'Keep-Alive': 'timeout=600'})</msg>
<msg time="2025-08-05T08:54:37.745139" level="DEBUG">Finished Request</msg>
<msg time="2025-08-05T08:54:37.745335" level="DEBUG">POST http://127.0.0.1:4723/session/4e8a78fa-8c76-4474-a3db-efb0b3e36050/element/6A000000-0000-0000-6C1F-000000000000/click {}</msg>
<msg time="2025-08-05T08:54:37.745716" level="DEBUG">Starting new HTTP connection (1): 127.0.0.1:4723</msg>
<msg time="2025-08-05T08:54:38.120877" level="DEBUG">http://127.0.0.1:4723 "POST /session/4e8a78fa-8c76-4474-a3db-efb0b3e36050/element/6A000000-0000-0000-6C1F-000000000000/click HTTP/1.1" 200 0</msg>
<msg time="2025-08-05T08:54:38.121142" level="DEBUG">Remote response: status=200 | data={"value":null,"sessionId":"4e8a78fa-8c76-4474-a3db-efb0b3e36050"} | headers=HTTPHeaderDict({'X-Powered-By': 'Express', 'Vary': 'X-HTTP-Method-Override', 'Content-Type': 'application/json; charset=utf-8', 'Content-Length': '65', 'ETag': 'W/"41-amq6EX4o2FgPj0Am0L8zlLedA3c"', 'Date': 'Tue, 05 Aug 2025 01:54:38 GMT', 'Connection': 'keep-alive', 'Keep-Alive': 'timeout=600'})</msg>
<msg time="2025-08-05T08:54:38.121281" level="DEBUG">Finished Request</msg>
<msg time="2025-08-05T08:54:38.121498" level="INFO">xpath criteria: //XCUIElementTypeButton[@name="Not Now"]</msg>
<arg>${iOS_Cancel_Save_Password_PopUp}</arg>
<doc>Click element identified by `locator`.</doc>
<status status="PASS" start="2025-08-05T08:54:37.571463" elapsed="0.550121"/>
</kw>
<status status="PASS" start="2025-08-05T08:54:37.571326" elapsed="0.550418"/>
</kw>
<kw name="User Close Ads" owner="LoginScreen">
<kw name="Click Element" owner="AppiumLibrary">
<msg time="2025-08-05T08:54:38.125377" level="INFO">Clicking element '//XCUIElementTypeButton[@name="ic cancel rounded"]'.</msg>
<msg time="2025-08-05T08:54:38.125602" level="DEBUG">POST http://127.0.0.1:4723/session/4e8a78fa-8c76-4474-a3db-efb0b3e36050/elements {'using': 'xpath', 'value': '//XCUIElementTypeButton[@name="ic cancel rounded"]'}</msg>
<msg time="2025-08-05T08:54:38.126165" level="DEBUG">Starting new HTTP connection (1): 127.0.0.1:4723</msg>
<msg time="2025-08-05T08:54:38.295049" level="DEBUG">http://127.0.0.1:4723 "POST /session/4e8a78fa-8c76-4474-a3db-efb0b3e36050/elements HTTP/1.1" 200 0</msg>
<msg time="2025-08-05T08:54:38.295340" level="DEBUG">Remote response: status=200 | data={"value":[{"element-6066-11e4-a52e-4f735466cecf":"44030000-0000-0000-4122-000000000000","ELEMENT":"44030000-0000-0000-4122-000000000000"}]} | headers=HTTPHeaderDict({'X-Powered-By': 'Express', 'Vary': 'X-HTTP-Method-Override', 'Content-Type': 'application/json; charset=utf-8', 'Content-Length': '139', 'ETag': 'W/"8b-4yqkY5NRD/3oaJVlNytsrwCiOJE"', 'Date': 'Tue, 05 Aug 2025 01:54:38 GMT', 'Connection': 'keep-alive', 'Keep-Alive': 'timeout=600'})</msg>
<msg time="2025-08-05T08:54:38.295509" level="DEBUG">Finished Request</msg>
<msg time="2025-08-05T08:54:38.295850" level="DEBUG">POST http://127.0.0.1:4723/session/4e8a78fa-8c76-4474-a3db-efb0b3e36050/element/44030000-0000-0000-4122-000000000000/click {}</msg>
<msg time="2025-08-05T08:54:38.296639" level="DEBUG">Starting new HTTP connection (1): 127.0.0.1:4723</msg>
<msg time="2025-08-05T08:54:39.282753" level="DEBUG">http://127.0.0.1:4723 "POST /session/4e8a78fa-8c76-4474-a3db-efb0b3e36050/element/44030000-0000-0000-4122-000000000000/click HTTP/1.1" 200 0</msg>
<msg time="2025-08-05T08:54:39.283359" level="DEBUG">Remote response: status=200 | data={"value":null,"sessionId":"4e8a78fa-8c76-4474-a3db-efb0b3e36050"} | headers=HTTPHeaderDict({'X-Powered-By': 'Express', 'Vary': 'X-HTTP-Method-Override', 'Content-Type': 'application/json; charset=utf-8', 'Content-Length': '65', 'ETag': 'W/"41-amq6EX4o2FgPj0Am0L8zlLedA3c"', 'Date': 'Tue, 05 Aug 2025 01:54:39 GMT', 'Connection': 'keep-alive', 'Keep-Alive': 'timeout=600'})</msg>
<msg time="2025-08-05T08:54:39.284206" level="DEBUG">Finished Request</msg>
<msg time="2025-08-05T08:54:39.284456" level="INFO">xpath criteria: //XCUIElementTypeButton[@name="ic cancel rounded"]</msg>
<arg>${iOS_Close_Ads}</arg>
<doc>Click element identified by `locator`.</doc>
<status status="PASS" start="2025-08-05T08:54:38.123005" elapsed="1.161520"/>
</kw>
<status status="PASS" start="2025-08-05T08:54:38.122252" elapsed="1.162382"/>
</kw>
<kw name="User see Home Tab" owner="LoginScreen">
<kw name="Element Should Be Visible" owner="AppiumLibrary">
<msg time="2025-08-05T08:54:39.285743" level="DEBUG">POST http://127.0.0.1:4723/session/4e8a78fa-8c76-4474-a3db-efb0b3e36050/elements {'using': 'xpath', 'value': '//XCUIElementTypeButton[@name="Home"]'}</msg>
<msg time="2025-08-05T08:54:39.286328" level="DEBUG">Starting new HTTP connection (1): 127.0.0.1:4723</msg>
<msg time="2025-08-05T08:54:39.389701" level="DEBUG">http://127.0.0.1:4723 "POST /session/4e8a78fa-8c76-4474-a3db-efb0b3e36050/elements HTTP/1.1" 200 0</msg>
<msg time="2025-08-05T08:54:39.389990" level="DEBUG">Remote response: status=200 | data={"value":[{"element-6066-11e4-a52e-4f735466cecf":"08030000-0000-0000-4122-000000000000","ELEMENT":"08030000-0000-0000-4122-000000000000"}]} | headers=HTTPHeaderDict({'X-Powered-By': 'Express', 'Vary': 'X-HTTP-Method-Override', 'Content-Type': 'application/json; charset=utf-8', 'Content-Length': '139', 'ETag': 'W/"8b-dY+GCh6u2FCZwgAbbnNis7UZ4ok"', 'Date': 'Tue, 05 Aug 2025 01:54:39 GMT', 'Connection': 'keep-alive', 'Keep-Alive': 'timeout=600'})</msg>
<msg time="2025-08-05T08:54:39.390164" level="DEBUG">Finished Request</msg>
<msg time="2025-08-05T08:54:39.390499" level="DEBUG">GET http://127.0.0.1:4723/session/4e8a78fa-8c76-4474-a3db-efb0b3e36050/element/08030000-0000-0000-4122-000000000000/displayed {}</msg>
<msg time="2025-08-05T08:54:39.391341" level="DEBUG">Starting new HTTP connection (1): 127.0.0.1:4723</msg>
<msg time="2025-08-05T08:54:39.419117" level="DEBUG">http://127.0.0.1:4723 "GET /session/4e8a78fa-8c76-4474-a3db-efb0b3e36050/element/08030000-0000-0000-4122-000000000000/displayed HTTP/1.1" 200 0</msg>
<msg time="2025-08-05T08:54:39.419395" level="DEBUG">Remote response: status=200 | data={"value":true,"sessionId":"4e8a78fa-8c76-4474-a3db-efb0b3e36050"} | headers=HTTPHeaderDict({'X-Powered-By': 'Express', 'Content-Type': 'application/json; charset=utf-8', 'Content-Length': '65', 'ETag': 'W/"41-W36JNq7zWQxWbrvtpldQW3lPB6k"', 'Date': 'Tue, 05 Aug 2025 01:54:39 GMT', 'Connection': 'keep-alive', 'Keep-Alive': 'timeout=600'})</msg>
<msg time="2025-08-05T08:54:39.419554" level="DEBUG">Finished Request</msg>
<msg time="2025-08-05T08:54:39.419780" level="INFO">xpath criteria: //XCUIElementTypeButton[@name="Home"]</msg>
<arg>${iOS_Home_Tab}</arg>
<doc>Verifies that element identified with locator is visible.</doc>
<status status="PASS" start="2025-08-05T08:54:39.285419" elapsed="0.134465"/>
</kw>
<status status="PASS" start="2025-08-05T08:54:39.285042" elapsed="0.135008"/>
</kw>
<tag>Mandatory</tag>
<status status="PASS" start="2025-08-05T08:54:12.628902" elapsed="26.791606"/>
</test>
<status status="PASS" start="2025-08-05T08:54:12.503461" elapsed="26.918008"/>
</suite>
<suite id="s1-s2" name="Verify sort name" source="/Users/thanhht/Documents/Work/Robot_Framework_Mobile/Tests/Ios/Verify_sort_name.robot">
<test id="s1-s2-t1" name="User click on Name column and see list is sorted by name" line="6">
<kw name="User tap on WatchList Tab" owner="WatchlistScreen">
<kw name="Click Element" owner="AppiumLibrary">
<msg time="2025-08-05T08:54:39.434792" level="INFO">Clicking element '//XCUIElementTypeButton[@name="Watchlist"]'.</msg>
<msg time="2025-08-05T08:54:39.434869" level="DEBUG">POST http://127.0.0.1:4723/session/4e8a78fa-8c76-4474-a3db-efb0b3e36050/elements {'using': 'xpath', 'value': '//XCUIElementTypeButton[@name="Watchlist"]'}</msg>
<msg time="2025-08-05T08:54:39.435029" level="DEBUG">Starting new HTTP connection (1): 127.0.0.1:4723</msg>
<msg time="2025-08-05T08:54:39.523646" level="DEBUG">http://127.0.0.1:4723 "POST /session/4e8a78fa-8c76-4474-a3db-efb0b3e36050/elements HTTP/1.1" 200 0</msg>
<msg time="2025-08-05T08:54:39.523954" level="DEBUG">Remote response: status=200 | data={"value":[{"element-6066-11e4-a52e-4f735466cecf":"09030000-0000-0000-4122-000000000000","ELEMENT":"09030000-0000-0000-4122-000000000000"}]} | headers=HTTPHeaderDict({'X-Powered-By': 'Express', 'Vary': 'X-HTTP-Method-Override', 'Content-Type': 'application/json; charset=utf-8', 'Content-Length': '139', 'ETag': 'W/"8b-dWCc2cPKAZ9Jqezu46YHXkJpZEQ"', 'Date': 'Tue, 05 Aug 2025 01:54:39 GMT', 'Connection': 'keep-alive', 'Keep-Alive': 'timeout=600'})</msg>
<msg time="2025-08-05T08:54:39.524130" level="DEBUG">Finished Request</msg>
<msg time="2025-08-05T08:54:39.524486" level="DEBUG">POST http://127.0.0.1:4723/session/4e8a78fa-8c76-4474-a3db-efb0b3e36050/element/09030000-0000-0000-4122-000000000000/click {}</msg>
<msg time="2025-08-05T08:54:39.525180" level="DEBUG">Starting new HTTP connection (1): 127.0.0.1:4723</msg>
<msg time="2025-08-05T08:54:40.074106" level="DEBUG">http://127.0.0.1:4723 "POST /session/4e8a78fa-8c76-4474-a3db-efb0b3e36050/element/09030000-0000-0000-4122-000000000000/click HTTP/1.1" 200 0</msg>
<msg time="2025-08-05T08:54:40.074274" level="DEBUG">Remote response: status=200 | data={"value":null,"sessionId":"4e8a78fa-8c76-4474-a3db-efb0b3e36050"} | headers=HTTPHeaderDict({'X-Powered-By': 'Express', 'Vary': 'X-HTTP-Method-Override', 'Content-Type': 'application/json; charset=utf-8', 'Content-Length': '65', 'ETag': 'W/"41-amq6EX4o2FgPj0Am0L8zlLedA3c"', 'Date': 'Tue, 05 Aug 2025 01:54:40 GMT', 'Connection': 'keep-alive', 'Keep-Alive': 'timeout=600'})</msg>
<msg time="2025-08-05T08:54:40.074350" level="DEBUG">Finished Request</msg>
<msg time="2025-08-05T08:54:40.074504" level="INFO">xpath criteria: //XCUIElementTypeButton[@name="Watchlist"]</msg>
<arg>${watchlist_tab}</arg>
<doc>Click element identified by `locator`.</doc>
<status status="PASS" start="2025-08-05T08:54:39.434355" elapsed="0.640266"/>
</kw>
<status status="PASS" start="2025-08-05T08:54:39.434233" elapsed="0.640571"/>
</kw>
<kw name="User tap on Name column" owner="WatchlistScreen">
<kw name="Sleep" owner="BuiltIn">
<msg time="2025-08-05T08:54:45.077291" level="INFO">Slept 5 seconds.</msg>
<arg>5s</arg>
<doc>Pauses the test executed for the given time.</doc>
<status status="PASS" start="2025-08-05T08:54:40.075819" elapsed="5.001725"/>
</kw>
<kw name="Click Element" owner="AppiumLibrary">
<msg time="2025-08-05T08:54:45.079782" level="INFO">Clicking element '//XCUIElementTypeApplication[@name="[UAT] PHILLIP HK"]/XCUIElementTypeWindow[1]/XCUIElementTypeOther/XCUIElementTypeOther/XCUIElementTypeOther/XCUIElementTypeOther/XCUIElementTypeOther/XCUIElementTypeOther/XCUIElementTypeOther/XCUIElementTypeOther/XCUIElementTypeOther/XCUIElementTypeOther/XCUIElementTypeOther/XCUIElementTypeOther[4]/XCUIElementTypeOther/XCUIElementTypeScrollView/XCUIElementTypeOther/XCUIElementTypeOther[1]/XCUIElementTypeOther/XCUIElementTypeOther[2]/XCUIElementTypeOther/XCUIElementTypeOther/XCUIElementTypeButton'.</msg>
<msg time="2025-08-05T08:54:45.079996" level="DEBUG">POST http://127.0.0.1:4723/session/4e8a78fa-8c76-4474-a3db-efb0b3e36050/elements {'using': 'xpath', 'value': '//XCUIElementTypeApplication[@name="[UAT] PHILLIP HK"]/XCUIElementTypeWindow[1]/XCUIElementTypeOther...'}</msg>
<msg time="2025-08-05T08:54:45.080452" level="DEBUG">Starting new HTTP connection (1): 127.0.0.1:4723</msg>
<msg time="2025-08-05T08:54:46.147733" level="DEBUG">http://127.0.0.1:4723 "POST /session/4e8a78fa-8c76-4474-a3db-efb0b3e36050/elements HTTP/1.1" 200 0</msg>
<msg time="2025-08-05T08:54:46.148031" level="DEBUG">Remote response: status=200 | data={"value":[{"element-6066-11e4-a52e-4f735466cecf":"77050000-0000-0000-4122-000000000000","ELEMENT":"77050000-0000-0000-4122-000000000000"}]} | headers=HTTPHeaderDict({'X-Powered-By': 'Express', 'Vary': 'X-HTTP-Method-Override', 'Content-Type': 'application/json; charset=utf-8', 'Content-Length': '139', 'ETag': 'W/"8b-AvCXI0ok1cZ6Jxw8X9yZKma91XE"', 'Date': 'Tue, 05 Aug 2025 01:54:46 GMT', 'Connection': 'keep-alive', 'Keep-Alive': 'timeout=600'})</msg>
<msg time="2025-08-05T08:54:46.148379" level="DEBUG">Finished Request</msg>
<msg time="2025-08-05T08:54:46.148742" level="DEBUG">POST http://127.0.0.1:4723/session/4e8a78fa-8c76-4474-a3db-efb0b3e36050/element/77050000-0000-0000-4122-000000000000/click {}</msg>
<msg time="2025-08-05T08:54:46.149544" level="DEBUG">Starting new HTTP connection (1): 127.0.0.1:4723</msg>
<msg time="2025-08-05T08:54:46.725180" level="DEBUG">http://127.0.0.1:4723 "POST /session/4e8a78fa-8c76-4474-a3db-efb0b3e36050/element/77050000-0000-0000-4122-000000000000/click HTTP/1.1" 200 0</msg>
<msg time="2025-08-05T08:54:46.725483" level="DEBUG">Remote response: status=200 | data={"value":null,"sessionId":"4e8a78fa-8c76-4474-a3db-efb0b3e36050"} | headers=HTTPHeaderDict({'X-Powered-By': 'Express', 'Vary': 'X-HTTP-Method-Override', 'Content-Type': 'application/json; charset=utf-8', 'Content-Length': '65', 'ETag': 'W/"41-amq6EX4o2FgPj0Am0L8zlLedA3c"', 'Date': 'Tue, 05 Aug 2025 01:54:46 GMT', 'Connection': 'keep-alive', 'Keep-Alive': 'timeout=600'})</msg>
<msg time="2025-08-05T08:54:46.725650" level="DEBUG">Finished Request</msg>
<msg time="2025-08-05T08:54:46.725899" level="INFO">xpath criteria: //XCUIElementTypeApplication[@name="[UAT] PHILLIP HK"]/XCUIElementTypeWindow[1]/XCUIElementTypeOther/XCUIElementTypeOther/XCUIElementTypeOther/XCUIElementTypeOther/XCUIElementTypeOther/XCUIElementTypeOther/XCUIElementTypeOther/XCUIElementTypeOther/XCUIElementTypeOther/XCUIElementTypeOther/XCUIElementTypeOther/XCUIElementTypeOther[4]/XCUIElementTypeOther/XCUIElementTypeScrollView/XCUIElementTypeOther/XCUIElementTypeOther[1]/XCUIElementTypeOther/XCUIElementTypeOther[2]/XCUIElementTypeOther/XCUIElementTypeOther/XCUIElementTypeButton</msg>
<arg>${name_column}</arg>
<doc>Click element identified by `locator`.</doc>
<status status="PASS" start="2025-08-05T08:54:45.077914" elapsed="1.648108"/>
</kw>
<status status="PASS" start="2025-08-05T08:54:40.075256" elapsed="6.650933"/>
</kw>
<kw name="User see Name List is sorted" owner="WatchlistScreen">
<kw name="Verify Name and Sort" owner="Sorting">
<kw name="Get Webelements" owner="AppiumLibrary">
<msg time="2025-08-05T08:54:46.728242" level="DEBUG">POST http://127.0.0.1:4723/session/4e8a78fa-8c76-4474-a3db-efb0b3e36050/elements {'using': 'xpath', 'value': '//XCUIElementTypeCell/XCUIElementTypeStaticText[1]'}</msg>
<msg time="2025-08-05T08:54:46.728907" level="DEBUG">Starting new HTTP connection (1): 127.0.0.1:4723</msg>
<msg time="2025-08-05T08:54:54.170659" level="DEBUG">http://127.0.0.1:4723 "POST /session/4e8a78fa-8c76-4474-a3db-efb0b3e36050/elements HTTP/1.1" 200 0</msg>
<msg time="2025-08-05T08:54:54.170958" level="DEBUG">Remote response: status=200 | data={"value":[{"element-6066-11e4-a52e-4f735466cecf":"CF040000-0000-0000-4122-000000000000","ELEMENT":"CF040000-0000-0000-4122-000000000000"},{"element-6066-11e4-a52e-4f735466cecf":"55050000-0000-0000-4122-000000000000","ELEMENT":"55050000-0000-0000-4122-000000000000"},{"element-6066-11e4-a52e-4f735466cecf":"2F040000-0000-0000-4122-000000000000","ELEMENT":"2F040000-0000-0000-4122-000000000000"},{"element-6066-11e4-a52e-4f735466cecf":"B7040000-0000-0000-4122-000000000000","ELEMENT":"B7040000-0000-0000-4122-000000000000"},{"element-6066-11e4-a52e-4f735466cecf":"3F050000-0000-0000-4122-000000000000","ELEMENT":"3F050000-0000-0000-4122-000000000000"},{"element-6066-11e4-a52e-4f735466cecf":"9F040000-0000-0000-4122-000000000000","ELEMENT":"9F040000-0000-0000-4122-000000000000"},{"element-6066-11e4-a52e-4f735466cecf":"27050000-0000-0000-4122-000000000000","ELEMENT":"27050000-0000-0000-4122-000000000000"},{"element-6066-11e4-a52e-4f735466cecf":"87040000-0000-0000-4122-000000000000","ELEMENT":"87040000-0000-0000-4122-000000000000"},{"element-6066-11e4-a52e-4f735466cecf":"0F050000-0000-0000-4122-000000000000","ELEMENT":"0F050000-0000-0000-4122-000000000000"},{"element-6066-11e4-a52e-4f735466cecf":"6F040000-0000-0000-4122-000000000000","ELEMENT":"6F040000-0000-0000-4122-000000000000"},{"element-6066-11e4-a52e-4f735466cecf":"BF050000-0000-0000-4122-000000000000","ELEMENT":"BF050000-0000-0000-4122-000000000000"},{"element-6066-11e4-a52e-4f735466cecf":"C7050000-0000-0000-4122-000000000000","ELEMENT":"C7050000-0000-0000-4122-000000000000"},{"element-6066-11e4-a52e-4f735466cecf":"CF050000-0000-0000-4122-000000000000","ELEMENT":"CF050000-0000-0000-4122-000000000000"},{"element-6066-11e4-a52e-4f735466cecf":"D7050000-0000-0000-4122-000000000000","ELEMENT":"D7050000-0000-0000-4122-000000000000"},{"element-6066-11e4-a52e-4f735466cecf":"DF050000-0000-0000-4122-000000000000","ELEMENT":"DF050000-0000-0000-4122-000000000000"},{"element-6066-11e4-a52e-4f735466cecf":"E7050000-0000-0000-4122-000000000000","ELEMENT":"E7050000-0000-0000-4122-000000000000"},{"element-6066-11e4-a52e-4f735466cecf":"EF050000-0000-0000-4122-000000000000","ELEMENT":"EF050000-0000-0000-4122-000000000000"},{"element-6066-11e4-a52e-4f735466cecf":"F7050000-0000-0000-4122-000000000000","ELEMENT":"F7050000-0000-0000-4122-000000000000"},{"element-6066-11e4-a52e-4f735466cecf":"FF050000-0000-0000-4122-000000000000","ELEMENT":"FF050000-0000-0000-4122-000000000000"},{"element-6066-11e4-a52e-4f735466cecf":"07060000-0000-0000-4122-000000000000","ELEMENT":"07060000-0000-0000-4122-000000000000"},{"element-6066-11e4-a52e-4f735466cecf":"0F060000-0000-0000-4122-000000000000","ELEMENT":"0F060000-0000-0000-4122-000000000000"},{"element-6066-11e4-a52e-4f735466cecf":"17060000-0000-0000-4122-000000000000","ELEMENT":"17060000-0000-0000-4122-000000000000"},{"element-6066-11e4-a52e-4f735466cecf":"1F060000-0000-0000-4122-000000000000","ELEMENT":"1F060000-0000-0000-4122-000000000000"},{"element-6066-11e4-a52e-4f735466cecf":"27060000-0000-0000-4122-000000000000","ELEMENT":"27060000-0000-0000-4122-000000000000"},{"element-6066-11e4-a52e-4f735466cecf":"2F060000-0000-0000-4122-000000000000","ELEMENT":"2F060000-0000-0000-4122-000000000000"},{"element-6066-11e4-a52e-4f735466cecf":"37060000-0000-0000-4122-000000000000","ELEMENT":"37060000-0000-0000-4122-000000000000"},{"element-6066-11e4-a52e-4f735466cecf":"3F060000-0000-0000-4122-000000000000","ELEMENT":"3F060000-0000-0000-4122-000000000000"},{"element-6066-11e4-a52e-4f735466cecf":"47060000-0000-0000-4122-000000000000","ELEMENT":"47060000-0000-0000-4122-000000000000"},{"element-6066-11e4-a52e-4f735466cecf":"4F060000-0000-0000-4122-000000000000","ELEMENT":"4F060000-0000-0000-4122-000000000000"},{"element-6066-11e4-a52e-4f735466cecf":"57060000-0000-0000-4122-000000000000","ELEMENT":"57060000-0000-0000-4122-000000000000"},{"element-6066-11e4-a52e-4f735466cecf":"5F060000-0000-0000-4122-000000000000","ELEMENT":"5F060000-0000-0000-4122-000000000000"},{"element-6066-11e4-a52e-4f735466cecf":"67060000-0000-0000-4122-000000000000","ELEMENT":"67060000-0000-0000-4122-000000000000"},{"element-6066-11e4-a52e-4f735466cecf":"6F060000-0000-0000-4122-000000000000","ELEMENT":"6F060000-0000-0000-4122-000000000000"},{"element-6066-11e4-a52e-4f735466cecf":"77060000-0000-0000-4122-000000000000","ELEMENT":"77060000-0000-0000-4122-000000000000"},{"element-6066-11e4-a52e-4f735466cecf":"7F060000-0000-0000-4122-000000000000","ELEMENT":"7F060000-0000-0000-4122-000000000000"},{"element-6066-11e4-a52e-4f735466cecf":"87060000-0000-0000-4122-000000000000","ELEMENT":"87060000-0000-0000-4122-000000000000"},{"element-6066-11e4-a52e-4f735466cecf":"8F060000-0000-0000-4122-000000000000","ELEMENT":"8F060000-0000-0000-4122-000000000000"},{"element-6066-11e4-a52e-4f735466cecf":"97060000-0000-0000-4122-000000000000","ELEMENT":"97060000-0000-0000-4122-000000000000"},{"element-6066-11e4-a52e-4f735466cecf":"9F060000-0000-0000-4122-000000000000","ELEMENT":"9F060000-0000-0000-4122-000000000000"},{"element-6066-11e4-a52e-4f735466cecf":"A7060000-0000-0000-4122-000000000000","ELEMENT":"A7060000-0000-0000-4122-000000000000"},{"element-6066-11e4-a52e-4f735466cecf":"AF060000-0000-0000-4122-000000000000","ELEMENT":"AF060000-0000-0000-4122-000000000000"},{"element-6066-11e4-a52e-4f735466cecf":"B7060000-0000-0000-4122-000000000000","ELEMENT":"B7060000-0000-0000-4122-000000000000"},{"element-6066-11e4-a52e-4f735466cecf":"BF060000-0000-0000-4122-000000000000","ELEMENT":"BF060000-0000-0000-4122-000000000000"},{"element-6066-11e4-a52e-4f735466cecf":"C7060000-0000-0000-4122-000000000000","ELEMENT":"C7060000-0000-0000-4122-000000000000"},{"element-6066-11e4-a52e-4f735466cecf":"CF060000-0000-0000-4122-000000000000","ELEMENT":"CF060000-0000-0000-4122-000000000000"},{"element-6066-11e4-a52e-4f735466cecf":"D7060000-0000-0000-4122-000000000000","ELEMENT":"D7060000-0000-0000-4122-000000000000"},{"element-6066-11e4-a52e-4f735466cecf":"DF060000-0000-0000-4122-000000000000","ELEMENT":"DF060000-0000-0000-4122-000000000000"},{"element-6066-11e4-a52e-4f735466cecf":"E7060000-0000-0000-4122-000000000000","ELEMENT":"E7060000-0000-0000-4122-000000000000"},{"element-6066-11e4-a52e-4f735466cecf":"ED060000-0000-0000-4122-000000000000","ELEMENT":"ED060000-0000-0000-4122-000000000000"},{"element-6066-11e4-a52e-4f735466cecf":"F3060000-0000-0000-4122-000000000000","ELEMENT":"F3060000-0000-0000-4122-000000000000"}]} | headers=HTTPHeaderDict({'X-Powered-By': 'Express', 'Vary': 'X-HTTP-Method-Override', 'Content-Type': 'application/json; charset=utf-8', 'Content-Length': '6411', 'ETag': 'W/"190b-ViJv0ElH1gCzpYqdQVUenaOPYJE"', 'Date': 'Tue, 05 Aug 2025 01:54:54 GMT', 'Connection': 'keep-alive', 'Keep-Alive': 'timeout=600'})</msg>
<msg time="2025-08-05T08:54:54.171490" level="DEBUG">Finished Request</msg>
<msg time="2025-08-05T08:54:54.171829" level="INFO">xpath criteria: //XCUIElementTypeCell/XCUIElementTypeStaticText[1]</msg>
<msg time="2025-08-05T08:54:54.172296" level="INFO">@{elements} = [ &lt;appium.webdriver.webelement.WebElement (session="4e8a78fa-8c76-4474-a3db-efb0b3e36050", element="CF040000-0000-0000-4122-000000000000")&gt; | &lt;appium.webdriver.webelement.WebElement (session="4e8a78fa...</msg>
<var>@{elements}</var>
<arg>//XCUIElementTypeCell/XCUIElementTypeStaticText[1]</arg>
<doc>Returns list of [http://selenium-python.readthedocs.io/api.html#module-selenium.webdriver.remote.webelement|WebElement] objects matching ``locator``.</doc>
<status status="PASS" start="2025-08-05T08:54:46.727808" elapsed="7.444561"/>
</kw>
<kw name="Create List" owner="BuiltIn">
<msg time="2025-08-05T08:54:54.172945" level="INFO">@{PriceList} = [ ]</msg>
<var>@{PriceList}</var>
<doc>Returns a list containing given items.</doc>
<status status="PASS" start="2025-08-05T08:54:54.172690" elapsed="0.000286"/>
</kw>
<for flavor="IN">
<iter>
<kw name="Get Element Attribute" owner="AppiumLibrary">
<msg time="2025-08-05T08:54:54.173665" level="DEBUG">GET http://127.0.0.1:4723/session/4e8a78fa-8c76-4474-a3db-efb0b3e36050/element/CF040000-0000-0000-4122-000000000000/attribute/label {}</msg>
<msg time="2025-08-05T08:54:54.174096" level="DEBUG">Starting new HTTP connection (1): 127.0.0.1:4723</msg>
<msg time="2025-08-05T08:54:54.312851" level="DEBUG">http://127.0.0.1:4723 "GET /session/4e8a78fa-8c76-4474-a3db-efb0b3e36050/element/CF040000-0000-0000-4122-000000000000/attribute/label HTTP/1.1" 200 0</msg>
<msg time="2025-08-05T08:54:54.313184" level="DEBUG">Remote response: status=200 | data={"value":"1,222.7600"} | headers=HTTPHeaderDict({'X-Powered-By': 'Express', 'Content-Type': 'application/json; charset=utf-8', 'Content-Length': '22', 'ETag': 'W/"16-v5PoV+XpBo9DrV0og5TNH1K0bQQ"', 'Date': 'Tue, 05 Aug 2025 01:54:54 GMT', 'Connection': 'keep-alive', 'Keep-Alive': 'timeout=600'})</msg>
<msg time="2025-08-05T08:54:54.313338" level="DEBUG">Finished Request</msg>
<msg time="2025-08-05T08:54:54.315354" level="INFO">Element '&lt;appium.webdriver.webelement.WebElement (session="4e8a78fa-8c76-4474-a3db-efb0b3e36050", element="CF040000-0000-0000-4122-000000000000")&gt;' attribute 'label' value '1,222.7600' </msg>
<msg time="2025-08-05T08:54:54.315464" level="INFO">${text} = 1,222.7600</msg>
<var>${text}</var>
<arg>${el}</arg>
<arg>label</arg>
<doc>Get element attribute using given attribute: name, value,...</doc>
<status status="PASS" start="2025-08-05T08:54:54.173399" elapsed="0.142090"/>
</kw>
<kw name="Append To List" owner="Collections">
<arg>${PriceList}</arg>
<arg>${text}</arg>
<doc>Adds ``values`` to the end of ``list``.</doc>
<status status="PASS" start="2025-08-05T08:54:54.315654" elapsed="0.000181"/>
</kw>
<var name="${el}">&lt;appium.webdriver.webelement.WebElement (session="4e8a78fa-8c76-4474-a3db-efb0b3e36050", element="CF040000-0000-0000-4122-000000000000")&gt;</var>
<status status="PASS" start="2025-08-05T08:54:54.173286" elapsed="0.142588"/>
</iter>
<iter>
<kw name="Get Element Attribute" owner="AppiumLibrary">
<msg time="2025-08-05T08:54:54.316398" level="DEBUG">GET http://127.0.0.1:4723/session/4e8a78fa-8c76-4474-a3db-efb0b3e36050/element/55050000-0000-0000-4122-000000000000/attribute/label {}</msg>
<msg time="2025-08-05T08:54:54.316998" level="DEBUG">Starting new HTTP connection (1): 127.0.0.1:4723</msg>
<msg time="2025-08-05T08:54:54.462473" level="DEBUG">http://127.0.0.1:4723 "GET /session/4e8a78fa-8c76-4474-a3db-efb0b3e36050/element/55050000-0000-0000-4122-000000000000/attribute/label HTTP/1.1" 200 0</msg>
[...]
<msg time="2025-08-05T08:55:00.201404" level="DEBUG">http://127.0.0.1:4723 "GET /session/4e8a78fa-8c76-4474-a3db-efb0b3e36050/element/B7060000-0000-0000-4122-000000000000/attribute/label HTTP/1.1" 200 0</msg>
<msg time="2025-08-05T08:55:00.201699" level="DEBUG">Remote response: status=200 | data={"value":"2.7900"} | headers=HTTPHeaderDict({'X-Powered-By': 'Express', 'Content-Type': 'application/json; charset=utf-8', 'Content-Length': '18', 'ETag': 'W/"12-2qbsYKcSOMhcULR/ULkFlWugQfo"', 'Date': 'Tue, 05 Aug 2025 01:55:00 GMT', 'Connection': 'keep-alive', 'Keep-Alive': 'timeout=600'})</msg>
<msg time="2025-08-05T08:55:00.201867" level="DEBUG">Finished Request</msg>
<msg time="2025-08-05T08:55:00.204587" level="INFO">Element '&lt;appium.webdriver.webelement.WebElement (session="4e8a78fa-8c76-4474-a3db-efb0b3e36050", element="B7060000-0000-0000-4122-000000000000")&gt;' attribute 'label' value '2.7900' </msg>
<msg time="2025-08-05T08:55:00.204778" level="INFO">${text} = 2.7900</msg>
<var>${text}</var>
<arg>${el}</arg>
<arg>label</arg>
<doc>Get element attribute using given attribute: name, value,...</doc>
<status status="PASS" start="2025-08-05T08:55:00.061952" elapsed="0.142860"/>
</kw>
<kw name="Append To List" owner="Collections">
<arg>${PriceList}</arg>
<arg>${text}</arg>
<doc>Adds ``values`` to the end of ``list``.</doc>
<status status="PASS" start="2025-08-05T08:55:00.205015" elapsed="0.000221"/>
</kw>
<var name="${el}">&lt;appium.webdriver.webelement.WebElement (session="4e8a78fa-8c76-4474-a3db-efb0b3e36050", element="B7060000-0000-0000-4122-000000000000")&gt;</var>
<status status="PASS" start="2025-08-05T08:55:00.061872" elapsed="0.143411"/>
</iter>
<iter>
<kw name="Get Element Attribute" owner="AppiumLibrary">
<msg time="2025-08-05T08:55:00.205771" level="DEBUG">GET http://127.0.0.1:4723/session/4e8a78fa-8c76-4474-a3db-efb0b3e36050/element/BF060000-0000-0000-4122-000000000000/attribute/label {}</msg>
<msg time="2025-08-05T08:55:00.206211" level="DEBUG">Starting new HTTP connection (1): 127.0.0.1:4723</msg>
<msg time="2025-08-05T08:55:00.344213" level="DEBUG">http://127.0.0.1:4723 "GET /session/4e8a78fa-8c76-4474-a3db-efb0b3e36050/element/BF060000-0000-0000-4122-000000000000/attribute/label HTTP/1.1" 200 0</msg>
<msg time="2025-08-05T08:55:00.344502" level="DEBUG">Remote response: status=200 | data={"value":"1.8900"} | headers=HTTPHeaderDict({'X-Powered-By': 'Express', 'Content-Type': 'application/json; charset=utf-8', 'Content-Length': '18', 'ETag': 'W/"12-HgLN+OHpqRdo+DkPxr3XQXxtv5U"', 'Date': 'Tue, 05 Aug 2025 01:55:00 GMT', 'Connection': 'keep-alive', 'Keep-Alive': 'timeout=600'})</msg>
<msg time="2025-08-05T08:55:00.344664" level="DEBUG">Finished Request</msg>
<msg time="2025-08-05T08:55:00.346956" level="INFO">Element '&lt;appium.webdriver.webelement.WebElement (session="4e8a78fa-8c76-4474-a3db-efb0b3e36050", element="BF060000-0000-0000-4122-000000000000")&gt;' attribute 'label' value '1.8900' </msg>
<msg time="2025-08-05T08:55:00.347089" level="INFO">${text} = 1.8900</msg>
<var>${text}</var>
<arg>${el}</arg>
<arg>label</arg>
<doc>Get element attribute using given attribute: name, value,...</doc>
<status status="PASS" start="2025-08-05T08:55:00.205521" elapsed="0.141599"/>
</kw>
<kw name="Append To List" owner="Collections">
<arg>${PriceList}</arg>
<arg>${text}</arg>
<doc>Adds ``values`` to the end of ``list``.</doc>
<status status="PASS" start="2025-08-05T08:55:00.347313" elapsed="0.000212"/>
</kw>
<var name="${el}">&lt;appium.webdriver.webelement.WebElement (session="4e8a78fa-8c76-4474-a3db-efb0b3e36050", element="BF060000-0000-0000-4122-000000000000")&gt;</var>
<status status="PASS" start="2025-08-05T08:55:00.205422" elapsed="0.142150"/>
</iter>
<iter>
<kw name="Get Element Attribute" owner="AppiumLibrary">
<msg time="2025-08-05T08:55:00.348052" level="DEBUG">GET http://127.0.0.1:4723/session/4e8a78fa-8c76-4474-a3db-efb0b3e36050/element/C7060000-0000-0000-4122-000000000000/attribute/label {}</msg>
<msg time="2025-08-05T08:55:00.348519" level="DEBUG">Starting new HTTP connection (1): 127.0.0.1:4723</msg>
<msg time="2025-08-05T08:55:00.488204" level="DEBUG">http://127.0.0.1:4723 "GET /session/4e8a78fa-8c76-4474-a3db-efb0b3e36050/element/C7060000-0000-0000-4122-000000000000/attribute/label HTTP/1.1" 200 0</msg>
<msg time="2025-08-05T08:55:00.488492" level="DEBUG">Remote response: status=200 | data={"value":"1.4700"} | headers=HTTPHeaderDict({'X-Powered-By': 'Express', 'Content-Type': 'application/json; charset=utf-8', 'Content-Length': '18', 'ETag': 'W/"12-YS9dWd/2oZmBZKpKD0L9ujgffP4"', 'Date': 'Tue, 05 Aug 2025 01:55:00 GMT', 'Connection': 'keep-alive', 'Keep-Alive': 'timeout=600'})</msg>
<msg time="2025-08-05T08:55:00.488669" level="DEBUG">Finished Request</msg>
<msg time="2025-08-05T08:55:00.491264" level="INFO">Element '&lt;appium.webdriver.webelement.WebElement (session="4e8a78fa-8c76-4474-a3db-efb0b3e36050", element="C7060000-0000-0000-4122-000000000000")&gt;' attribute 'label' value '1.4700' </msg>
<msg time="2025-08-05T08:55:00.491395" level="INFO">${text} = 1.4700</msg>
<var>${text}</var>
<arg>${el}</arg>
<arg>label</arg>
<doc>Get element attribute using given attribute: name, value,...</doc>
<status status="PASS" start="2025-08-05T08:55:00.347807" elapsed="0.143620"/>
</kw>
<kw name="Append To List" owner="Collections">
<arg>${PriceList}</arg>
<arg>${text}</arg>
<doc>Adds ``values`` to the end of ``list``.</doc>
<status status="PASS" start="2025-08-05T08:55:00.491621" elapsed="0.000216"/>
</kw>
<var name="${el}">&lt;appium.webdriver.webelement.WebElement (session="4e8a78fa-8c76-4474-a3db-efb0b3e36050", element="C7060000-0000-0000-4122-000000000000")&gt;</var>
<status status="PASS" start="2025-08-05T08:55:00.347710" elapsed="0.144175"/>
</iter>
<iter>
<kw name="Get Element Attribute" owner="AppiumLibrary">
<msg time="2025-08-05T08:55:00.492371" level="DEBUG">GET http://127.0.0.1:4723/session/4e8a78fa-8c76-4474-a3db-efb0b3e36050/element/CF060000-0000-0000-4122-000000000000/attribute/label {}</msg>
<msg time="2025-08-05T08:55:00.492807" level="DEBUG">Starting new HTTP connection (1): 127.0.0.1:4723</msg>
<msg time="2025-08-05T08:55:00.636518" level="DEBUG">http://127.0.0.1:4723 "GET /session/4e8a78fa-8c76-4474-a3db-efb0b3e36050/element/CF060000-0000-0000-4122-000000000000/attribute/label HTTP/1.1" 200 0</msg>
<msg time="2025-08-05T08:55:00.636959" level="DEBUG">Remote response: status=200 | data={"value":"0.7299"} | headers=HTTPHeaderDict({'X-Powered-By': 'Express', 'Content-Type': 'application/json; charset=utf-8', 'Content-Length': '18', 'ETag': 'W/"12-1xCb+W7GatMolF4WJpRfjsZE7nU"', 'Date': 'Tue, 05 Aug 2025 01:55:00 GMT', 'Connection': 'keep-alive', 'Keep-Alive': 'timeout=600'})</msg>
<msg time="2025-08-05T08:55:00.637146" level="DEBUG">Finished Request</msg>
<msg time="2025-08-05T08:55:00.639650" level="INFO">Element '&lt;appium.webdriver.webelement.WebElement (session="4e8a78fa-8c76-4474-a3db-efb0b3e36050", element="CF060000-0000-0000-4122-000000000000")&gt;' attribute 'label' value '0.7299' </msg>
<msg time="2025-08-05T08:55:00.639777" level="INFO">${text} = 0.7299</msg>
<var>${text}</var>
<arg>${el}</arg>
<arg>label</arg>
<doc>Get element attribute using given attribute: name, value,...</doc>
<status status="PASS" start="2025-08-05T08:55:00.492123" elapsed="0.147686"/>
</kw>
<kw name="Append To List" owner="Collections">
<arg>${PriceList}</arg>
<arg>${text}</arg>
<doc>Adds ``values`` to the end of ``list``.</doc>
<status status="PASS" start="2025-08-05T08:55:00.640006" elapsed="0.000214"/>
</kw>
<var name="${el}">&lt;appium.webdriver.webelement.WebElement (session="4e8a78fa-8c76-4474-a3db-efb0b3e36050", element="CF060000-0000-0000-4122-000000000000")&gt;</var>
<status status="PASS" start="2025-08-05T08:55:00.492022" elapsed="0.148244"/>
</iter>
<iter>
<kw name="Get Element Attribute" owner="AppiumLibrary">
<msg time="2025-08-05T08:55:00.640745" level="DEBUG">GET http://127.0.0.1:4723/session/4e8a78fa-8c76-4474-a3db-efb0b3e36050/element/D7060000-0000-0000-4122-000000000000/attribute/label {}</msg>
<msg time="2025-08-05T08:55:00.641184" level="DEBUG">Starting new HTTP connection (1): 127.0.0.1:4723</msg>
<msg time="2025-08-05T08:55:00.779184" level="DEBUG">http://127.0.0.1:4723 "GET /session/4e8a78fa-8c76-4474-a3db-efb0b3e36050/element/D7060000-0000-0000-4122-000000000000/attribute/label HTTP/1.1" 200 0</msg>
<msg time="2025-08-05T08:55:00.779471" level="DEBUG">Remote response: status=200 | data={"value":"0.2000"} | headers=HTTPHeaderDict({'X-Powered-By': 'Express', 'Content-Type': 'application/json; charset=utf-8', 'Content-Length': '18', 'ETag': 'W/"12-ezYJmzHparQECh+Ml0kH0ifIk84"', 'Date': 'Tue, 05 Aug 2025 01:55:00 GMT', 'Connection': 'keep-alive', 'Keep-Alive': 'timeout=600'})</msg>
<msg time="2025-08-05T08:55:00.779638" level="DEBUG">Finished Request</msg>
<msg time="2025-08-05T08:55:00.782086" level="INFO">Element '&lt;appium.webdriver.webelement.WebElement (session="4e8a78fa-8c76-4474-a3db-efb0b3e36050", element="D7060000-0000-0000-4122-000000000000")&gt;' attribute 'label' value '0.2000' </msg>
<msg time="2025-08-05T08:55:00.782220" level="INFO">${text} = 0.2000</msg>
<var>${text}</var>
<arg>${el}</arg>
<arg>label</arg>
<doc>Get element attribute using given attribute: name, value,...</doc>
<status status="PASS" start="2025-08-05T08:55:00.640503" elapsed="0.141749"/>
</kw>
<kw name="Append To List" owner="Collections">
<arg>${PriceList}</arg>
<arg>${text}</arg>
<doc>Adds ``values`` to the end of ``list``.</doc>
<status status="PASS" start="2025-08-05T08:55:00.782453" elapsed="0.000218"/>
</kw>
<var name="${el}">&lt;appium.webdriver.webelement.WebElement (session="4e8a78fa-8c76-4474-a3db-efb0b3e36050", element="D7060000-0000-0000-4122-000000000000")&gt;</var>
<status status="PASS" start="2025-08-05T08:55:00.640405" elapsed="0.142317"/>
</iter>
<iter>
<kw name="Get Element Attribute" owner="AppiumLibrary">
<msg time="2025-08-05T08:55:00.783226" level="DEBUG">GET http://127.0.0.1:4723/session/4e8a78fa-8c76-4474-a3db-efb0b3e36050/element/DF060000-0000-0000-4122-000000000000/attribute/label {}</msg>
<msg time="2025-08-05T08:55:00.783755" level="DEBUG">Starting new HTTP connection (1): 127.0.0.1:4723</msg>
<msg time="2025-08-05T08:55:00.922607" level="DEBUG">http://127.0.0.1:4723 "GET /session/4e8a78fa-8c76-4474-a3db-efb0b3e36050/element/DF060000-0000-0000-4122-000000000000/attribute/label HTTP/1.1" 200 0</msg>
<msg time="2025-08-05T08:55:00.922904" level="DEBUG">Remote response: status=200 | data={"value":"-"} | headers=HTTPHeaderDict({'X-Powered-By': 'Express', 'Content-Type': 'application/json; charset=utf-8', 'Content-Length': '13', 'ETag': 'W/"d-woM7cZuHQyEE7OJTSE/7qJtNTVg"', 'Date': 'Tue, 05 Aug 2025 01:55:00 GMT', 'Connection': 'keep-alive', 'Keep-Alive': 'timeout=600'})</msg>
<msg time="2025-08-05T08:55:00.923068" level="DEBUG">Finished Request</msg>
<msg time="2025-08-05T08:55:00.924926" level="INFO">Element '&lt;appium.webdriver.webelement.WebElement (session="4e8a78fa-8c76-4474-a3db-efb0b3e36050", element="DF060000-0000-0000-4122-000000000000")&gt;' attribute 'label' value '-' </msg>
<msg time="2025-08-05T08:55:00.925054" level="INFO">${text} = -</msg>
<var>${text}</var>
<arg>${el}</arg>
<arg>label</arg>
<doc>Get element attribute using given attribute: name, value,...</doc>
<status status="PASS" start="2025-08-05T08:55:00.782968" elapsed="0.142117"/>
</kw>
<kw name="Append To List" owner="Collections">
<arg>${PriceList}</arg>
<arg>${text}</arg>
<doc>Adds ``values`` to the end of ``list``.</doc>
<status status="PASS" start="2025-08-05T08:55:00.925283" elapsed="0.000217"/>
</kw>
<var name="${el}">&lt;appium.webdriver.webelement.WebElement (session="4e8a78fa-8c76-4474-a3db-efb0b3e36050", element="DF060000-0000-0000-4122-000000000000")&gt;</var>
<status status="PASS" start="2025-08-05T08:55:00.782863" elapsed="0.142688"/>
</iter>
<iter>
<kw name="Get Element Attribute" owner="AppiumLibrary">
<msg time="2025-08-05T08:55:00.926083" level="DEBUG">GET http://127.0.0.1:4723/session/4e8a78fa-8c76-4474-a3db-efb0b3e36050/element/E7060000-0000-0000-4122-000000000000/attribute/label {}</msg>
<msg time="2025-08-05T08:55:00.926469" level="DEBUG">Starting new HTTP connection (1): 127.0.0.1:4723</msg>
<msg time="2025-08-05T08:55:01.067847" level="DEBUG">http://127.0.0.1:4723 "GET /session/4e8a78fa-8c76-4474-a3db-efb0b3e36050/element/E7060000-0000-0000-4122-000000000000/attribute/label HTTP/1.1" 200 0</msg>
<msg time="2025-08-05T08:55:01.068046" level="DEBUG">Remote response: status=200 | data={"value":"-"} | headers=HTTPHeaderDict({'X-Powered-By': 'Express', 'Content-Type': 'application/json; charset=utf-8', 'Content-Length': '13', 'ETag': 'W/"d-woM7cZuHQyEE7OJTSE/7qJtNTVg"', 'Date': 'Tue, 05 Aug 2025 01:55:01 GMT', 'Connection': 'keep-alive', 'Keep-Alive': 'timeout=600'})</msg>
<msg time="2025-08-05T08:55:01.068139" level="DEBUG">Finished Request</msg>
<msg time="2025-08-05T08:55:01.069578" level="INFO">Element '&lt;appium.webdriver.webelement.WebElement (session="4e8a78fa-8c76-4474-a3db-efb0b3e36050", element="E7060000-0000-0000-4122-000000000000")&gt;' attribute 'label' value '-' </msg>
<msg time="2025-08-05T08:55:01.069777" level="INFO">${text} = -</msg>
<var>${text}</var>
<arg>${el}</arg>
<arg>label</arg>
<doc>Get element attribute using given attribute: name, value,...</doc>
<status status="PASS" start="2025-08-05T08:55:00.925802" elapsed="0.144007"/>
</kw>
<kw name="Append To List" owner="Collections">
<arg>${PriceList}</arg>
<arg>${text}</arg>
<doc>Adds ``values`` to the end of ``list``.</doc>
<status status="PASS" start="2025-08-05T08:55:01.070011" elapsed="0.000215"/>
</kw>
<var name="${el}">&lt;appium.webdriver.webelement.WebElement (session="4e8a78fa-8c76-4474-a3db-efb0b3e36050", element="E7060000-0000-0000-4122-000000000000")&gt;</var>
<status status="PASS" start="2025-08-05T08:55:00.925694" elapsed="0.144581"/>
</iter>
<iter>
<kw name="Get Element Attribute" owner="AppiumLibrary">
<msg time="2025-08-05T08:55:01.070750" level="DEBUG">GET http://127.0.0.1:4723/session/4e8a78fa-8c76-4474-a3db-efb0b3e36050/element/ED060000-0000-0000-4122-000000000000/attribute/label {}</msg>
<msg time="2025-08-05T08:55:01.071185" level="DEBUG">Starting new HTTP connection (1): 127.0.0.1:4723</msg>
<msg time="2025-08-05T08:55:01.209121" level="DEBUG">http://127.0.0.1:4723 "GET /session/4e8a78fa-8c76-4474-a3db-efb0b3e36050/element/ED060000-0000-0000-4122-000000000000/attribute/label HTTP/1.1" 200 0</msg>
<msg time="2025-08-05T08:55:01.209433" level="DEBUG">Remote response: status=200 | data={"value":"-"} | headers=HTTPHeaderDict({'X-Powered-By': 'Express', 'Content-Type': 'application/json; charset=utf-8', 'Content-Length': '13', 'ETag': 'W/"d-woM7cZuHQyEE7OJTSE/7qJtNTVg"', 'Date': 'Tue, 05 Aug 2025 01:55:01 GMT', 'Connection': 'keep-alive', 'Keep-Alive': 'timeout=600'})</msg>
<msg time="2025-08-05T08:55:01.209534" level="DEBUG">Finished Request</msg>
<msg time="2025-08-05T08:55:01.210949" level="INFO">Element '&lt;appium.webdriver.webelement.WebElement (session="4e8a78fa-8c76-4474-a3db-efb0b3e36050", element="ED060000-0000-0000-4122-000000000000")&gt;' attribute 'label' value '-' </msg>
<msg time="2025-08-05T08:55:01.211076" level="INFO">${text} = -</msg>
<var>${text}</var>
<arg>${el}</arg>
<arg>label</arg>
<doc>Get element attribute using given attribute: name, value,...</doc>
<status status="PASS" start="2025-08-05T08:55:01.070510" elapsed="0.140597"/>
</kw>
<kw name="Append To List" owner="Collections">
<arg>${PriceList}</arg>
<arg>${text}</arg>
<doc>Adds ``values`` to the end of ``list``.</doc>
<status status="PASS" start="2025-08-05T08:55:01.211308" elapsed="0.000214"/>
</kw>
<var name="${el}">&lt;appium.webdriver.webelement.WebElement (session="4e8a78fa-8c76-4474-a3db-efb0b3e36050", element="ED060000-0000-0000-4122-000000000000")&gt;</var>
<status status="PASS" start="2025-08-05T08:55:01.070411" elapsed="0.141160"/>
</iter>
<iter>
<kw name="Get Element Attribute" owner="AppiumLibrary">
<msg time="2025-08-05T08:55:01.212048" level="DEBUG">GET http://127.0.0.1:4723/session/4e8a78fa-8c76-4474-a3db-efb0b3e36050/element/F3060000-0000-0000-4122-000000000000/attribute/label {}</msg>
<msg time="2025-08-05T08:55:01.213137" level="DEBUG">Starting new HTTP connection (1): 127.0.0.1:4723</msg>
<msg time="2025-08-05T08:55:01.353653" level="DEBUG">http://127.0.0.1:4723 "GET /session/4e8a78fa-8c76-4474-a3db-efb0b3e36050/element/F3060000-0000-0000-4122-000000000000/attribute/label HTTP/1.1" 200 0</msg>
<msg time="2025-08-05T08:55:01.353817" level="DEBUG">Remote response: status=200 | data={"value":"-"} | headers=HTTPHeaderDict({'X-Powered-By': 'Express', 'Content-Type': 'application/json; charset=utf-8', 'Content-Length': '13', 'ETag': 'W/"d-woM7cZuHQyEE7OJTSE/7qJtNTVg"', 'Date': 'Tue, 05 Aug 2025 01:55:01 GMT', 'Connection': 'keep-alive', 'Keep-Alive': 'timeout=600'})</msg>
<msg time="2025-08-05T08:55:01.353892" level="DEBUG">Finished Request</msg>
<msg time="2025-08-05T08:55:01.355445" level="INFO">Element '&lt;appium.webdriver.webelement.WebElement (session="4e8a78fa-8c76-4474-a3db-efb0b3e36050", element="F3060000-0000-0000-4122-000000000000")&gt;' attribute 'label' value '-' </msg>
<msg time="2025-08-05T08:55:01.355556" level="INFO">${text} = -</msg>
<var>${text}</var>
<arg>${el}</arg>
<arg>label</arg>
<doc>Get element attribute using given attribute: name, value,...</doc>
<status status="PASS" start="2025-08-05T08:55:01.211805" elapsed="0.143776"/>
</kw>
<kw name="Append To List" owner="Collections">
<arg>${PriceList}</arg>
<arg>${text}</arg>
<doc>Adds ``values`` to the end of ``list``.</doc>
<status status="PASS" start="2025-08-05T08:55:01.355749" elapsed="0.000168"/>
</kw>
<var name="${el}">&lt;appium.webdriver.webelement.WebElement (session="4e8a78fa-8c76-4474-a3db-efb0b3e36050", element="F3060000-0000-0000-4122-000000000000")&gt;</var>
<status status="PASS" start="2025-08-05T08:55:01.211707" elapsed="0.144246"/>
</iter>
<var>${el}</var>
<value>@{elements}</value>
<status status="PASS" start="2025-08-05T08:54:54.173063" elapsed="7.182928"/>
</for>
<kw name="Evaluate" owner="BuiltIn">
<msg time="2025-08-05T08:55:01.356651" level="INFO">${sorted} = ['1,222.7600', '242.4500', '222.3400', '122.8700', '117.5000', '115.600', '114.8400', '111.4300', '81.6300', '62.1800', '61.3300', '57.6100', '45.8500', '33.3350', '32.3500', '29.1200', '26.7500', '26...</msg>
<var>${sorted}</var>
<arg>sorted(${PriceList}, key=lambda x: float(x.replace(',', '')) if x.replace(',', '').replace('.', '', 1).isdigit() else -1, reverse=True)</arg>
<doc>Evaluates the given expression in Python and returns the result.</doc>
<status status="PASS" start="2025-08-05T08:55:01.356102" elapsed="0.000574"/>
</kw>
<kw name="Should Be Equal" owner="BuiltIn">
<msg time="2025-08-05T08:55:01.356911" level="DEBUG">Argument types are:
&lt;class 'list'&gt;
&lt;class 'list'&gt;</msg>
<arg>${PriceList}</arg>
<arg>${sorted}</arg>
<doc>Fails if the given objects are unequal.</doc>
<status status="PASS" start="2025-08-05T08:55:01.356777" elapsed="0.000196"/>
</kw>
<status status="PASS" start="2025-08-05T08:54:46.727343" elapsed="14.629688"/>
</kw>
<status status="PASS" start="2025-08-05T08:54:46.726615" elapsed="14.630459"/>
</kw>
<tag>Mandatory</tag>
<status status="PASS" start="2025-08-05T08:54:39.434020" elapsed="21.923205"/>
</test>
<status status="PASS" start="2025-08-05T08:54:39.422251" elapsed="21.935250"/>
</suite>
<status status="PASS" start="2025-08-05T08:54:12.492412" elapsed="48.865661"/>
</suite>
<statistics>
<total>
<stat pass="2" fail="0" skip="0">All Tests</stat>
</total>
<tag>
<stat pass="2" fail="0" skip="0">Mandatory</stat>
</tag>
<suite>
<stat name="Ios" id="s1" pass="2" fail="0" skip="0">Ios</stat>
<stat name="Login" id="s1-s1" pass="1" fail="0" skip="0">Ios.Login</stat>
<stat name="Verify sort name" id="s1-s2" pass="1" fail="0" skip="0">Ios.Verify sort name</stat>
</suite>
</statistics>
<errors>
</errors>
</robot>
